2025-06-08 10:31:33,006 [INFO] DatabaseManager - Logger DatabaseManager initialized at level INFO. Log file: job_data/logs/DatabaseManager_20250608_103133.log
2025-06-08 10:31:34,529 [INFO] DatabaseManager - Connected to database: PostgreSQL 15.13 on x86_64-pc-linux-musl, compiled by gcc (Alpine 14.2.0) 14.2.0, 64-bit
2025-06-08 10:31:34,543 [INFO] DatabaseManager - Database connection established and tables verified
2025-06-08 10:31:35,136 [INFO] DatabaseManager - Connected to database: PostgreSQL 15.13 on x86_64-pc-linux-musl, compiled by gcc (Alpine 14.2.0) 14.2.0, 64-bit
2025-06-08 10:31:35,145 [INFO] DatabaseManager - Database connection established and tables verified
2025-06-08 10:31:35,701 [INFO] DatabaseManager - Connected to database: PostgreSQL 15.13 on x86_64-pc-linux-musl, compiled by gcc (Alpine 14.2.0) 14.2.0, 64-bit
2025-06-08 10:31:35,718 [INFO] DatabaseManager - Database connection established and tables verified
2025-06-08 10:31:59,154 [ERROR] DatabaseManager - DEBUG: Potential mismatch at record 20, column 'company_id' - found int value: 7153
2025-06-08 10:31:59,155 [ERROR] DatabaseManager - DEBUG: Potential mismatch at record 22, column 'company_id' - found int value: 130286
2025-06-08 10:31:59,155 [ERROR] DatabaseManager - DEBUG: Potential mismatch at record 42, column 'company_id' - found int value: 21972
2025-06-08 10:31:59,155 [ERROR] DatabaseManager - DEBUG: Potential mismatch at record 54, column 'company_id' - found int value: 14936
2025-06-08 10:31:59,155 [ERROR] DatabaseManager - DEBUG: Potential mismatch at record 55, column 'company_id' - found int value: 133158
2025-06-08 10:31:59,155 [ERROR] DatabaseManager - DEBUG: Potential mismatch at record 57, column 'company_id' - found int value: 86990
2025-06-08 10:31:59,155 [ERROR] DatabaseManager - DEBUG: Potential mismatch at record 68, column 'company_id' - found int value: 59833
2025-06-08 10:31:59,155 [ERROR] DatabaseManager - DEBUG: Potential mismatch at record 69, column 'company_id' - found int value: 11480
2025-06-08 10:31:59,155 [ERROR] DatabaseManager - DEBUG: Potential mismatch at record 70, column 'company_id' - found int value: 57636
2025-06-08 10:31:59,156 [ERROR] DatabaseManager - DEBUG: Potential mismatch at record 71, column 'company_id' - found int value: 61390
2025-06-08 10:31:59,156 [ERROR] DatabaseManager - DEBUG: Potential mismatch at record 72, column 'company_id' - found int value: 3275
2025-06-08 10:31:59,156 [ERROR] DatabaseManager - DEBUG: Potential mismatch at record 75, column 'company_id' - found int value: 57454
2025-06-08 10:31:59,156 [ERROR] DatabaseManager - DEBUG: Potential mismatch at record 81, column 'company_id' - found int value: 34732
2025-06-08 10:31:59,156 [ERROR] DatabaseManager - DEBUG: Potential mismatch at record 82, column 'company_id' - found int value: 124721
2025-06-08 10:31:59,156 [ERROR] DatabaseManager - DEBUG: Potential mismatch at record 83, column 'company_id' - found int value: 15761
2025-06-08 10:31:59,156 [ERROR] DatabaseManager - DEBUG: Potential mismatch at record 93, column 'company_id' - found int value: 15761
2025-06-08 10:31:59,156 [ERROR] DatabaseManager - DEBUG: Potential mismatch at record 98, column 'company_id' - found int value: 21300
2025-06-08 10:31:59,156 [ERROR] DatabaseManager - DEBUG: Potential mismatch at record 99, column 'company_id' - found int value: 91138
2025-06-08 10:31:59,156 [ERROR] DatabaseManager - DEBUG: Potential mismatch at record 100, column 'company_id' - found int value: 50593
2025-06-08 10:31:59,156 [ERROR] DatabaseManager - DEBUG: Potential mismatch at record 101, column 'company_id' - found int value: 15756
2025-06-08 10:31:59,156 [ERROR] DatabaseManager - DEBUG: Potential mismatch at record 102, column 'company_id' - found int value: 461
2025-06-08 10:31:59,156 [ERROR] DatabaseManager - DEBUG: Potential mismatch at record 104, column 'company_id' - found int value: 6833
2025-06-08 10:31:59,156 [ERROR] DatabaseManager - DEBUG: Potential mismatch at record 105, column 'company_id' - found int value: 16906
2025-06-08 10:31:59,156 [ERROR] DatabaseManager - DEBUG: Potential mismatch at record 106, column 'company_id' - found int value: 93899
2025-06-08 10:31:59,156 [ERROR] DatabaseManager - DEBUG: Potential mismatch at record 124, column 'company_id' - found int value: 22516
2025-06-08 10:31:59,156 [ERROR] DatabaseManager - DEBUG: Potential mismatch at record 130, column 'company_id' - found int value: 22516
2025-06-08 10:31:59,156 [ERROR] DatabaseManager - DEBUG: Potential mismatch at record 131, column 'company_id' - found int value: 18402
2025-06-08 10:31:59,156 [ERROR] DatabaseManager - DEBUG: Potential mismatch at record 132, column 'company_id' - found int value: 57636
2025-06-08 10:31:59,156 [ERROR] DatabaseManager - DEBUG: Potential mismatch at record 133, column 'company_id' - found int value: 69
2025-06-08 10:31:59,156 [ERROR] DatabaseManager - DEBUG: Potential mismatch at record 134, column 'company_id' - found int value: 16887
2025-06-08 10:31:59,156 [ERROR] DatabaseManager - DEBUG: Potential mismatch at record 137, column 'company_id' - found int value: 20758
2025-06-08 10:31:59,156 [ERROR] DatabaseManager - DEBUG: Potential mismatch at record 138, column 'company_id' - found int value: 123323
2025-06-08 10:31:59,156 [ERROR] DatabaseManager - DEBUG: Potential mismatch at record 139, column 'company_id' - found int value: 15761
2025-06-08 10:31:59,156 [ERROR] DatabaseManager - DEBUG: Potential mismatch at record 140, column 'company_id' - found int value: 20042
2025-06-08 10:31:59,156 [ERROR] DatabaseManager - DEBUG: Potential mismatch at record 141, column 'company_id' - found int value: 128928
2025-06-08 10:31:59,157 [ERROR] DatabaseManager - DEBUG: Potential mismatch at record 142, column 'company_id' - found int value: 75204
2025-06-08 10:31:59,157 [ERROR] DatabaseManager - DEBUG: Potential mismatch at record 147, column 'company_id' - found int value: 23010
2025-06-08 10:31:59,157 [ERROR] DatabaseManager - DEBUG: Potential mismatch at record 148, column 'company_id' - found int value: 20237
2025-06-08 10:31:59,157 [ERROR] DatabaseManager - DEBUG: Potential mismatch at record 149, column 'company_id' - found int value: 22691
2025-06-08 10:31:59,157 [ERROR] DatabaseManager - DEBUG: Potential mismatch at record 166, column 'company_id' - found int value: 20237
2025-06-08 10:31:59,157 [ERROR] DatabaseManager - DEBUG: Potential mismatch at record 167, column 'company_id' - found int value: 15761
2025-06-08 10:31:59,157 [ERROR] DatabaseManager - DEBUG: Potential mismatch at record 168, column 'company_id' - found int value: 20237
2025-06-08 10:31:59,157 [ERROR] DatabaseManager - DEBUG: Potential mismatch at record 169, column 'company_id' - found int value: 15944
2025-06-08 10:31:59,157 [ERROR] DatabaseManager - DEBUG: Potential mismatch at record 175, column 'company_id' - found int value: 95298
2025-06-08 10:31:59,157 [ERROR] DatabaseManager - DEBUG: Potential mismatch at record 183, column 'company_id' - found int value: 20237
2025-06-08 10:31:59,157 [ERROR] DatabaseManager - DEBUG: Potential mismatch at record 194, column 'company_id' - found int value: 117409
2025-06-08 10:31:59,157 [ERROR] DatabaseManager - DEBUG: Potential mismatch at record 195, column 'company_id' - found int value: 28658
2025-06-08 10:31:59,157 [ERROR] DatabaseManager - DEBUG: Potential mismatch at record 196, column 'company_id' - found int value: 101353
2025-06-08 10:31:59,157 [ERROR] DatabaseManager - DEBUG: Potential mismatch at record 197, column 'company_id' - found int value: 5040
2025-06-08 10:31:59,157 [ERROR] DatabaseManager - DEBUG: Potential mismatch at record 202, column 'company_id' - found int value: 20237
2025-06-08 10:31:59,157 [ERROR] DatabaseManager - DEBUG: Potential mismatch at record 206, column 'company_id' - found int value: 20237
2025-06-08 10:31:59,157 [ERROR] DatabaseManager - DEBUG: Potential mismatch at record 207, column 'company_id' - found int value: 24503
2025-06-08 10:31:59,157 [ERROR] DatabaseManager - DEBUG: Potential mismatch at record 209, column 'company_id' - found int value: 130703
2025-06-08 10:31:59,157 [ERROR] DatabaseManager - DEBUG: Potential mismatch at record 210, column 'company_id' - found int value: 18194
2025-06-08 10:31:59,157 [ERROR] DatabaseManager - DEBUG: Potential mismatch at record 211, column 'company_id' - found int value: 24657
2025-06-08 10:31:59,157 [ERROR] DatabaseManager - DEBUG: Potential mismatch at record 213, column 'company_id' - found int value: 18190
2025-06-08 10:31:59,157 [ERROR] DatabaseManager - DEBUG: Potential mismatch at record 215, column 'company_id' - found int value: 3275
2025-06-08 10:31:59,157 [ERROR] DatabaseManager - DEBUG: Potential mismatch at record 221, column 'company_id' - found int value: 119103
2025-06-08 10:31:59,157 [ERROR] DatabaseManager - DEBUG: Potential mismatch at record 222, column 'company_id' - found int value: 130257
2025-06-08 10:31:59,157 [ERROR] DatabaseManager - DEBUG: Potential mismatch at record 229, column 'company_id' - found int value: 127756
2025-06-08 10:31:59,157 [ERROR] DatabaseManager - DEBUG: Potential mismatch at record 230, column 'company_id' - found int value: 127756
2025-06-08 10:31:59,157 [ERROR] DatabaseManager - DEBUG: Potential mismatch at record 240, column 'company_id' - found int value: 669
2025-06-08 10:31:59,157 [ERROR] DatabaseManager - DEBUG: Potential mismatch at record 293, column 'company_id' - found int value: 15123
2025-06-08 10:31:59,157 [ERROR] DatabaseManager - DEBUG: Potential mismatch at record 294, column 'company_id' - found int value: 28658
2025-06-08 10:31:59,157 [ERROR] DatabaseManager - DEBUG: Potential mismatch at record 296, column 'company_id' - found int value: 15016
2025-06-08 10:31:59,158 [ERROR] DatabaseManager - DEBUG: Potential mismatch at record 302, column 'company_id' - found int value: 25712
2025-06-08 10:31:59,158 [ERROR] DatabaseManager - DEBUG: Potential mismatch at record 309, column 'company_id' - found int value: 15761
2025-06-08 10:31:59,158 [ERROR] DatabaseManager - DEBUG: Potential mismatch at record 312, column 'company_id' - found int value: 94556
2025-06-08 10:31:59,158 [ERROR] DatabaseManager - DEBUG: Potential mismatch at record 345, column 'company_id' - found int value: 24657
2025-06-08 10:31:59,158 [ERROR] DatabaseManager - DEBUG: Potential mismatch at record 346, column 'company_id' - found int value: 20591
2025-06-08 10:31:59,158 [ERROR] DatabaseManager - DEBUG: Potential mismatch at record 349, column 'company_id' - found int value: 117409
2025-06-08 10:31:59,158 [ERROR] DatabaseManager - DEBUG: Potential mismatch at record 350, column 'company_id' - found int value: 28637
2025-06-08 10:31:59,158 [ERROR] DatabaseManager - DEBUG: Potential mismatch at record 358, column 'company_id' - found int value: 17144
2025-06-08 10:31:59,158 [ERROR] DatabaseManager - DEBUG: Potential mismatch at record 365, column 'company_id' - found int value: 28658
2025-06-08 10:31:59,158 [ERROR] DatabaseManager - DEBUG: Potential mismatch at record 372, column 'company_id' - found int value: 5443
2025-06-08 10:31:59,158 [ERROR] DatabaseManager - DEBUG: Potential mismatch at record 374, column 'company_id' - found int value: 15761
2025-06-08 10:31:59,158 [ERROR] DatabaseManager - DEBUG: Potential mismatch at record 380, column 'company_id' - found int value: 89466
2025-06-08 10:31:59,158 [ERROR] DatabaseManager - DEBUG: Potential mismatch at record 381, column 'company_id' - found int value: 89466
2025-06-08 10:31:59,158 [ERROR] DatabaseManager - DEBUG: Potential mismatch at record 382, column 'company_id' - found int value: 14940
2025-06-08 10:31:59,158 [ERROR] DatabaseManager - DEBUG: Potential mismatch at record 383, column 'company_id' - found int value: 2998
2025-06-08 10:31:59,159 [ERROR] DatabaseManager - DEBUG: Potential mismatch at record 398, column 'company_id' - found int value: 15761
2025-06-08 10:31:59,159 [ERROR] DatabaseManager - DEBUG: Potential mismatch at record 416, column 'company_id' - found int value: 15761
2025-06-08 10:31:59,159 [ERROR] DatabaseManager - DEBUG: Potential mismatch at record 418, column 'company_id' - found int value: 110686
2025-06-08 10:31:59,159 [ERROR] DatabaseManager - DEBUG: Potential mismatch at record 419, column 'company_id' - found int value: 1543
2025-06-08 10:31:59,159 [ERROR] DatabaseManager - DEBUG: Potential mismatch at record 420, column 'company_id' - found int value: 121871
2025-06-08 10:31:59,159 [ERROR] DatabaseManager - DEBUG: Potential mismatch at record 437, column 'company_id' - found int value: 744
2025-06-08 10:31:59,159 [ERROR] DatabaseManager - DEBUG: Potential mismatch at record 449, column 'company_id' - found int value: 1543
2025-06-08 10:31:59,159 [ERROR] DatabaseManager - DEBUG: Potential mismatch at record 450, column 'company_id' - found int value: 96438
2025-06-08 10:31:59,159 [ERROR] DatabaseManager - DEBUG: Potential mismatch at record 451, column 'company_id' - found int value: 18484
2025-06-08 10:31:59,159 [ERROR] DatabaseManager - DEBUG: Potential mismatch at record 456, column 'company_id' - found int value: 15761
2025-06-08 10:31:59,159 [ERROR] DatabaseManager - DEBUG: Potential mismatch at record 469, column 'company_id' - found int value: 34923
2025-06-08 10:31:59,159 [ERROR] DatabaseManager - DEBUG: Potential mismatch at record 470, column 'company_id' - found int value: 80080
2025-06-08 10:31:59,159 [ERROR] DatabaseManager - DEBUG: Potential mismatch at record 486, column 'company_id' - found int value: 22349
2025-06-08 10:31:59,159 [ERROR] DatabaseManager - DEBUG: Potential mismatch at record 487, column 'company_id' - found int value: 1287
2025-06-08 10:31:59,159 [ERROR] DatabaseManager - DEBUG: Potential mismatch at record 488, column 'company_id' - found int value: 1543
2025-06-08 10:31:59,159 [ERROR] DatabaseManager - DEBUG: Potential mismatch at record 489, column 'company_id' - found int value: 122200
2025-06-08 10:31:59,159 [ERROR] DatabaseManager - DEBUG: Potential mismatch at record 490, column 'company_id' - found int value: 128728
2025-06-08 10:31:59,159 [ERROR] DatabaseManager - DEBUG: Potential mismatch at record 491, column 'company_id' - found int value: 18445
2025-06-08 10:31:59,159 [ERROR] DatabaseManager - DEBUG: Potential mismatch at record 492, column 'company_id' - found int value: 81893
2025-06-08 10:31:59,160 [ERROR] DatabaseManager - DEBUG: Potential mismatch at record 493, column 'company_id' - found int value: 1543
2025-06-08 10:31:59,160 [ERROR] DatabaseManager - DEBUG: Potential mismatch at record 494, column 'company_id' - found int value: 20020
2025-06-08 10:31:59,160 [ERROR] DatabaseManager - DEBUG: Potential mismatch at record 495, column 'company_id' - found int value: 103303
2025-06-08 10:31:59,160 [ERROR] DatabaseManager - DEBUG: Potential mismatch at record 496, column 'company_id' - found int value: 123067
2025-06-08 10:31:59,160 [ERROR] DatabaseManager - DEBUG: Potential mismatch at record 497, column 'company_id' - found int value: 15761
2025-06-08 10:31:59,160 [ERROR] DatabaseManager - DEBUG: Potential mismatch at record 499, column 'company_id' - found int value: 27920
2025-06-08 10:31:59,160 [ERROR] DatabaseManager - DEBUG: Potential mismatch at record 500, column 'company_id' - found int value: 94691
2025-06-08 10:31:59,160 [ERROR] DatabaseManager - DEBUG: Potential mismatch at record 501, column 'company_id' - found int value: 15502
2025-06-08 10:31:59,160 [ERROR] DatabaseManager - DEBUG: Potential mismatch at record 503, column 'company_id' - found int value: 46059
2025-06-08 10:31:59,160 [ERROR] DatabaseManager - DEBUG: Potential mismatch at record 504, column 'company_id' - found int value: 1158
2025-06-08 10:31:59,160 [ERROR] DatabaseManager - DEBUG: Potential mismatch at record 506, column 'company_id' - found int value: 15761
2025-06-08 10:31:59,160 [ERROR] DatabaseManager - DEBUG: Potential mismatch at record 509, column 'company_id' - found int value: 2177
2025-06-08 10:31:59,160 [ERROR] DatabaseManager - DEBUG: Potential mismatch at record 510, column 'company_id' - found int value: 225
2025-06-08 10:31:59,160 [ERROR] DatabaseManager - DEBUG: Potential mismatch at record 511, column 'company_id' - found int value: 27920
2025-06-08 10:31:59,160 [ERROR] DatabaseManager - DEBUG: Potential mismatch at record 516, column 'company_id' - found int value: 1792
2025-06-08 10:31:59,160 [ERROR] DatabaseManager - DEBUG: Potential mismatch at record 518, column 'company_id' - found int value: 29483
2025-06-08 10:31:59,160 [ERROR] DatabaseManager - DEBUG: Potential mismatch at record 534, column 'company_id' - found int value: 63452
2025-06-08 10:31:59,160 [ERROR] DatabaseManager - DEBUG: Potential mismatch at record 536, column 'company_id' - found int value: 133475
2025-06-08 10:31:59,160 [ERROR] DatabaseManager - DEBUG: Potential mismatch at record 544, column 'company_id' - found int value: 15138
2025-06-08 10:31:59,160 [ERROR] DatabaseManager - DEBUG: Potential mismatch at record 564, column 'company_id' - found int value: 1792
2025-06-08 10:31:59,160 [ERROR] DatabaseManager - DEBUG: Potential mismatch at record 565, column 'company_id' - found int value: 15761
2025-06-08 10:31:59,160 [ERROR] DatabaseManager - DEBUG: Potential mismatch at record 568, column 'company_id' - found int value: 34156
2025-06-08 10:31:59,160 [ERROR] DatabaseManager - DEBUG: Potential mismatch at record 570, column 'company_id' - found int value: 21670
2025-06-08 10:31:59,160 [ERROR] DatabaseManager - DEBUG: Potential mismatch at record 572, column 'company_id' - found int value: 4782
2025-06-08 10:31:59,160 [ERROR] DatabaseManager - DEBUG: Potential mismatch at record 574, column 'company_id' - found int value: 10599
2025-06-08 10:31:59,160 [ERROR] DatabaseManager - DEBUG: Potential mismatch at record 575, column 'company_id' - found int value: 1780
2025-06-08 10:31:59,161 [ERROR] DatabaseManager - DEBUG: Potential mismatch at record 587, column 'company_id' - found int value: 78587
2025-06-08 10:31:59,161 [ERROR] DatabaseManager - DEBUG: Potential mismatch at record 588, column 'company_id' - found int value: 18773
2025-06-08 10:31:59,161 [ERROR] DatabaseManager - DEBUG: Potential mismatch at record 589, column 'company_id' - found int value: 99
2025-06-08 10:31:59,161 [ERROR] DatabaseManager - DEBUG: Potential mismatch at record 590, column 'company_id' - found int value: 117409
2025-06-08 10:31:59,161 [ERROR] DatabaseManager - DEBUG: Potential mismatch at record 591, column 'company_id' - found int value: 18773
2025-06-08 10:31:59,161 [ERROR] DatabaseManager - DEBUG: Potential mismatch at record 592, column 'company_id' - found int value: 18773
2025-06-08 10:31:59,161 [ERROR] DatabaseManager - DEBUG: Potential mismatch at record 593, column 'company_id' - found int value: 18773
2025-06-08 10:31:59,161 [ERROR] DatabaseManager - DEBUG: Potential mismatch at record 594, column 'company_id' - found int value: 18773
2025-06-08 10:31:59,161 [ERROR] DatabaseManager - DEBUG: Potential mismatch at record 595, column 'company_id' - found int value: 18773
2025-06-08 10:31:59,161 [ERROR] DatabaseManager - DEBUG: Potential mismatch at record 596, column 'company_id' - found int value: 14717
2025-06-08 10:31:59,161 [ERROR] DatabaseManager - DEBUG: Potential mismatch at record 597, column 'company_id' - found int value: 81510
2025-06-08 10:31:59,161 [ERROR] DatabaseManager - DEBUG: Potential mismatch at record 598, column 'company_id' - found int value: 18773
2025-06-08 10:31:59,161 [ERROR] DatabaseManager - DEBUG: Potential mismatch at record 604, column 'company_id' - found int value: 25338
2025-06-08 10:31:59,161 [ERROR] DatabaseManager - DEBUG: Potential mismatch at record 605, column 'company_id' - found int value: 39438
2025-06-08 10:31:59,161 [ERROR] DatabaseManager - DEBUG: Potential mismatch at record 606, column 'company_id' - found int value: 96674
2025-06-08 10:31:59,161 [ERROR] DatabaseManager - DEBUG: Potential mismatch at record 607, column 'company_id' - found int value: 116880
2025-06-08 10:31:59,161 [ERROR] DatabaseManager - DEBUG: Potential mismatch at record 608, column 'company_id' - found int value: 21972
2025-06-08 10:31:59,161 [ERROR] DatabaseManager - DEBUG: Potential mismatch at record 609, column 'company_id' - found int value: 17224
2025-06-08 10:31:59,161 [ERROR] DatabaseManager - DEBUG: Potential mismatch at record 610, column 'company_id' - found int value: 116880
2025-06-08 10:31:59,161 [ERROR] DatabaseManager - DEBUG: Potential mismatch at record 618, column 'company_id' - found int value: 16054
2025-06-08 10:31:59,161 [ERROR] DatabaseManager - DEBUG: Potential mismatch at record 619, column 'company_id' - found int value: 16054
2025-06-08 10:31:59,161 [ERROR] DatabaseManager - DEBUG: Potential mismatch at record 621, column 'company_id' - found int value: 15761
2025-06-08 10:31:59,161 [ERROR] DatabaseManager - DEBUG: Potential mismatch at record 623, column 'company_id' - found int value: 43552
2025-06-08 10:31:59,162 [ERROR] DatabaseManager - DEBUG: Potential mismatch at record 624, column 'company_id' - found int value: 30391
2025-06-08 10:31:59,162 [ERROR] DatabaseManager - DEBUG: Potential mismatch at record 625, column 'company_id' - found int value: 80332
2025-06-08 10:31:59,162 [ERROR] DatabaseManager - DEBUG: Potential mismatch at record 639, column 'company_id' - found int value: 114031
2025-06-08 10:31:59,162 [ERROR] DatabaseManager - DEBUG: Potential mismatch at record 640, column 'company_id' - found int value: 116572
2025-06-08 10:31:59,162 [ERROR] DatabaseManager - DEBUG: Potential mismatch at record 641, column 'company_id' - found int value: 28130
2025-06-08 10:31:59,162 [ERROR] DatabaseManager - DEBUG: Potential mismatch at record 642, column 'company_id' - found int value: 18037
2025-06-08 10:31:59,162 [ERROR] DatabaseManager - DEBUG: Potential mismatch at record 643, column 'company_id' - found int value: 61466
2025-06-08 10:31:59,162 [ERROR] DatabaseManager - DEBUG: Potential mismatch at record 644, column 'company_id' - found int value: 16054
2025-06-08 10:31:59,162 [ERROR] DatabaseManager - DEBUG: Potential mismatch at record 648, column 'company_id' - found int value: 11371
2025-06-08 10:31:59,162 [ERROR] DatabaseManager - DEBUG: Potential mismatch at record 650, column 'company_id' - found int value: 107785
2025-06-08 10:31:59,162 [ERROR] DatabaseManager - DEBUG: Potential mismatch at record 657, column 'company_id' - found int value: 16871
2025-06-08 10:31:59,162 [ERROR] DatabaseManager - DEBUG: Potential mismatch at record 658, column 'company_id' - found int value: 24209
2025-06-08 10:31:59,162 [ERROR] DatabaseManager - DEBUG: Potential mismatch at record 663, column 'company_id' - found int value: 59936
2025-06-08 10:31:59,162 [ERROR] DatabaseManager - DEBUG: Potential mismatch at record 664, column 'company_id' - found int value: 23542
2025-06-08 10:31:59,162 [ERROR] DatabaseManager - DEBUG: Potential mismatch at record 665, column 'company_id' - found int value: 15262
2025-06-08 10:31:59,162 [ERROR] DatabaseManager - DEBUG: Potential mismatch at record 684, column 'company_id' - found int value: 16871
2025-06-08 10:31:59,162 [ERROR] DatabaseManager - DEBUG: Potential mismatch at record 685, column 'company_id' - found int value: 16871
2025-06-08 10:31:59,162 [ERROR] DatabaseManager - DEBUG: Potential mismatch at record 686, column 'company_id' - found int value: 97872
2025-06-08 10:31:59,162 [ERROR] DatabaseManager - DEBUG: Potential mismatch at record 689, column 'company_id' - found int value: 19399
2025-06-08 10:31:59,162 [ERROR] DatabaseManager - DEBUG: Potential mismatch at record 700, column 'company_id' - found int value: 5
2025-06-08 10:31:59,162 [ERROR] DatabaseManager - DEBUG: Potential mismatch at record 704, column 'company_id' - found int value: 805
2025-06-08 10:31:59,162 [ERROR] DatabaseManager - DEBUG: Potential mismatch at record 705, column 'company_id' - found int value: 26306
2025-06-08 10:31:59,162 [ERROR] DatabaseManager - DEBUG: Potential mismatch at record 706, column 'company_id' - found int value: 29398
2025-06-08 10:31:59,162 [ERROR] DatabaseManager - DEBUG: Potential mismatch at record 708, column 'company_id' - found int value: 16871
2025-06-08 10:31:59,162 [ERROR] DatabaseManager - DEBUG: Potential mismatch at record 709, column 'company_id' - found int value: 105526
2025-06-08 10:31:59,162 [ERROR] DatabaseManager - DEBUG: Potential mismatch at record 719, column 'company_id' - found int value: 80643
2025-06-08 10:31:59,163 [ERROR] DatabaseManager - DEBUG: Potential mismatch at record 720, column 'company_id' - found int value: 19
2025-06-08 10:31:59,163 [ERROR] DatabaseManager - DEBUG: Potential mismatch at record 721, column 'company_id' - found int value: 97281
2025-06-08 10:31:59,163 [ERROR] DatabaseManager - DEBUG: Potential mismatch at record 725, column 'company_id' - found int value: 53491
2025-06-08 10:31:59,163 [ERROR] DatabaseManager - DEBUG: Potential mismatch at record 726, column 'company_id' - found int value: 57636
2025-06-08 10:31:59,163 [ERROR] DatabaseManager - DEBUG: Potential mismatch at record 727, column 'company_id' - found int value: 19656
2025-06-08 10:31:59,163 [ERROR] DatabaseManager - DEBUG: Potential mismatch at record 728, column 'company_id' - found int value: 37646
2025-06-08 10:31:59,163 [ERROR] DatabaseManager - DEBUG: Potential mismatch at record 729, column 'company_id' - found int value: 18445
2025-06-08 10:31:59,163 [ERROR] DatabaseManager - DEBUG: Potential mismatch at record 736, column 'company_id' - found int value: 28658
2025-06-08 10:31:59,163 [ERROR] DatabaseManager - DEBUG: Potential mismatch at record 737, column 'company_id' - found int value: 19046
2025-06-08 10:31:59,163 [ERROR] DatabaseManager - DEBUG: Potential mismatch at record 738, column 'company_id' - found int value: 16871
2025-06-08 10:31:59,163 [ERROR] DatabaseManager - DEBUG: Potential mismatch at record 743, column 'company_id' - found int value: 117409
2025-06-08 10:31:59,163 [ERROR] DatabaseManager - DEBUG: Potential mismatch at record 745, column 'company_id' - found int value: 120133
2025-06-08 10:31:59,163 [ERROR] DatabaseManager - DEBUG: Potential mismatch at record 746, column 'company_id' - found int value: 70520
2025-06-08 10:31:59,163 [ERROR] DatabaseManager - DEBUG: Potential mismatch at record 747, column 'company_id' - found int value: 132506
2025-06-08 10:31:59,163 [ERROR] DatabaseManager - DEBUG: Potential mismatch at record 749, column 'company_id' - found int value: 4269
2025-06-08 10:31:59,163 [ERROR] DatabaseManager - DEBUG: Potential mismatch at record 750, column 'company_id' - found int value: 18445
2025-06-08 10:31:59,163 [ERROR] DatabaseManager - DEBUG: Potential mismatch at record 754, column 'company_id' - found int value: 9957
2025-06-08 10:31:59,163 [ERROR] DatabaseManager - DEBUG: Potential mismatch at record 755, column 'company_id' - found int value: 36154
2025-06-08 10:31:59,163 [ERROR] DatabaseManager - DEBUG: Potential mismatch at record 756, column 'company_id' - found int value: 106156
2025-06-08 10:31:59,164 [ERROR] DatabaseManager - DEBUG: Potential mismatch at record 778, column 'company_id' - found int value: 15985
2025-06-08 10:31:59,164 [ERROR] DatabaseManager - DEBUG: Potential mismatch at record 779, column 'company_id' - found int value: 20591
2025-06-08 10:31:59,164 [ERROR] DatabaseManager - DEBUG: Potential mismatch at record 788, column 'company_id' - found int value: 20591
2025-06-08 10:31:59,164 [ERROR] DatabaseManager - DEBUG: Potential mismatch at record 789, column 'company_id' - found int value: 98618
2025-06-08 10:31:59,164 [ERROR] DatabaseManager - DEBUG: Potential mismatch at record 791, column 'company_id' - found int value: 15851
2025-06-08 10:31:59,164 [ERROR] DatabaseManager - DEBUG: Potential mismatch at record 792, column 'company_id' - found int value: 190
2025-06-08 10:31:59,164 [ERROR] DatabaseManager - DEBUG: Potential mismatch at record 795, column 'company_id' - found int value: 77119
2025-06-08 10:31:59,164 [ERROR] DatabaseManager - DEBUG: Potential mismatch at record 796, column 'company_id' - found int value: 7153
2025-06-08 10:31:59,164 [ERROR] DatabaseManager - DEBUG: Potential mismatch at record 797, column 'company_id' - found int value: 99412
2025-06-08 10:31:59,164 [ERROR] DatabaseManager - DEBUG: Potential mismatch at record 832, column 'company_id' - found int value: 15377
2025-06-08 10:31:59,164 [ERROR] DatabaseManager - DEBUG: Potential mismatch at record 833, column 'company_id' - found int value: 26402
2025-06-08 10:31:59,164 [ERROR] DatabaseManager - DEBUG: Potential mismatch at record 834, column 'company_id' - found int value: 48385
2025-06-08 10:31:59,164 [ERROR] DatabaseManager - DEBUG: Potential mismatch at record 837, column 'company_id' - found int value: 2553
2025-06-08 10:31:59,164 [ERROR] DatabaseManager - DEBUG: Potential mismatch at record 838, column 'company_id' - found int value: 15403
2025-06-08 10:31:59,164 [ERROR] DatabaseManager - DEBUG: Potential mismatch at record 839, column 'company_id' - found int value: 20361
2025-06-08 10:31:59,164 [ERROR] DatabaseManager - DEBUG: Potential mismatch at record 846, column 'company_id' - found int value: 15985
2025-06-08 10:31:59,164 [ERROR] DatabaseManager - DEBUG: Potential mismatch at record 847, column 'company_id' - found int value: 135397
2025-06-08 10:31:59,164 [ERROR] DatabaseManager - DEBUG: Potential mismatch at record 850, column 'company_id' - found int value: 57279
2025-06-08 10:31:59,164 [ERROR] DatabaseManager - DEBUG: Potential mismatch at record 851, column 'company_id' - found int value: 15985
2025-06-08 10:31:59,164 [ERROR] DatabaseManager - DEBUG: Potential mismatch at record 852, column 'company_id' - found int value: 16109
2025-06-08 10:31:59,164 [ERROR] DatabaseManager - DEBUG: Potential mismatch at record 861, column 'company_id' - found int value: 133947
2025-06-08 10:31:59,164 [ERROR] DatabaseManager - DEBUG: Potential mismatch at record 863, column 'company_id' - found int value: 707
2025-06-08 10:31:59,165 [ERROR] DatabaseManager - DEBUG: Potential mismatch at record 864, column 'company_id' - found int value: 135411
2025-06-08 10:31:59,165 [ERROR] DatabaseManager - DEBUG: Potential mismatch at record 891, column 'company_id' - found int value: 40158
2025-06-08 10:31:59,165 [ERROR] DatabaseManager - DEBUG: Potential mismatch at record 902, column 'company_id' - found int value: 17067
2025-06-08 10:31:59,165 [ERROR] DatabaseManager - DEBUG: Potential mismatch at record 918, column 'company_id' - found int value: 61877
2025-06-08 10:31:59,165 [ERROR] DatabaseManager - DEBUG: Potential mismatch at record 919, column 'company_id' - found int value: 9161
2025-06-08 10:31:59,165 [ERROR] DatabaseManager - DEBUG: Potential mismatch at record 935, column 'company_id' - found int value: 37168
2025-06-08 10:31:59,165 [ERROR] DatabaseManager - DEBUG: Potential mismatch at record 936, column 'company_id' - found int value: 121284
2025-06-08 10:31:59,165 [ERROR] DatabaseManager - DEBUG: Potential mismatch at record 937, column 'company_id' - found int value: 91764
2025-06-08 10:31:59,165 [ERROR] DatabaseManager - DEBUG: Potential mismatch at record 951, column 'company_id' - found int value: 15429
2025-06-08 10:31:59,165 [ERROR] DatabaseManager - DEBUG: Potential mismatch at record 952, column 'company_id' - found int value: 82778
2025-06-08 10:31:59,165 [ERROR] DatabaseManager - DEBUG: Potential mismatch at record 953, column 'company_id' - found int value: 2169
2025-06-08 10:31:59,165 [ERROR] DatabaseManager - DEBUG: Potential mismatch at record 970, column 'company_id' - found int value: 74381
2025-06-08 10:31:59,165 [ERROR] DatabaseManager - DEBUG: Potential mismatch at record 971, column 'company_id' - found int value: 207
2025-06-08 10:31:59,165 [ERROR] DatabaseManager - DEBUG: Potential mismatch at record 972, column 'company_id' - found int value: 89393
2025-06-08 10:31:59,165 [ERROR] DatabaseManager - DEBUG: Potential mismatch at record 988, column 'company_id' - found int value: 15120
2025-06-08 10:31:59,166 [ERROR] DatabaseManager - DEBUG: Potential mismatch at record 990, column 'company_id' - found int value: 15930
2025-06-08 10:31:59,166 [ERROR] DatabaseManager - DEBUG: Potential mismatch at record 998, column 'company_id' - found int value: 1245
2025-06-08 10:31:59,166 [ERROR] DatabaseManager - DEBUG: Potential mismatch at record 999, column 'company_id' - found int value: 15120
2025-06-08 10:31:59,314 [ERROR] DatabaseManager - Error inserting jobs into database: insert or update on table "jobs" violates foreign key constraint "jobs_job_board_id_fkey"
DETAIL:  Key (job_board_id)=(2) is not present in table "job_boards".
2025-06-08 10:31:59,317 [ERROR] DatabaseManager - Traceback (most recent call last):
  File "/app/src/db_manager.py", line 364, in insert_jobs
    result = await conn.execute(upsert_query)
             ^^^^^^^^^^^^^^^^^^^^^^^^^^^^^^^^
  File "/usr/local/lib/python3.11/site-packages/asyncpg/connection.py", line 350, in execute
    result = await self._protocol.query(query, timeout)
             ^^^^^^^^^^^^^^^^^^^^^^^^^^^^^^^^^^^^^^^^^^
  File "asyncpg/protocol/protocol.pyx", line 374, in query
asyncpg.exceptions.ForeignKeyViolationError: insert or update on table "jobs" violates foreign key constraint "jobs_job_board_id_fkey"
DETAIL:  Key (job_board_id)=(2) is not present in table "job_boards".

2025-06-08 10:32:25,360 [ERROR] DatabaseManager - DEBUG: Potential mismatch at record 23, column 'company_id' - found int value: 2169
2025-06-08 10:32:25,360 [ERROR] DatabaseManager - DEBUG: Potential mismatch at record 24, column 'company_id' - found int value: 93789
2025-06-08 10:32:25,360 [ERROR] DatabaseManager - DEBUG: Potential mismatch at record 30, column 'company_id' - found int value: 135376
2025-06-08 10:32:25,360 [ERROR] DatabaseManager - DEBUG: Potential mismatch at record 31, column 'company_id' - found int value: 65828
2025-06-08 10:32:25,361 [ERROR] DatabaseManager - DEBUG: Potential mismatch at record 32, column 'company_id' - found int value: 11684
2025-06-08 10:32:25,361 [ERROR] DatabaseManager - DEBUG: Potential mismatch at record 33, column 'company_id' - found int value: 179
2025-06-08 10:32:25,361 [ERROR] DatabaseManager - DEBUG: Potential mismatch at record 34, column 'company_id' - found int value: 236
2025-06-08 10:32:25,361 [ERROR] DatabaseManager - DEBUG: Potential mismatch at record 35, column 'company_id' - found int value: 464
2025-06-08 10:32:25,361 [ERROR] DatabaseManager - DEBUG: Potential mismatch at record 44, column 'company_id' - found int value: 24649
2025-06-08 10:32:25,361 [ERROR] DatabaseManager - DEBUG: Potential mismatch at record 46, column 'company_id' - found int value: 19
2025-06-08 10:32:25,361 [ERROR] DatabaseManager - DEBUG: Potential mismatch at record 47, column 'company_id' - found int value: 274
2025-06-08 10:32:25,361 [ERROR] DatabaseManager - DEBUG: Potential mismatch at record 48, column 'company_id' - found int value: 115348
2025-06-08 10:32:25,361 [ERROR] DatabaseManager - DEBUG: Potential mismatch at record 49, column 'company_id' - found int value: 70457
2025-06-08 10:32:25,361 [ERROR] DatabaseManager - DEBUG: Potential mismatch at record 54, column 'company_id' - found int value: 348
2025-06-08 10:32:25,361 [ERROR] DatabaseManager - DEBUG: Potential mismatch at record 55, column 'company_id' - found int value: 58237
2025-06-08 10:32:25,361 [ERROR] DatabaseManager - DEBUG: Potential mismatch at record 56, column 'company_id' - found int value: 61466
2025-06-08 10:32:25,361 [ERROR] DatabaseManager - DEBUG: Potential mismatch at record 62, column 'company_id' - found int value: 21515
2025-06-08 10:32:25,361 [ERROR] DatabaseManager - DEBUG: Potential mismatch at record 63, column 'company_id' - found int value: 69256
2025-06-08 10:32:25,361 [ERROR] DatabaseManager - DEBUG: Potential mismatch at record 67, column 'company_id' - found int value: 15930
2025-06-08 10:32:25,361 [ERROR] DatabaseManager - DEBUG: Potential mismatch at record 70, column 'company_id' - found int value: 21515
2025-06-08 10:32:25,361 [ERROR] DatabaseManager - DEBUG: Potential mismatch at record 80, column 'company_id' - found int value: 17002
2025-06-08 10:32:25,361 [ERROR] DatabaseManager - DEBUG: Potential mismatch at record 81, column 'company_id' - found int value: 37433
2025-06-08 10:32:25,361 [ERROR] DatabaseManager - DEBUG: Potential mismatch at record 82, column 'company_id' - found int value: 17002
2025-06-08 10:32:25,361 [ERROR] DatabaseManager - DEBUG: Potential mismatch at record 83, column 'company_id' - found int value: 102345
2025-06-08 10:32:25,361 [ERROR] DatabaseManager - DEBUG: Potential mismatch at record 86, column 'company_id' - found int value: 15403
2025-06-08 10:32:25,361 [ERROR] DatabaseManager - DEBUG: Potential mismatch at record 87, column 'company_id' - found int value: 19797
2025-06-08 10:32:25,361 [ERROR] DatabaseManager - DEBUG: Potential mismatch at record 88, column 'company_id' - found int value: 27531
2025-06-08 10:32:25,361 [ERROR] DatabaseManager - DEBUG: Potential mismatch at record 89, column 'company_id' - found int value: 135374
2025-06-08 10:32:25,361 [ERROR] DatabaseManager - DEBUG: Potential mismatch at record 90, column 'company_id' - found int value: 18445
2025-06-08 10:32:25,361 [ERROR] DatabaseManager - DEBUG: Potential mismatch at record 91, column 'company_id' - found int value: 110712
2025-06-08 10:32:25,361 [ERROR] DatabaseManager - DEBUG: Potential mismatch at record 93, column 'company_id' - found int value: 65828
2025-06-08 10:32:25,361 [ERROR] DatabaseManager - DEBUG: Potential mismatch at record 94, column 'company_id' - found int value: 132049
2025-06-08 10:32:25,361 [ERROR] DatabaseManager - DEBUG: Potential mismatch at record 96, column 'company_id' - found int value: 37433
2025-06-08 10:32:25,361 [ERROR] DatabaseManager - DEBUG: Potential mismatch at record 121, column 'company_id' - found int value: 22675
2025-06-08 10:32:25,361 [ERROR] DatabaseManager - DEBUG: Potential mismatch at record 126, column 'company_id' - found int value: 3251
2025-06-08 10:32:25,362 [ERROR] DatabaseManager - DEBUG: Potential mismatch at record 128, column 'company_id' - found int value: 18402
2025-06-08 10:32:25,362 [ERROR] DatabaseManager - DEBUG: Potential mismatch at record 135, column 'company_id' - found int value: 16054
2025-06-08 10:32:25,362 [ERROR] DatabaseManager - DEBUG: Potential mismatch at record 136, column 'company_id' - found int value: 23464
2025-06-08 10:32:25,362 [ERROR] DatabaseManager - DEBUG: Potential mismatch at record 140, column 'company_id' - found int value: 15427
2025-06-08 10:32:25,362 [ERROR] DatabaseManager - DEBUG: Potential mismatch at record 166, column 'company_id' - found int value: 518
2025-06-08 10:32:25,362 [ERROR] DatabaseManager - DEBUG: Potential mismatch at record 167, column 'company_id' - found int value: 80239
2025-06-08 10:32:25,362 [ERROR] DatabaseManager - DEBUG: Potential mismatch at record 168, column 'company_id' - found int value: 17765
2025-06-08 10:32:25,362 [ERROR] DatabaseManager - DEBUG: Potential mismatch at record 169, column 'company_id' - found int value: 56882
2025-06-08 10:32:25,362 [ERROR] DatabaseManager - DEBUG: Potential mismatch at record 170, column 'company_id' - found int value: 27504
2025-06-08 10:32:25,362 [ERROR] DatabaseManager - DEBUG: Potential mismatch at record 173, column 'company_id' - found int value: 15555
2025-06-08 10:32:25,362 [ERROR] DatabaseManager - DEBUG: Potential mismatch at record 175, column 'company_id' - found int value: 18402
2025-06-08 10:32:25,362 [ERROR] DatabaseManager - DEBUG: Potential mismatch at record 176, column 'company_id' - found int value: 25338
2025-06-08 10:32:25,362 [ERROR] DatabaseManager - DEBUG: Potential mismatch at record 177, column 'company_id' - found int value: 112655
2025-06-08 10:32:25,362 [ERROR] DatabaseManager - DEBUG: Potential mismatch at record 178, column 'company_id' - found int value: 10522
2025-06-08 10:32:25,362 [ERROR] DatabaseManager - DEBUG: Potential mismatch at record 179, column 'company_id' - found int value: 113870
2025-06-08 10:32:25,362 [ERROR] DatabaseManager - DEBUG: Potential mismatch at record 180, column 'company_id' - found int value: 18402
2025-06-08 10:32:25,362 [ERROR] DatabaseManager - DEBUG: Potential mismatch at record 181, column 'company_id' - found int value: 50314
2025-06-08 10:32:25,362 [ERROR] DatabaseManager - DEBUG: Potential mismatch at record 182, column 'company_id' - found int value: 50314
2025-06-08 10:32:25,362 [ERROR] DatabaseManager - DEBUG: Potential mismatch at record 187, column 'company_id' - found int value: 117409
2025-06-08 10:32:25,362 [ERROR] DatabaseManager - DEBUG: Potential mismatch at record 194, column 'company_id' - found int value: 17765
2025-06-08 10:32:25,362 [ERROR] DatabaseManager - DEBUG: Potential mismatch at record 195, column 'company_id' - found int value: 24836
2025-06-08 10:32:25,362 [ERROR] DatabaseManager - DEBUG: Potential mismatch at record 196, column 'company_id' - found int value: 45302
2025-06-08 10:32:25,362 [ERROR] DatabaseManager - DEBUG: Potential mismatch at record 202, column 'company_id' - found int value: 41418
2025-06-08 10:32:25,365 [ERROR] DatabaseManager - DEBUG: Potential mismatch at record 208, column 'company_id' - found int value: 1389
2025-06-08 10:32:25,365 [ERROR] DatabaseManager - DEBUG: Potential mismatch at record 215, column 'company_id' - found int value: 52690
2025-06-08 10:32:25,365 [ERROR] DatabaseManager - DEBUG: Potential mismatch at record 234, column 'company_id' - found int value: 135257
2025-06-08 10:32:25,365 [ERROR] DatabaseManager - DEBUG: Potential mismatch at record 235, column 'company_id' - found int value: 65828
2025-06-08 10:32:25,365 [ERROR] DatabaseManager - DEBUG: Potential mismatch at record 236, column 'company_id' - found int value: 26335
2025-06-08 10:32:25,366 [ERROR] DatabaseManager - DEBUG: Potential mismatch at record 250, column 'company_id' - found int value: 28423
2025-06-08 10:32:25,366 [ERROR] DatabaseManager - DEBUG: Potential mismatch at record 256, column 'company_id' - found int value: 64094
2025-06-08 10:32:25,366 [ERROR] DatabaseManager - DEBUG: Potential mismatch at record 257, column 'company_id' - found int value: 130020
2025-06-08 10:32:25,366 [ERROR] DatabaseManager - DEBUG: Potential mismatch at record 258, column 'company_id' - found int value: 21097
2025-06-08 10:32:25,366 [ERROR] DatabaseManager - DEBUG: Potential mismatch at record 259, column 'company_id' - found int value: 108320
2025-06-08 10:32:25,366 [ERROR] DatabaseManager - DEBUG: Potential mismatch at record 260, column 'company_id' - found int value: 64094
2025-06-08 10:32:25,366 [ERROR] DatabaseManager - DEBUG: Potential mismatch at record 261, column 'company_id' - found int value: 37581
2025-06-08 10:32:25,366 [ERROR] DatabaseManager - DEBUG: Potential mismatch at record 262, column 'company_id' - found int value: 135358
2025-06-08 10:32:25,366 [ERROR] DatabaseManager - DEBUG: Potential mismatch at record 263, column 'company_id' - found int value: 88480
2025-06-08 10:32:25,366 [ERROR] DatabaseManager - DEBUG: Potential mismatch at record 265, column 'company_id' - found int value: 91199
2025-06-08 10:32:25,366 [ERROR] DatabaseManager - DEBUG: Potential mismatch at record 266, column 'company_id' - found int value: 115039
2025-06-08 10:32:25,366 [ERROR] DatabaseManager - DEBUG: Potential mismatch at record 272, column 'company_id' - found int value: 100649
2025-06-08 10:32:25,366 [ERROR] DatabaseManager - DEBUG: Potential mismatch at record 277, column 'company_id' - found int value: 1914
2025-06-08 10:32:25,366 [ERROR] DatabaseManager - DEBUG: Potential mismatch at record 278, column 'company_id' - found int value: 3855
2025-06-08 10:32:25,366 [ERROR] DatabaseManager - DEBUG: Potential mismatch at record 279, column 'company_id' - found int value: 17765
2025-06-08 10:32:25,366 [ERROR] DatabaseManager - DEBUG: Potential mismatch at record 282, column 'company_id' - found int value: 111933
2025-06-08 10:32:25,366 [ERROR] DatabaseManager - DEBUG: Potential mismatch at record 285, column 'company_id' - found int value: 1546
2025-06-08 10:32:25,366 [ERROR] DatabaseManager - DEBUG: Potential mismatch at record 301, column 'company_id' - found int value: 73484
2025-06-08 10:32:25,366 [ERROR] DatabaseManager - DEBUG: Potential mismatch at record 303, column 'company_id' - found int value: 12826
2025-06-08 10:32:25,366 [ERROR] DatabaseManager - DEBUG: Potential mismatch at record 319, column 'company_id' - found int value: 86764
2025-06-08 10:32:25,367 [ERROR] DatabaseManager - DEBUG: Potential mismatch at record 320, column 'company_id' - found int value: 17519
2025-06-08 10:32:25,367 [ERROR] DatabaseManager - DEBUG: Potential mismatch at record 323, column 'company_id' - found int value: 17519
2025-06-08 10:32:25,367 [ERROR] DatabaseManager - DEBUG: Potential mismatch at record 329, column 'company_id' - found int value: 26971
2025-06-08 10:32:25,367 [ERROR] DatabaseManager - DEBUG: Potential mismatch at record 344, column 'company_id' - found int value: 45
2025-06-08 10:32:25,367 [ERROR] DatabaseManager - DEBUG: Potential mismatch at record 345, column 'company_id' - found int value: 18445
2025-06-08 10:32:25,367 [ERROR] DatabaseManager - DEBUG: Potential mismatch at record 346, column 'company_id' - found int value: 182
2025-06-08 10:32:25,367 [ERROR] DatabaseManager - DEBUG: Potential mismatch at record 347, column 'company_id' - found int value: 29423
2025-06-08 10:32:25,367 [ERROR] DatabaseManager - DEBUG: Potential mismatch at record 354, column 'company_id' - found int value: 107785
2025-06-08 10:32:25,367 [ERROR] DatabaseManager - DEBUG: Potential mismatch at record 360, column 'company_id' - found int value: 135402
2025-06-08 10:32:25,367 [ERROR] DatabaseManager - DEBUG: Potential mismatch at record 361, column 'company_id' - found int value: 133852
2025-06-08 10:32:25,367 [ERROR] DatabaseManager - DEBUG: Potential mismatch at record 390, column 'company_id' - found int value: 114566
2025-06-08 10:32:25,367 [ERROR] DatabaseManager - DEBUG: Potential mismatch at record 391, column 'company_id' - found int value: 49696
2025-06-08 10:32:25,367 [ERROR] DatabaseManager - DEBUG: Potential mismatch at record 392, column 'company_id' - found int value: 65828
2025-06-08 10:32:25,367 [ERROR] DatabaseManager - DEBUG: Potential mismatch at record 393, column 'company_id' - found int value: 135400
2025-06-08 10:32:25,367 [ERROR] DatabaseManager - DEBUG: Potential mismatch at record 395, column 'company_id' - found int value: 58679
2025-06-08 10:32:25,367 [ERROR] DatabaseManager - DEBUG: Potential mismatch at record 396, column 'company_id' - found int value: 130000
2025-06-08 10:32:25,367 [ERROR] DatabaseManager - DEBUG: Potential mismatch at record 397, column 'company_id' - found int value: 84584
2025-06-08 10:32:25,367 [ERROR] DatabaseManager - DEBUG: Potential mismatch at record 399, column 'company_id' - found int value: 134275
2025-06-08 10:32:25,367 [ERROR] DatabaseManager - DEBUG: Potential mismatch at record 403, column 'company_id' - found int value: 113539
2025-06-08 10:32:25,367 [ERROR] DatabaseManager - DEBUG: Potential mismatch at record 404, column 'company_id' - found int value: 117066
2025-06-08 10:32:25,368 [ERROR] DatabaseManager - DEBUG: Potential mismatch at record 410, column 'company_id' - found int value: 135399
2025-06-08 10:32:25,368 [ERROR] DatabaseManager - DEBUG: Potential mismatch at record 415, column 'company_id' - found int value: 135357
2025-06-08 10:32:25,368 [ERROR] DatabaseManager - DEBUG: Potential mismatch at record 417, column 'company_id' - found int value: 135398
2025-06-08 10:32:25,368 [ERROR] DatabaseManager - DEBUG: Potential mismatch at record 440, column 'company_id' - found int value: 18677
2025-06-08 10:32:25,368 [ERROR] DatabaseManager - DEBUG: Potential mismatch at record 441, column 'company_id' - found int value: 123430
2025-06-08 10:32:25,368 [ERROR] DatabaseManager - DEBUG: Potential mismatch at record 444, column 'company_id' - found int value: 4505
2025-06-08 10:32:25,368 [ERROR] DatabaseManager - DEBUG: Potential mismatch at record 448, column 'company_id' - found int value: 426
2025-06-08 10:32:25,368 [ERROR] DatabaseManager - DEBUG: Potential mismatch at record 451, column 'company_id' - found int value: 135372
2025-06-08 10:32:25,368 [ERROR] DatabaseManager - DEBUG: Potential mismatch at record 452, column 'company_id' - found int value: 56389
2025-06-08 10:32:25,368 [ERROR] DatabaseManager - DEBUG: Potential mismatch at record 454, column 'company_id' - found int value: 39810
2025-06-08 10:32:25,368 [ERROR] DatabaseManager - DEBUG: Potential mismatch at record 456, column 'company_id' - found int value: 18445
2025-06-08 10:32:25,368 [ERROR] DatabaseManager - DEBUG: Potential mismatch at record 473, column 'company_id' - found int value: 15080
2025-06-08 10:32:25,368 [ERROR] DatabaseManager - DEBUG: Potential mismatch at record 476, column 'company_id' - found int value: 28552
2025-06-08 10:32:25,372 [ERROR] DatabaseManager - DEBUG: Potential mismatch at record 478, column 'company_id' - found int value: 122165
2025-06-08 10:32:25,372 [ERROR] DatabaseManager - DEBUG: Potential mismatch at record 479, column 'company_id' - found int value: 7757
2025-06-08 10:32:25,372 [ERROR] DatabaseManager - DEBUG: Potential mismatch at record 480, column 'company_id' - found int value: 1662
2025-06-08 10:32:25,372 [ERROR] DatabaseManager - DEBUG: Potential mismatch at record 482, column 'company_id' - found int value: 50979
2025-06-08 10:32:25,372 [ERROR] DatabaseManager - DEBUG: Potential mismatch at record 485, column 'company_id' - found int value: 135395
2025-06-08 10:32:25,372 [ERROR] DatabaseManager - DEBUG: Potential mismatch at record 486, column 'company_id' - found int value: 38105
2025-06-08 10:32:25,372 [ERROR] DatabaseManager - DEBUG: Potential mismatch at record 487, column 'company_id' - found int value: 50226
2025-06-08 10:32:25,373 [ERROR] DatabaseManager - DEBUG: Potential mismatch at record 489, column 'company_id' - found int value: 15112
2025-06-08 10:32:25,373 [ERROR] DatabaseManager - DEBUG: Potential mismatch at record 491, column 'company_id' - found int value: 1089
2025-06-08 10:32:25,373 [ERROR] DatabaseManager - DEBUG: Potential mismatch at record 492, column 'company_id' - found int value: 15494
2025-06-08 10:32:25,373 [ERROR] DatabaseManager - DEBUG: Potential mismatch at record 493, column 'company_id' - found int value: 118028
2025-06-08 10:32:25,373 [ERROR] DatabaseManager - DEBUG: Potential mismatch at record 494, column 'company_id' - found int value: 50979
2025-06-08 10:32:25,373 [ERROR] DatabaseManager - DEBUG: Potential mismatch at record 495, column 'company_id' - found int value: 93789
2025-06-08 10:32:25,373 [ERROR] DatabaseManager - DEBUG: Potential mismatch at record 510, column 'company_id' - found int value: 15616
2025-06-08 10:32:25,373 [ERROR] DatabaseManager - DEBUG: Potential mismatch at record 511, column 'company_id' - found int value: 2228
2025-06-08 10:32:25,373 [ERROR] DatabaseManager - DEBUG: Potential mismatch at record 513, column 'company_id' - found int value: 1588
2025-06-08 10:32:25,373 [ERROR] DatabaseManager - DEBUG: Potential mismatch at record 514, column 'company_id' - found int value: 4377
2025-06-08 10:32:25,373 [ERROR] DatabaseManager - DEBUG: Potential mismatch at record 515, column 'company_id' - found int value: 2228
2025-06-08 10:32:25,373 [ERROR] DatabaseManager - DEBUG: Potential mismatch at record 516, column 'company_id' - found int value: 54682
2025-06-08 10:32:25,373 [ERROR] DatabaseManager - DEBUG: Potential mismatch at record 521, column 'company_id' - found int value: 2480
2025-06-08 10:32:25,373 [ERROR] DatabaseManager - DEBUG: Potential mismatch at record 522, column 'company_id' - found int value: 21469
2025-06-08 10:32:25,373 [ERROR] DatabaseManager - DEBUG: Potential mismatch at record 523, column 'company_id' - found int value: 135412
2025-06-08 10:32:25,373 [ERROR] DatabaseManager - DEBUG: Potential mismatch at record 524, column 'company_id' - found int value: 74200
2025-06-08 10:32:25,373 [ERROR] DatabaseManager - DEBUG: Potential mismatch at record 525, column 'company_id' - found int value: 54682
2025-06-08 10:32:25,373 [ERROR] DatabaseManager - DEBUG: Potential mismatch at record 526, column 'company_id' - found int value: 135372
2025-06-08 10:32:25,373 [ERROR] DatabaseManager - DEBUG: Potential mismatch at record 527, column 'company_id' - found int value: 303
2025-06-08 10:32:25,373 [ERROR] DatabaseManager - DEBUG: Potential mismatch at record 528, column 'company_id' - found int value: 133840
2025-06-08 10:32:25,373 [ERROR] DatabaseManager - DEBUG: Potential mismatch at record 530, column 'company_id' - found int value: 78587
2025-06-08 10:32:25,373 [ERROR] DatabaseManager - DEBUG: Potential mismatch at record 531, column 'company_id' - found int value: 124334
2025-06-08 10:32:25,373 [ERROR] DatabaseManager - DEBUG: Potential mismatch at record 532, column 'company_id' - found int value: 17002
2025-06-08 10:32:25,373 [ERROR] DatabaseManager - DEBUG: Potential mismatch at record 533, column 'company_id' - found int value: 15550
2025-06-08 10:32:25,373 [ERROR] DatabaseManager - DEBUG: Potential mismatch at record 534, column 'company_id' - found int value: 17002
2025-06-08 10:32:25,373 [ERROR] DatabaseManager - DEBUG: Potential mismatch at record 535, column 'company_id' - found int value: 135356
2025-06-08 10:32:25,373 [ERROR] DatabaseManager - DEBUG: Potential mismatch at record 536, column 'company_id' - found int value: 17002
2025-06-08 10:32:25,373 [ERROR] DatabaseManager - DEBUG: Potential mismatch at record 537, column 'company_id' - found int value: 129413
2025-06-08 10:32:25,373 [ERROR] DatabaseManager - DEBUG: Potential mismatch at record 538, column 'company_id' - found int value: 17002
2025-06-08 10:32:25,373 [ERROR] DatabaseManager - DEBUG: Potential mismatch at record 544, column 'company_id' - found int value: 28423
2025-06-08 10:32:25,373 [ERROR] DatabaseManager - DEBUG: Potential mismatch at record 547, column 'company_id' - found int value: 44239
2025-06-08 10:32:25,373 [ERROR] DatabaseManager - DEBUG: Potential mismatch at record 548, column 'company_id' - found int value: 37646
2025-06-08 10:32:25,373 [ERROR] DatabaseManager - DEBUG: Potential mismatch at record 549, column 'company_id' - found int value: 441
2025-06-08 10:32:25,373 [ERROR] DatabaseManager - DEBUG: Potential mismatch at record 551, column 'company_id' - found int value: 65828
2025-06-08 10:32:25,373 [ERROR] DatabaseManager - DEBUG: Potential mismatch at record 552, column 'company_id' - found int value: 134282
2025-06-08 10:32:25,373 [ERROR] DatabaseManager - DEBUG: Potential mismatch at record 553, column 'company_id' - found int value: 134282
2025-06-08 10:32:25,373 [ERROR] DatabaseManager - DEBUG: Potential mismatch at record 554, column 'company_id' - found int value: 134282
2025-06-08 10:32:25,374 [ERROR] DatabaseManager - DEBUG: Potential mismatch at record 555, column 'company_id' - found int value: 92340
2025-06-08 10:32:25,374 [ERROR] DatabaseManager - DEBUG: Potential mismatch at record 556, column 'company_id' - found int value: 21305
2025-06-08 10:32:25,374 [ERROR] DatabaseManager - DEBUG: Potential mismatch at record 563, column 'company_id' - found int value: 135408
2025-06-08 10:32:25,374 [ERROR] DatabaseManager - DEBUG: Potential mismatch at record 564, column 'company_id' - found int value: 5430
2025-06-08 10:32:25,374 [ERROR] DatabaseManager - DEBUG: Potential mismatch at record 565, column 'company_id' - found int value: 67771
2025-06-08 10:32:25,374 [ERROR] DatabaseManager - DEBUG: Potential mismatch at record 568, column 'company_id' - found int value: 115348
2025-06-08 10:32:25,374 [ERROR] DatabaseManager - DEBUG: Potential mismatch at record 569, column 'company_id' - found int value: 78443
2025-06-08 10:32:25,374 [ERROR] DatabaseManager - DEBUG: Potential mismatch at record 570, column 'company_id' - found int value: 135392
2025-06-08 10:32:25,374 [ERROR] DatabaseManager - DEBUG: Potential mismatch at record 571, column 'company_id' - found int value: 251
2025-06-08 10:32:25,374 [ERROR] DatabaseManager - DEBUG: Potential mismatch at record 572, column 'company_id' - found int value: 80786
2025-06-08 10:32:25,374 [ERROR] DatabaseManager - DEBUG: Potential mismatch at record 573, column 'company_id' - found int value: 133663
2025-06-08 10:32:25,374 [ERROR] DatabaseManager - DEBUG: Potential mismatch at record 575, column 'company_id' - found int value: 105079
2025-06-08 10:32:25,374 [ERROR] DatabaseManager - DEBUG: Potential mismatch at record 576, column 'company_id' - found int value: 22842
2025-06-08 10:32:25,374 [ERROR] DatabaseManager - DEBUG: Potential mismatch at record 577, column 'company_id' - found int value: 15054
2025-06-08 10:32:25,374 [ERROR] DatabaseManager - DEBUG: Potential mismatch at record 578, column 'company_id' - found int value: 21351
2025-06-08 10:32:25,374 [ERROR] DatabaseManager - DEBUG: Potential mismatch at record 579, column 'company_id' - found int value: 9709
2025-06-08 10:32:25,374 [ERROR] DatabaseManager - DEBUG: Potential mismatch at record 580, column 'company_id' - found int value: 135403
2025-06-08 10:32:25,374 [ERROR] DatabaseManager - DEBUG: Potential mismatch at record 589, column 'company_id' - found int value: 48
2025-06-08 10:32:25,374 [ERROR] DatabaseManager - DEBUG: Potential mismatch at record 606, column 'company_id' - found int value: 135405
2025-06-08 10:32:25,374 [ERROR] DatabaseManager - DEBUG: Potential mismatch at record 607, column 'company_id' - found int value: 2194
2025-06-08 10:32:25,374 [ERROR] DatabaseManager - DEBUG: Potential mismatch at record 610, column 'company_id' - found int value: 128880
2025-06-08 10:32:25,374 [ERROR] DatabaseManager - DEBUG: Potential mismatch at record 611, column 'company_id' - found int value: 135404
2025-06-08 10:32:25,374 [ERROR] DatabaseManager - DEBUG: Potential mismatch at record 612, column 'company_id' - found int value: 135410
2025-06-08 10:32:25,374 [ERROR] DatabaseManager - DEBUG: Potential mismatch at record 613, column 'company_id' - found int value: 297
2025-06-08 10:32:25,374 [ERROR] DatabaseManager - DEBUG: Potential mismatch at record 614, column 'company_id' - found int value: 93334
2025-06-08 10:32:25,374 [ERROR] DatabaseManager - DEBUG: Potential mismatch at record 615, column 'company_id' - found int value: 113060
2025-06-08 10:32:25,374 [ERROR] DatabaseManager - DEBUG: Potential mismatch at record 616, column 'company_id' - found int value: 109212
2025-06-08 10:32:25,374 [ERROR] DatabaseManager - DEBUG: Potential mismatch at record 618, column 'company_id' - found int value: 17097
2025-06-08 10:32:25,374 [ERROR] DatabaseManager - DEBUG: Potential mismatch at record 619, column 'company_id' - found int value: 109272
2025-06-08 10:32:25,374 [ERROR] DatabaseManager - DEBUG: Potential mismatch at record 621, column 'company_id' - found int value: 135340
2025-06-08 10:32:25,374 [ERROR] DatabaseManager - DEBUG: Potential mismatch at record 622, column 'company_id' - found int value: 224
2025-06-08 10:32:25,374 [ERROR] DatabaseManager - DEBUG: Potential mismatch at record 628, column 'company_id' - found int value: 132063
2025-06-08 10:32:25,374 [ERROR] DatabaseManager - DEBUG: Potential mismatch at record 631, column 'company_id' - found int value: 15494
2025-06-08 10:32:25,375 [ERROR] DatabaseManager - DEBUG: Potential mismatch at record 654, column 'company_id' - found int value: 135409
2025-06-08 10:32:25,375 [ERROR] DatabaseManager - DEBUG: Potential mismatch at record 661, column 'company_id' - found int value: 68532
2025-06-08 10:32:25,375 [ERROR] DatabaseManager - DEBUG: Potential mismatch at record 668, column 'company_id' - found int value: 130763
2025-06-08 10:32:25,375 [ERROR] DatabaseManager - DEBUG: Potential mismatch at record 669, column 'company_id' - found int value: 135345
2025-06-08 10:32:25,375 [ERROR] DatabaseManager - DEBUG: Potential mismatch at record 687, column 'company_id' - found int value: 50288
2025-06-08 10:32:25,375 [ERROR] DatabaseManager - DEBUG: Potential mismatch at record 688, column 'company_id' - found int value: 17097
2025-06-08 10:32:25,375 [ERROR] DatabaseManager - DEBUG: Potential mismatch at record 699, column 'company_id' - found int value: 133839
2025-06-08 10:32:25,375 [ERROR] DatabaseManager - DEBUG: Potential mismatch at record 701, column 'company_id' - found int value: 115531
2025-06-08 10:32:25,375 [ERROR] DatabaseManager - DEBUG: Potential mismatch at record 712, column 'company_id' - found int value: 72710
2025-06-08 10:32:25,375 [ERROR] DatabaseManager - DEBUG: Potential mismatch at record 722, column 'company_id' - found int value: 134399
2025-06-08 10:32:25,375 [ERROR] DatabaseManager - DEBUG: Potential mismatch at record 723, column 'company_id' - found int value: 135093
2025-06-08 10:32:25,375 [ERROR] DatabaseManager - DEBUG: Potential mismatch at record 729, column 'company_id' - found int value: 134888
2025-06-08 10:32:25,375 [ERROR] DatabaseManager - DEBUG: Potential mismatch at record 730, column 'company_id' - found int value: 4333
2025-06-08 10:32:25,375 [ERROR] DatabaseManager - DEBUG: Potential mismatch at record 731, column 'company_id' - found int value: 70780
2025-06-08 10:32:25,375 [ERROR] DatabaseManager - DEBUG: Potential mismatch at record 733, column 'company_id' - found int value: 1374
2025-06-08 10:32:25,375 [ERROR] DatabaseManager - DEBUG: Potential mismatch at record 735, column 'company_id' - found int value: 24855
2025-06-08 10:32:25,375 [ERROR] DatabaseManager - DEBUG: Potential mismatch at record 736, column 'company_id' - found int value: 107502
2025-06-08 10:32:25,375 [ERROR] DatabaseManager - DEBUG: Potential mismatch at record 737, column 'company_id' - found int value: 1611
2025-06-08 10:32:25,375 [ERROR] DatabaseManager - DEBUG: Potential mismatch at record 738, column 'company_id' - found int value: 22264
2025-06-08 10:32:25,375 [ERROR] DatabaseManager - DEBUG: Potential mismatch at record 763, column 'company_id' - found int value: 127797
2025-06-08 10:32:25,376 [ERROR] DatabaseManager - DEBUG: Potential mismatch at record 820, column 'company_id' - found int value: 2481
2025-06-08 10:32:25,376 [ERROR] DatabaseManager - DEBUG: Potential mismatch at record 825, column 'company_id' - found int value: 79778
2025-06-08 10:32:25,376 [ERROR] DatabaseManager - DEBUG: Potential mismatch at record 829, column 'company_id' - found int value: 369
2025-06-08 10:32:25,376 [ERROR] DatabaseManager - DEBUG: Potential mismatch at record 861, column 'company_id' - found int value: 19294
2025-06-08 10:32:25,376 [ERROR] DatabaseManager - DEBUG: Potential mismatch at record 865, column 'company_id' - found int value: 2786
2025-06-08 10:32:25,376 [ERROR] DatabaseManager - DEBUG: Potential mismatch at record 889, column 'company_id' - found int value: 22780
2025-06-08 10:32:25,376 [ERROR] DatabaseManager - DEBUG: Potential mismatch at record 891, column 'company_id' - found int value: 2786
2025-06-08 10:32:25,376 [ERROR] DatabaseManager - DEBUG: Potential mismatch at record 892, column 'company_id' - found int value: 22780
2025-06-08 10:32:25,376 [ERROR] DatabaseManager - DEBUG: Potential mismatch at record 893, column 'company_id' - found int value: 20832
2025-06-08 10:32:25,376 [ERROR] DatabaseManager - DEBUG: Potential mismatch at record 897, column 'company_id' - found int value: 87974
2025-06-08 10:32:25,376 [ERROR] DatabaseManager - DEBUG: Potential mismatch at record 900, column 'company_id' - found int value: 22780
2025-06-08 10:32:25,376 [ERROR] DatabaseManager - DEBUG: Potential mismatch at record 904, column 'company_id' - found int value: 22780
2025-06-08 10:32:25,376 [ERROR] DatabaseManager - DEBUG: Potential mismatch at record 905, column 'company_id' - found int value: 20832
2025-06-08 10:32:25,376 [ERROR] DatabaseManager - DEBUG: Potential mismatch at record 911, column 'company_id' - found int value: 22780
2025-06-08 10:32:25,376 [ERROR] DatabaseManager - DEBUG: Potential mismatch at record 914, column 'company_id' - found int value: 22780
2025-06-08 10:32:25,376 [ERROR] DatabaseManager - DEBUG: Potential mismatch at record 922, column 'company_id' - found int value: 22780
2025-06-08 10:32:25,376 [ERROR] DatabaseManager - DEBUG: Potential mismatch at record 937, column 'company_id' - found int value: 22780
2025-06-08 10:32:25,376 [ERROR] DatabaseManager - DEBUG: Potential mismatch at record 954, column 'company_id' - found int value: 70450
2025-06-08 10:32:25,376 [ERROR] DatabaseManager - DEBUG: Potential mismatch at record 955, column 'company_id' - found int value: 297
2025-06-08 10:32:25,376 [ERROR] DatabaseManager - DEBUG: Potential mismatch at record 962, column 'company_id' - found int value: 22915
2025-06-08 10:32:25,376 [ERROR] DatabaseManager - DEBUG: Potential mismatch at record 970, column 'company_id' - found int value: 182
2025-06-08 10:32:25,377 [ERROR] DatabaseManager - DEBUG: Potential mismatch at record 971, column 'company_id' - found int value: 37073
2025-06-08 10:32:25,377 [ERROR] DatabaseManager - DEBUG: Potential mismatch at record 972, column 'company_id' - found int value: 182
2025-06-08 10:32:25,377 [ERROR] DatabaseManager - DEBUG: Potential mismatch at record 980, column 'company_id' - found int value: 182
2025-06-08 10:32:25,377 [ERROR] DatabaseManager - DEBUG: Potential mismatch at record 993, column 'company_id' - found int value: 182
2025-06-08 10:32:25,377 [ERROR] DatabaseManager - DEBUG: Potential mismatch at record 994, column 'company_id' - found int value: 182
2025-06-08 10:32:25,377 [ERROR] DatabaseManager - DEBUG: Potential mismatch at record 998, column 'company_id' - found int value: 2481
2025-06-08 10:32:25,497 [ERROR] DatabaseManager - Error inserting jobs into database: insert or update on table "jobs" violates foreign key constraint "jobs_job_board_id_fkey"
DETAIL:  Key (job_board_id)=(1) is not present in table "job_boards".
2025-06-08 10:32:25,498 [ERROR] DatabaseManager - Traceback (most recent call last):
  File "/app/src/db_manager.py", line 364, in insert_jobs
    result = await conn.execute(upsert_query)
             ^^^^^^^^^^^^^^^^^^^^^^^^^^^^^^^^
  File "/usr/local/lib/python3.11/site-packages/asyncpg/connection.py", line 350, in execute
    result = await self._protocol.query(query, timeout)
             ^^^^^^^^^^^^^^^^^^^^^^^^^^^^^^^^^^^^^^^^^^
  File "asyncpg/protocol/protocol.pyx", line 374, in query
asyncpg.exceptions.ForeignKeyViolationError: insert or update on table "jobs" violates foreign key constraint "jobs_job_board_id_fkey"
DETAIL:  Key (job_board_id)=(1) is not present in table "job_boards".

2025-06-08 10:32:50,071 [ERROR] DatabaseManager - DEBUG: Potential mismatch at record 21, column 'company_id' - found int value: 37073
2025-06-08 10:32:50,071 [ERROR] DatabaseManager - DEBUG: Potential mismatch at record 48, column 'company_id' - found int value: 904
2025-06-08 10:32:50,071 [ERROR] DatabaseManager - DEBUG: Potential mismatch at record 117, column 'company_id' - found int value: 28417
2025-06-08 10:32:50,072 [ERROR] DatabaseManager - DEBUG: Potential mismatch at record 169, column 'company_id' - found int value: 28417
2025-06-08 10:32:50,072 [ERROR] DatabaseManager - DEBUG: Potential mismatch at record 170, column 'company_id' - found int value: 74782
2025-06-08 10:32:50,072 [ERROR] DatabaseManager - DEBUG: Potential mismatch at record 208, column 'company_id' - found int value: 452
2025-06-08 10:32:50,072 [ERROR] DatabaseManager - DEBUG: Potential mismatch at record 257, column 'company_id' - found int value: 907
2025-06-08 10:32:50,072 [ERROR] DatabaseManager - DEBUG: Potential mismatch at record 260, column 'company_id' - found int value: 17858
2025-06-08 10:32:50,072 [ERROR] DatabaseManager - DEBUG: Potential mismatch at record 291, column 'company_id' - found int value: 224
2025-06-08 10:32:50,072 [ERROR] DatabaseManager - DEBUG: Potential mismatch at record 292, column 'company_id' - found int value: 224
2025-06-08 10:32:50,072 [ERROR] DatabaseManager - DEBUG: Potential mismatch at record 293, column 'company_id' - found int value: 224
2025-06-08 10:32:50,072 [ERROR] DatabaseManager - DEBUG: Potential mismatch at record 295, column 'company_id' - found int value: 108136
2025-06-08 10:32:50,072 [ERROR] DatabaseManager - DEBUG: Potential mismatch at record 297, column 'company_id' - found int value: 73304
2025-06-08 10:32:50,072 [ERROR] DatabaseManager - DEBUG: Potential mismatch at record 299, column 'company_id' - found int value: 73304
2025-06-08 10:32:50,072 [ERROR] DatabaseManager - DEBUG: Potential mismatch at record 302, column 'company_id' - found int value: 19046
2025-06-08 10:32:50,072 [ERROR] DatabaseManager - DEBUG: Potential mismatch at record 303, column 'company_id' - found int value: 2492
2025-06-08 10:32:50,072 [ERROR] DatabaseManager - DEBUG: Potential mismatch at record 304, column 'company_id' - found int value: 2492
2025-06-08 10:32:50,072 [ERROR] DatabaseManager - DEBUG: Potential mismatch at record 306, column 'company_id' - found int value: 2492
2025-06-08 10:32:50,072 [ERROR] DatabaseManager - DEBUG: Potential mismatch at record 324, column 'company_id' - found int value: 73304
2025-06-08 10:32:50,073 [ERROR] DatabaseManager - DEBUG: Potential mismatch at record 332, column 'company_id' - found int value: 3426
2025-06-08 10:32:50,073 [ERROR] DatabaseManager - DEBUG: Potential mismatch at record 333, column 'company_id' - found int value: 22055
2025-06-08 10:32:50,073 [ERROR] DatabaseManager - DEBUG: Potential mismatch at record 343, column 'company_id' - found int value: 22055
2025-06-08 10:32:50,073 [ERROR] DatabaseManager - DEBUG: Potential mismatch at record 360, column 'company_id' - found int value: 102770
2025-06-08 10:32:50,073 [ERROR] DatabaseManager - DEBUG: Potential mismatch at record 364, column 'company_id' - found int value: 72871
2025-06-08 10:32:50,073 [ERROR] DatabaseManager - DEBUG: Potential mismatch at record 366, column 'company_id' - found int value: 20874
2025-06-08 10:32:50,073 [ERROR] DatabaseManager - DEBUG: Potential mismatch at record 385, column 'company_id' - found int value: 14931
2025-06-08 10:32:50,073 [ERROR] DatabaseManager - DEBUG: Potential mismatch at record 394, column 'company_id' - found int value: 14931
2025-06-08 10:32:50,073 [ERROR] DatabaseManager - DEBUG: Potential mismatch at record 397, column 'company_id' - found int value: 133511
2025-06-08 10:32:50,073 [ERROR] DatabaseManager - DEBUG: Potential mismatch at record 401, column 'company_id' - found int value: 348
2025-06-08 10:32:50,073 [ERROR] DatabaseManager - DEBUG: Potential mismatch at record 407, column 'company_id' - found int value: 58027
2025-06-08 10:32:50,073 [ERROR] DatabaseManager - DEBUG: Potential mismatch at record 551, column 'company_id' - found int value: 32587
2025-06-08 10:32:50,073 [ERROR] DatabaseManager - DEBUG: Potential mismatch at record 554, column 'company_id' - found int value: 2381
2025-06-08 10:32:50,074 [ERROR] DatabaseManager - DEBUG: Potential mismatch at record 757, column 'company_id' - found int value: 26043
2025-06-08 10:32:50,074 [ERROR] DatabaseManager - DEBUG: Potential mismatch at record 847, column 'company_id' - found int value: 100603
2025-06-08 10:32:50,074 [ERROR] DatabaseManager - DEBUG: Potential mismatch at record 853, column 'company_id' - found int value: 11177
2025-06-08 10:32:50,074 [ERROR] DatabaseManager - DEBUG: Potential mismatch at record 903, column 'company_id' - found int value: 127611
2025-06-08 10:32:50,184 [ERROR] DatabaseManager - Error inserting jobs into database: insert or update on table "jobs" violates foreign key constraint "jobs_job_board_id_fkey"
DETAIL:  Key (job_board_id)=(1) is not present in table "job_boards".
2025-06-08 10:32:50,184 [ERROR] DatabaseManager - Traceback (most recent call last):
  File "/app/src/db_manager.py", line 364, in insert_jobs
    result = await conn.execute(upsert_query)
             ^^^^^^^^^^^^^^^^^^^^^^^^^^^^^^^^
  File "/usr/local/lib/python3.11/site-packages/asyncpg/connection.py", line 350, in execute
    result = await self._protocol.query(query, timeout)
             ^^^^^^^^^^^^^^^^^^^^^^^^^^^^^^^^^^^^^^^^^^
  File "asyncpg/protocol/protocol.pyx", line 374, in query
asyncpg.exceptions.ForeignKeyViolationError: insert or update on table "jobs" violates foreign key constraint "jobs_job_board_id_fkey"
DETAIL:  Key (job_board_id)=(1) is not present in table "job_boards".

2025-06-08 10:33:15,208 [ERROR] DatabaseManager - DEBUG: Potential mismatch at record 492, column 'company_id' - found int value: 117348
2025-06-08 10:33:15,208 [ERROR] DatabaseManager - DEBUG: Potential mismatch at record 533, column 'company_id' - found int value: 18382
2025-06-08 10:33:15,209 [ERROR] DatabaseManager - DEBUG: Potential mismatch at record 538, column 'company_id' - found int value: 122856
2025-06-08 10:33:15,209 [ERROR] DatabaseManager - DEBUG: Potential mismatch at record 564, column 'company_id' - found int value: 82619
2025-06-08 10:33:15,209 [ERROR] DatabaseManager - DEBUG: Potential mismatch at record 632, column 'company_id' - found int value: 1346
2025-06-08 10:33:15,209 [ERROR] DatabaseManager - DEBUG: Potential mismatch at record 708, column 'company_id' - found int value: 111477
2025-06-08 10:33:15,210 [ERROR] DatabaseManager - DEBUG: Potential mismatch at record 803, column 'company_id' - found int value: 80564
2025-06-08 10:33:15,210 [ERROR] DatabaseManager - DEBUG: Potential mismatch at record 864, column 'company_id' - found int value: 80564
2025-06-08 10:33:15,210 [ERROR] DatabaseManager - DEBUG: Potential mismatch at record 885, column 'company_id' - found int value: 80564
2025-06-08 10:33:15,312 [ERROR] DatabaseManager - Error inserting jobs into database: insert or update on table "jobs" violates foreign key constraint "jobs_job_board_id_fkey"
DETAIL:  Key (job_board_id)=(1) is not present in table "job_boards".
2025-06-08 10:33:15,313 [ERROR] DatabaseManager - Traceback (most recent call last):
  File "/app/src/db_manager.py", line 364, in insert_jobs
    result = await conn.execute(upsert_query)
             ^^^^^^^^^^^^^^^^^^^^^^^^^^^^^^^^
  File "/usr/local/lib/python3.11/site-packages/asyncpg/connection.py", line 350, in execute
    result = await self._protocol.query(query, timeout)
             ^^^^^^^^^^^^^^^^^^^^^^^^^^^^^^^^^^^^^^^^^^
  File "asyncpg/protocol/protocol.pyx", line 374, in query
asyncpg.exceptions.ForeignKeyViolationError: insert or update on table "jobs" violates foreign key constraint "jobs_job_board_id_fkey"
DETAIL:  Key (job_board_id)=(1) is not present in table "job_boards".

2025-06-08 10:33:40,193 [ERROR] DatabaseManager - DEBUG: Potential mismatch at record 22, column 'company_id' - found int value: 9521
2025-06-08 10:33:40,194 [ERROR] DatabaseManager - DEBUG: Potential mismatch at record 160, column 'company_id' - found int value: 125019
2025-06-08 10:33:40,194 [ERROR] DatabaseManager - DEBUG: Potential mismatch at record 176, column 'company_id' - found int value: 125019
2025-06-08 10:33:40,194 [ERROR] DatabaseManager - DEBUG: Potential mismatch at record 273, column 'company_id' - found int value: 130726
2025-06-08 10:33:40,195 [ERROR] DatabaseManager - DEBUG: Potential mismatch at record 449, column 'company_id' - found int value: 64094
2025-06-08 10:33:40,195 [ERROR] DatabaseManager - DEBUG: Potential mismatch at record 506, column 'company_id' - found int value: 64094
2025-06-08 10:33:40,195 [ERROR] DatabaseManager - DEBUG: Potential mismatch at record 535, column 'company_id' - found int value: 132007
2025-06-08 10:33:40,195 [ERROR] DatabaseManager - DEBUG: Potential mismatch at record 536, column 'company_id' - found int value: 132007
2025-06-08 10:33:40,195 [ERROR] DatabaseManager - DEBUG: Potential mismatch at record 590, column 'company_id' - found int value: 96481
2025-06-08 10:33:40,195 [ERROR] DatabaseManager - DEBUG: Potential mismatch at record 623, column 'company_id' - found int value: 12219
2025-06-08 10:33:40,195 [ERROR] DatabaseManager - DEBUG: Potential mismatch at record 627, column 'company_id' - found int value: 64094
2025-06-08 10:33:40,196 [ERROR] DatabaseManager - DEBUG: Potential mismatch at record 777, column 'company_id' - found int value: 65746
2025-06-08 10:33:40,196 [ERROR] DatabaseManager - DEBUG: Potential mismatch at record 832, column 'company_id' - found int value: 129399
2025-06-08 10:33:40,196 [ERROR] DatabaseManager - DEBUG: Potential mismatch at record 859, column 'company_id' - found int value: 104289
2025-06-08 10:33:40,196 [ERROR] DatabaseManager - DEBUG: Potential mismatch at record 894, column 'company_id' - found int value: 106928
2025-06-08 10:33:40,300 [ERROR] DatabaseManager - Error inserting jobs into database: insert or update on table "jobs" violates foreign key constraint "jobs_job_board_id_fkey"
DETAIL:  Key (job_board_id)=(1) is not present in table "job_boards".
2025-06-08 10:33:40,301 [ERROR] DatabaseManager - Traceback (most recent call last):
  File "/app/src/db_manager.py", line 364, in insert_jobs
    result = await conn.execute(upsert_query)
             ^^^^^^^^^^^^^^^^^^^^^^^^^^^^^^^^
  File "/usr/local/lib/python3.11/site-packages/asyncpg/connection.py", line 350, in execute
    result = await self._protocol.query(query, timeout)
             ^^^^^^^^^^^^^^^^^^^^^^^^^^^^^^^^^^^^^^^^^^
  File "asyncpg/protocol/protocol.pyx", line 374, in query
asyncpg.exceptions.ForeignKeyViolationError: insert or update on table "jobs" violates foreign key constraint "jobs_job_board_id_fkey"
DETAIL:  Key (job_board_id)=(1) is not present in table "job_boards".

2025-06-08 10:34:20,488 [ERROR] DatabaseManager - DEBUG: Potential mismatch at record 49, column 'company_id' - found int value: 113604
2025-06-08 10:34:20,488 [ERROR] DatabaseManager - DEBUG: Potential mismatch at record 83, column 'company_id' - found int value: 113604
2025-06-08 10:34:20,489 [ERROR] DatabaseManager - DEBUG: Potential mismatch at record 84, column 'company_id' - found int value: 119498
2025-06-08 10:34:20,489 [ERROR] DatabaseManager - DEBUG: Potential mismatch at record 85, column 'company_id' - found int value: 15488
2025-06-08 10:34:20,489 [ERROR] DatabaseManager - DEBUG: Potential mismatch at record 141, column 'company_id' - found int value: 72209
2025-06-08 10:34:20,490 [ERROR] DatabaseManager - DEBUG: Potential mismatch at record 192, column 'company_id' - found int value: 93019
2025-06-08 10:34:20,490 [ERROR] DatabaseManager - DEBUG: Potential mismatch at record 289, column 'company_id' - found int value: 92707
2025-06-08 10:34:20,490 [ERROR] DatabaseManager - DEBUG: Potential mismatch at record 291, column 'company_id' - found int value: 1573
2025-06-08 10:34:20,491 [ERROR] DatabaseManager - DEBUG: Potential mismatch at record 361, column 'company_id' - found int value: 134877
2025-06-08 10:34:20,491 [ERROR] DatabaseManager - DEBUG: Potential mismatch at record 362, column 'company_id' - found int value: 72209
2025-06-08 10:34:20,491 [ERROR] DatabaseManager - DEBUG: Potential mismatch at record 409, column 'company_id' - found int value: 116694
2025-06-08 10:34:20,492 [ERROR] DatabaseManager - DEBUG: Potential mismatch at record 496, column 'company_id' - found int value: 129172
2025-06-08 10:34:20,492 [ERROR] DatabaseManager - DEBUG: Potential mismatch at record 627, column 'company_id' - found int value: 15619
2025-06-08 10:34:20,493 [ERROR] DatabaseManager - DEBUG: Potential mismatch at record 700, column 'company_id' - found int value: 52049
2025-06-08 10:34:20,493 [ERROR] DatabaseManager - DEBUG: Potential mismatch at record 707, column 'company_id' - found int value: 21469
2025-06-08 10:34:20,493 [ERROR] DatabaseManager - DEBUG: Potential mismatch at record 782, column 'company_id' - found int value: 113013
2025-06-08 10:34:20,494 [ERROR] DatabaseManager - DEBUG: Potential mismatch at record 904, column 'company_id' - found int value: 2463
2025-06-08 10:34:20,494 [ERROR] DatabaseManager - DEBUG: Potential mismatch at record 906, column 'company_id' - found int value: 87398
2025-06-08 10:34:20,494 [ERROR] DatabaseManager - DEBUG: Potential mismatch at record 907, column 'company_id' - found int value: 88649
2025-06-08 10:34:20,495 [ERROR] DatabaseManager - DEBUG: Potential mismatch at record 928, column 'company_id' - found int value: 3855
2025-06-08 10:34:20,495 [ERROR] DatabaseManager - DEBUG: Potential mismatch at record 935, column 'company_id' - found int value: 4108
2025-06-08 10:34:20,495 [ERROR] DatabaseManager - DEBUG: Potential mismatch at record 936, column 'company_id' - found int value: 3855
2025-06-08 10:34:20,495 [ERROR] DatabaseManager - DEBUG: Potential mismatch at record 997, column 'company_id' - found int value: 83191
2025-06-08 10:34:20,609 [ERROR] DatabaseManager - Error inserting jobs into database: insert or update on table "jobs" violates foreign key constraint "jobs_job_board_id_fkey"
DETAIL:  Key (job_board_id)=(1) is not present in table "job_boards".
2025-06-08 10:34:20,609 [ERROR] DatabaseManager - Traceback (most recent call last):
  File "/app/src/db_manager.py", line 364, in insert_jobs
    result = await conn.execute(upsert_query)
             ^^^^^^^^^^^^^^^^^^^^^^^^^^^^^^^^
  File "/usr/local/lib/python3.11/site-packages/asyncpg/connection.py", line 350, in execute
    result = await self._protocol.query(query, timeout)
             ^^^^^^^^^^^^^^^^^^^^^^^^^^^^^^^^^^^^^^^^^^
  File "asyncpg/protocol/protocol.pyx", line 374, in query
asyncpg.exceptions.ForeignKeyViolationError: insert or update on table "jobs" violates foreign key constraint "jobs_job_board_id_fkey"
DETAIL:  Key (job_board_id)=(1) is not present in table "job_boards".

2025-06-08 10:34:45,897 [ERROR] DatabaseManager - DEBUG: Potential mismatch at record 4, column 'company_id' - found int value: 1210
2025-06-08 10:34:45,897 [ERROR] DatabaseManager - DEBUG: Potential mismatch at record 40, column 'company_id' - found int value: 18445
2025-06-08 10:34:45,897 [ERROR] DatabaseManager - DEBUG: Potential mismatch at record 46, column 'company_id' - found int value: 18445
2025-06-08 10:34:45,897 [ERROR] DatabaseManager - DEBUG: Potential mismatch at record 52, column 'company_id' - found int value: 129178
2025-06-08 10:34:45,897 [ERROR] DatabaseManager - DEBUG: Potential mismatch at record 86, column 'company_id' - found int value: 18445
2025-06-08 10:34:45,897 [ERROR] DatabaseManager - DEBUG: Potential mismatch at record 117, column 'company_id' - found int value: 2082
2025-06-08 10:34:45,898 [ERROR] DatabaseManager - DEBUG: Potential mismatch at record 164, column 'company_id' - found int value: 2529
2025-06-08 10:34:45,898 [ERROR] DatabaseManager - DEBUG: Potential mismatch at record 198, column 'company_id' - found int value: 52049
2025-06-08 10:34:45,898 [ERROR] DatabaseManager - DEBUG: Potential mismatch at record 229, column 'company_id' - found int value: 9709
2025-06-08 10:34:45,898 [ERROR] DatabaseManager - DEBUG: Potential mismatch at record 244, column 'company_id' - found int value: 49364
2025-06-08 10:34:45,898 [ERROR] DatabaseManager - DEBUG: Potential mismatch at record 273, column 'company_id' - found int value: 109538
2025-06-08 10:34:45,898 [ERROR] DatabaseManager - DEBUG: Potential mismatch at record 274, column 'company_id' - found int value: 109538
2025-06-08 10:34:45,898 [ERROR] DatabaseManager - DEBUG: Potential mismatch at record 308, column 'company_id' - found int value: 3855
2025-06-08 10:34:45,898 [ERROR] DatabaseManager - DEBUG: Potential mismatch at record 309, column 'company_id' - found int value: 52049
2025-06-08 10:34:45,898 [ERROR] DatabaseManager - DEBUG: Potential mismatch at record 318, column 'company_id' - found int value: 33943
2025-06-08 10:34:45,898 [ERROR] DatabaseManager - DEBUG: Potential mismatch at record 321, column 'company_id' - found int value: 52017
2025-06-08 10:34:45,898 [ERROR] DatabaseManager - DEBUG: Potential mismatch at record 366, column 'company_id' - found int value: 25779
2025-06-08 10:34:45,899 [ERROR] DatabaseManager - DEBUG: Potential mismatch at record 378, column 'company_id' - found int value: 14805
2025-06-08 10:34:45,899 [ERROR] DatabaseManager - DEBUG: Potential mismatch at record 391, column 'company_id' - found int value: 15761
2025-06-08 10:34:45,899 [ERROR] DatabaseManager - DEBUG: Potential mismatch at record 400, column 'company_id' - found int value: 134880
2025-06-08 10:34:45,899 [ERROR] DatabaseManager - DEBUG: Potential mismatch at record 406, column 'company_id' - found int value: 2998
2025-06-08 10:34:45,899 [ERROR] DatabaseManager - DEBUG: Potential mismatch at record 412, column 'company_id' - found int value: 2998
2025-06-08 10:34:45,899 [ERROR] DatabaseManager - DEBUG: Potential mismatch at record 416, column 'company_id' - found int value: 2998
2025-06-08 10:34:45,899 [ERROR] DatabaseManager - DEBUG: Potential mismatch at record 419, column 'company_id' - found int value: 2998
2025-06-08 10:34:45,899 [ERROR] DatabaseManager - DEBUG: Potential mismatch at record 423, column 'company_id' - found int value: 134880
2025-06-08 10:34:45,899 [ERROR] DatabaseManager - DEBUG: Potential mismatch at record 450, column 'company_id' - found int value: 134880
2025-06-08 10:34:45,899 [ERROR] DatabaseManager - DEBUG: Potential mismatch at record 451, column 'company_id' - found int value: 96077
2025-06-08 10:34:45,899 [ERROR] DatabaseManager - DEBUG: Potential mismatch at record 508, column 'company_id' - found int value: 115973
2025-06-08 10:34:45,899 [ERROR] DatabaseManager - DEBUG: Potential mismatch at record 511, column 'company_id' - found int value: 99782
2025-06-08 10:34:45,900 [ERROR] DatabaseManager - DEBUG: Potential mismatch at record 584, column 'company_id' - found int value: 102126
2025-06-08 10:34:45,900 [ERROR] DatabaseManager - DEBUG: Potential mismatch at record 589, column 'company_id' - found int value: 1228
2025-06-08 10:34:45,900 [ERROR] DatabaseManager - DEBUG: Potential mismatch at record 600, column 'company_id' - found int value: 15427
2025-06-08 10:34:45,900 [ERROR] DatabaseManager - DEBUG: Potential mismatch at record 601, column 'company_id' - found int value: 15427
2025-06-08 10:34:45,900 [ERROR] DatabaseManager - DEBUG: Potential mismatch at record 631, column 'company_id' - found int value: 15427
2025-06-08 10:34:45,900 [ERROR] DatabaseManager - DEBUG: Potential mismatch at record 647, column 'company_id' - found int value: 15427
2025-06-08 10:34:45,900 [ERROR] DatabaseManager - DEBUG: Potential mismatch at record 657, column 'company_id' - found int value: 15427
2025-06-08 10:34:45,900 [ERROR] DatabaseManager - DEBUG: Potential mismatch at record 659, column 'company_id' - found int value: 15427
2025-06-08 10:34:45,900 [ERROR] DatabaseManager - DEBUG: Potential mismatch at record 688, column 'company_id' - found int value: 26945
2025-06-08 10:34:45,901 [ERROR] DatabaseManager - DEBUG: Potential mismatch at record 690, column 'company_id' - found int value: 64287
2025-06-08 10:34:45,901 [ERROR] DatabaseManager - DEBUG: Potential mismatch at record 691, column 'company_id' - found int value: 100720
2025-06-08 10:34:45,901 [ERROR] DatabaseManager - DEBUG: Potential mismatch at record 693, column 'company_id' - found int value: 132241
2025-06-08 10:34:45,901 [ERROR] DatabaseManager - DEBUG: Potential mismatch at record 695, column 'company_id' - found int value: 64287
2025-06-08 10:34:45,901 [ERROR] DatabaseManager - DEBUG: Potential mismatch at record 708, column 'company_id' - found int value: 118326
2025-06-08 10:34:45,901 [ERROR] DatabaseManager - DEBUG: Potential mismatch at record 709, column 'company_id' - found int value: 118326
2025-06-08 10:34:45,901 [ERROR] DatabaseManager - DEBUG: Potential mismatch at record 735, column 'company_id' - found int value: 115973
2025-06-08 10:34:45,901 [ERROR] DatabaseManager - DEBUG: Potential mismatch at record 736, column 'company_id' - found int value: 118326
2025-06-08 10:34:45,901 [ERROR] DatabaseManager - DEBUG: Potential mismatch at record 744, column 'company_id' - found int value: 78415
2025-06-08 10:34:45,901 [ERROR] DatabaseManager - DEBUG: Potential mismatch at record 753, column 'company_id' - found int value: 83244
2025-06-08 10:34:45,901 [ERROR] DatabaseManager - DEBUG: Potential mismatch at record 782, column 'company_id' - found int value: 118326
2025-06-08 10:34:45,901 [ERROR] DatabaseManager - DEBUG: Potential mismatch at record 791, column 'company_id' - found int value: 72003
2025-06-08 10:34:45,901 [ERROR] DatabaseManager - DEBUG: Potential mismatch at record 797, column 'company_id' - found int value: 94726
2025-06-08 10:34:45,902 [ERROR] DatabaseManager - DEBUG: Potential mismatch at record 815, column 'company_id' - found int value: 103387
2025-06-08 10:34:45,902 [ERROR] DatabaseManager - DEBUG: Potential mismatch at record 817, column 'company_id' - found int value: 133956
2025-06-08 10:34:45,902 [ERROR] DatabaseManager - DEBUG: Potential mismatch at record 821, column 'company_id' - found int value: 10925
2025-06-08 10:34:45,902 [ERROR] DatabaseManager - DEBUG: Potential mismatch at record 838, column 'company_id' - found int value: 516
2025-06-08 10:34:45,902 [ERROR] DatabaseManager - DEBUG: Potential mismatch at record 841, column 'company_id' - found int value: 585
2025-06-08 10:34:45,902 [ERROR] DatabaseManager - DEBUG: Potential mismatch at record 842, column 'company_id' - found int value: 56444
2025-06-08 10:34:45,902 [ERROR] DatabaseManager - DEBUG: Potential mismatch at record 895, column 'company_id' - found int value: 69
2025-06-08 10:34:45,902 [ERROR] DatabaseManager - DEBUG: Potential mismatch at record 896, column 'company_id' - found int value: 130020
2025-06-08 10:34:45,902 [ERROR] DatabaseManager - DEBUG: Potential mismatch at record 902, column 'company_id' - found int value: 109770
2025-06-08 10:34:45,902 [ERROR] DatabaseManager - DEBUG: Potential mismatch at record 903, column 'company_id' - found int value: 45818
2025-06-08 10:34:45,902 [ERROR] DatabaseManager - DEBUG: Potential mismatch at record 904, column 'company_id' - found int value: 130020
2025-06-08 10:34:45,902 [ERROR] DatabaseManager - DEBUG: Potential mismatch at record 913, column 'company_id' - found int value: 461
2025-06-08 10:34:45,902 [ERROR] DatabaseManager - DEBUG: Potential mismatch at record 946, column 'company_id' - found int value: 131727
2025-06-08 10:34:45,902 [ERROR] DatabaseManager - DEBUG: Potential mismatch at record 947, column 'company_id' - found int value: 21877
2025-06-08 10:34:45,903 [ERROR] DatabaseManager - DEBUG: Potential mismatch at record 948, column 'company_id' - found int value: 1498
2025-06-08 10:34:45,903 [ERROR] DatabaseManager - DEBUG: Potential mismatch at record 966, column 'company_id' - found int value: 100122
2025-06-08 10:34:45,903 [ERROR] DatabaseManager - DEBUG: Potential mismatch at record 969, column 'company_id' - found int value: 16879
2025-06-08 10:34:45,903 [ERROR] DatabaseManager - DEBUG: Potential mismatch at record 970, column 'company_id' - found int value: 18445
2025-06-08 10:34:45,903 [ERROR] DatabaseManager - DEBUG: Potential mismatch at record 972, column 'company_id' - found int value: 26091
2025-06-08 10:34:46,019 [ERROR] DatabaseManager - Error inserting jobs into database: insert or update on table "jobs" violates foreign key constraint "jobs_job_board_id_fkey"
DETAIL:  Key (job_board_id)=(1) is not present in table "job_boards".
2025-06-08 10:34:46,019 [ERROR] DatabaseManager - Traceback (most recent call last):
  File "/app/src/db_manager.py", line 364, in insert_jobs
    result = await conn.execute(upsert_query)
             ^^^^^^^^^^^^^^^^^^^^^^^^^^^^^^^^
  File "/usr/local/lib/python3.11/site-packages/asyncpg/connection.py", line 350, in execute
    result = await self._protocol.query(query, timeout)
             ^^^^^^^^^^^^^^^^^^^^^^^^^^^^^^^^^^^^^^^^^^
  File "asyncpg/protocol/protocol.pyx", line 374, in query
asyncpg.exceptions.ForeignKeyViolationError: insert or update on table "jobs" violates foreign key constraint "jobs_job_board_id_fkey"
DETAIL:  Key (job_board_id)=(1) is not present in table "job_boards".

