2025-06-08 10:15:31,267 [INFO] DatabaseManager - Logger DatabaseManager initialized at level INFO. Log file: job_data/logs/DatabaseManager_20250608_101531.log
2025-06-08 10:15:31,405 [INFO] DatabaseManager - Logger DatabaseManager initialized at level INFO. Log file: job_data/logs/DatabaseManager_20250608_101531.log
2025-06-08 10:15:32,817 [INFO] DatabaseManager - Connected to database: PostgreSQL 15.13 on x86_64-pc-linux-musl, compiled by gcc (Alpine 14.2.0) 14.2.0, 64-bit
2025-06-08 10:15:32,832 [INFO] DatabaseManager - Database connection established and tables verified
2025-06-08 10:15:32,841 [INFO] DatabaseManager - Connected to database: PostgreSQL 15.13 on x86_64-pc-linux-musl, compiled by gcc (Alpine 14.2.0) 14.2.0, 64-bit
2025-06-08 10:15:32,852 [INFO] DatabaseManager - Database connection established and tables verified
2025-06-08 10:15:33,449 [INFO] DatabaseManager - Connected to database: PostgreSQL 15.13 on x86_64-pc-linux-musl, compiled by gcc (Alpine 14.2.0) 14.2.0, 64-bit
2025-06-08 10:15:33,466 [INFO] DatabaseManager - Database connection established and tables verified
2025-06-08 10:15:33,919 [INFO] DatabaseManager - Connected to database: PostgreSQL 15.13 on x86_64-pc-linux-musl, compiled by gcc (Alpine 14.2.0) 14.2.0, 64-bit
2025-06-08 10:15:33,962 [INFO] DatabaseManager - Database connection established and tables verified
2025-06-08 10:15:57,902 [ERROR] DatabaseManager - DEBUG: Potential mismatch at record 0, column 'company_id' - found int value: 22691
2025-06-08 10:15:57,902 [ERROR] DatabaseManager - DEBUG: Potential mismatch at record 1, column 'company_id' - found int value: 20237
2025-06-08 10:15:57,902 [ERROR] DatabaseManager - DEBUG: Potential mismatch at record 2, column 'company_id' - found int value: 20237
2025-06-08 10:15:57,902 [ERROR] DatabaseManager - DEBUG: Potential mismatch at record 3, column 'company_id' - found int value: 15944
2025-06-08 10:15:57,902 [ERROR] DatabaseManager - DEBUG: Potential mismatch at record 4, column 'company_id' - found int value: 95298
2025-06-08 10:15:57,902 [ERROR] DatabaseManager - DEBUG: Potential mismatch at record 6, column 'company_id' - found int value: 20237
2025-06-08 10:15:57,902 [ERROR] DatabaseManager - DEBUG: Potential mismatch at record 15, column 'company_id' - found int value: 117409
2025-06-08 10:15:57,902 [ERROR] DatabaseManager - DEBUG: Potential mismatch at record 16, column 'company_id' - found int value: 28658
2025-06-08 10:15:57,903 [ERROR] DatabaseManager - DEBUG: Potential mismatch at record 17, column 'company_id' - found int value: 101353
2025-06-08 10:15:57,903 [ERROR] DatabaseManager - DEBUG: Potential mismatch at record 18, column 'company_id' - found int value: 5040
2025-06-08 10:15:57,903 [ERROR] DatabaseManager - DEBUG: Potential mismatch at record 21, column 'company_id' - found int value: 20237
2025-06-08 10:15:57,903 [ERROR] DatabaseManager - DEBUG: Potential mismatch at record 22, column 'company_id' - found int value: 20237
2025-06-08 10:15:57,903 [ERROR] DatabaseManager - DEBUG: Potential mismatch at record 23, column 'company_id' - found int value: 24503
2025-06-08 10:15:57,903 [ERROR] DatabaseManager - DEBUG: Potential mismatch at record 24, column 'company_id' - found int value: 130703
2025-06-08 10:15:57,903 [ERROR] DatabaseManager - DEBUG: Potential mismatch at record 25, column 'company_id' - found int value: 18194
2025-06-08 10:15:57,903 [ERROR] DatabaseManager - DEBUG: Potential mismatch at record 26, column 'company_id' - found int value: 24657
2025-06-08 10:15:57,903 [ERROR] DatabaseManager - DEBUG: Potential mismatch at record 28, column 'company_id' - found int value: 18190
2025-06-08 10:15:57,903 [ERROR] DatabaseManager - DEBUG: Potential mismatch at record 30, column 'company_id' - found int value: 3275
2025-06-08 10:15:57,903 [ERROR] DatabaseManager - DEBUG: Potential mismatch at record 31, column 'company_id' - found int value: 119103
2025-06-08 10:15:57,903 [ERROR] DatabaseManager - DEBUG: Potential mismatch at record 32, column 'company_id' - found int value: 130257
2025-06-08 10:15:57,903 [ERROR] DatabaseManager - DEBUG: Potential mismatch at record 35, column 'company_id' - found int value: 127756
2025-06-08 10:15:57,903 [ERROR] DatabaseManager - DEBUG: Potential mismatch at record 36, column 'company_id' - found int value: 127756
2025-06-08 10:15:57,903 [ERROR] DatabaseManager - DEBUG: Potential mismatch at record 37, column 'company_id' - found int value: 669
2025-06-08 10:15:57,903 [ERROR] DatabaseManager - DEBUG: Potential mismatch at record 86, column 'company_id' - found int value: 15123
2025-06-08 10:15:57,903 [ERROR] DatabaseManager - DEBUG: Potential mismatch at record 87, column 'company_id' - found int value: 28658
2025-06-08 10:15:57,903 [ERROR] DatabaseManager - DEBUG: Potential mismatch at record 89, column 'company_id' - found int value: 15016
2025-06-08 10:15:57,904 [ERROR] DatabaseManager - DEBUG: Potential mismatch at record 94, column 'company_id' - found int value: 25712
2025-06-08 10:15:57,904 [ERROR] DatabaseManager - DEBUG: Potential mismatch at record 101, column 'company_id' - found int value: 15761
2025-06-08 10:15:57,904 [ERROR] DatabaseManager - DEBUG: Potential mismatch at record 104, column 'company_id' - found int value: 94556
2025-06-08 10:15:57,904 [ERROR] DatabaseManager - DEBUG: Potential mismatch at record 137, column 'company_id' - found int value: 24657
2025-06-08 10:15:57,904 [ERROR] DatabaseManager - DEBUG: Potential mismatch at record 138, column 'company_id' - found int value: 20591
2025-06-08 10:15:57,904 [ERROR] DatabaseManager - DEBUG: Potential mismatch at record 141, column 'company_id' - found int value: 117409
2025-06-08 10:15:57,904 [ERROR] DatabaseManager - DEBUG: Potential mismatch at record 142, column 'company_id' - found int value: 28637
2025-06-08 10:15:57,904 [ERROR] DatabaseManager - DEBUG: Potential mismatch at record 143, column 'company_id' - found int value: 17144
2025-06-08 10:15:57,904 [ERROR] DatabaseManager - DEBUG: Potential mismatch at record 150, column 'company_id' - found int value: 28658
2025-06-08 10:15:57,904 [ERROR] DatabaseManager - DEBUG: Potential mismatch at record 157, column 'company_id' - found int value: 5443
2025-06-08 10:15:57,904 [ERROR] DatabaseManager - DEBUG: Potential mismatch at record 159, column 'company_id' - found int value: 15761
2025-06-08 10:15:57,904 [ERROR] DatabaseManager - DEBUG: Potential mismatch at record 165, column 'company_id' - found int value: 89466
2025-06-08 10:15:57,904 [ERROR] DatabaseManager - DEBUG: Potential mismatch at record 166, column 'company_id' - found int value: 89466
2025-06-08 10:15:57,904 [ERROR] DatabaseManager - DEBUG: Potential mismatch at record 167, column 'company_id' - found int value: 14940
2025-06-08 10:15:57,904 [ERROR] DatabaseManager - DEBUG: Potential mismatch at record 168, column 'company_id' - found int value: 2998
2025-06-08 10:15:57,904 [ERROR] DatabaseManager - DEBUG: Potential mismatch at record 183, column 'company_id' - found int value: 15761
2025-06-08 10:15:57,904 [ERROR] DatabaseManager - DEBUG: Potential mismatch at record 201, column 'company_id' - found int value: 15761
2025-06-08 10:15:57,905 [ERROR] DatabaseManager - DEBUG: Potential mismatch at record 203, column 'company_id' - found int value: 110686
2025-06-08 10:15:57,905 [ERROR] DatabaseManager - DEBUG: Potential mismatch at record 204, column 'company_id' - found int value: 1543
2025-06-08 10:15:57,905 [ERROR] DatabaseManager - DEBUG: Potential mismatch at record 205, column 'company_id' - found int value: 121871
2025-06-08 10:15:57,905 [ERROR] DatabaseManager - DEBUG: Potential mismatch at record 220, column 'company_id' - found int value: 744
2025-06-08 10:15:57,905 [ERROR] DatabaseManager - DEBUG: Potential mismatch at record 232, column 'company_id' - found int value: 1543
2025-06-08 10:15:57,905 [ERROR] DatabaseManager - DEBUG: Potential mismatch at record 233, column 'company_id' - found int value: 96438
2025-06-08 10:15:57,905 [ERROR] DatabaseManager - DEBUG: Potential mismatch at record 234, column 'company_id' - found int value: 18484
2025-06-08 10:15:57,905 [ERROR] DatabaseManager - DEBUG: Potential mismatch at record 239, column 'company_id' - found int value: 15761
2025-06-08 10:15:57,905 [ERROR] DatabaseManager - DEBUG: Potential mismatch at record 252, column 'company_id' - found int value: 34923
2025-06-08 10:15:57,905 [ERROR] DatabaseManager - DEBUG: Potential mismatch at record 253, column 'company_id' - found int value: 80080
2025-06-08 10:15:57,905 [ERROR] DatabaseManager - DEBUG: Potential mismatch at record 269, column 'company_id' - found int value: 22349
2025-06-08 10:15:57,905 [ERROR] DatabaseManager - DEBUG: Potential mismatch at record 270, column 'company_id' - found int value: 1287
2025-06-08 10:15:57,905 [ERROR] DatabaseManager - DEBUG: Potential mismatch at record 271, column 'company_id' - found int value: 1543
2025-06-08 10:15:57,905 [ERROR] DatabaseManager - DEBUG: Potential mismatch at record 272, column 'company_id' - found int value: 122200
2025-06-08 10:15:57,905 [ERROR] DatabaseManager - DEBUG: Potential mismatch at record 273, column 'company_id' - found int value: 128728
2025-06-08 10:15:57,905 [ERROR] DatabaseManager - DEBUG: Potential mismatch at record 274, column 'company_id' - found int value: 18445
2025-06-08 10:15:57,905 [ERROR] DatabaseManager - DEBUG: Potential mismatch at record 275, column 'company_id' - found int value: 81893
2025-06-08 10:15:57,905 [ERROR] DatabaseManager - DEBUG: Potential mismatch at record 276, column 'company_id' - found int value: 1543
2025-06-08 10:15:57,905 [ERROR] DatabaseManager - DEBUG: Potential mismatch at record 277, column 'company_id' - found int value: 20020
2025-06-08 10:15:57,905 [ERROR] DatabaseManager - DEBUG: Potential mismatch at record 278, column 'company_id' - found int value: 103303
2025-06-08 10:15:57,905 [ERROR] DatabaseManager - DEBUG: Potential mismatch at record 279, column 'company_id' - found int value: 123067
2025-06-08 10:15:57,905 [ERROR] DatabaseManager - DEBUG: Potential mismatch at record 280, column 'company_id' - found int value: 15761
2025-06-08 10:15:57,906 [ERROR] DatabaseManager - DEBUG: Potential mismatch at record 282, column 'company_id' - found int value: 27920
2025-06-08 10:15:57,906 [ERROR] DatabaseManager - DEBUG: Potential mismatch at record 283, column 'company_id' - found int value: 94691
2025-06-08 10:15:57,906 [ERROR] DatabaseManager - DEBUG: Potential mismatch at record 284, column 'company_id' - found int value: 15502
2025-06-08 10:15:57,906 [ERROR] DatabaseManager - DEBUG: Potential mismatch at record 286, column 'company_id' - found int value: 46059
2025-06-08 10:15:57,906 [ERROR] DatabaseManager - DEBUG: Potential mismatch at record 287, column 'company_id' - found int value: 1158
2025-06-08 10:15:57,906 [ERROR] DatabaseManager - DEBUG: Potential mismatch at record 289, column 'company_id' - found int value: 15761
2025-06-08 10:15:57,906 [ERROR] DatabaseManager - DEBUG: Potential mismatch at record 292, column 'company_id' - found int value: 2177
2025-06-08 10:15:57,906 [ERROR] DatabaseManager - DEBUG: Potential mismatch at record 293, column 'company_id' - found int value: 225
2025-06-08 10:15:57,906 [ERROR] DatabaseManager - DEBUG: Potential mismatch at record 294, column 'company_id' - found int value: 27920
2025-06-08 10:15:57,906 [ERROR] DatabaseManager - DEBUG: Potential mismatch at record 299, column 'company_id' - found int value: 1792
2025-06-08 10:15:57,906 [ERROR] DatabaseManager - DEBUG: Potential mismatch at record 301, column 'company_id' - found int value: 29483
2025-06-08 10:15:57,906 [ERROR] DatabaseManager - DEBUG: Potential mismatch at record 317, column 'company_id' - found int value: 63452
2025-06-08 10:15:57,906 [ERROR] DatabaseManager - DEBUG: Potential mismatch at record 319, column 'company_id' - found int value: 133475
2025-06-08 10:15:57,906 [ERROR] DatabaseManager - DEBUG: Potential mismatch at record 327, column 'company_id' - found int value: 15138
2025-06-08 10:15:57,906 [ERROR] DatabaseManager - DEBUG: Potential mismatch at record 347, column 'company_id' - found int value: 1792
2025-06-08 10:15:57,906 [ERROR] DatabaseManager - DEBUG: Potential mismatch at record 348, column 'company_id' - found int value: 15761
2025-06-08 10:15:57,906 [ERROR] DatabaseManager - DEBUG: Potential mismatch at record 351, column 'company_id' - found int value: 34156
2025-06-08 10:15:57,906 [ERROR] DatabaseManager - DEBUG: Potential mismatch at record 353, column 'company_id' - found int value: 21670
2025-06-08 10:15:57,906 [ERROR] DatabaseManager - DEBUG: Potential mismatch at record 355, column 'company_id' - found int value: 4782
2025-06-08 10:15:57,906 [ERROR] DatabaseManager - DEBUG: Potential mismatch at record 357, column 'company_id' - found int value: 10599
2025-06-08 10:15:57,906 [ERROR] DatabaseManager - DEBUG: Potential mismatch at record 358, column 'company_id' - found int value: 1780
2025-06-08 10:15:57,907 [ERROR] DatabaseManager - DEBUG: Potential mismatch at record 370, column 'company_id' - found int value: 78587
2025-06-08 10:15:57,907 [ERROR] DatabaseManager - DEBUG: Potential mismatch at record 371, column 'company_id' - found int value: 18773
2025-06-08 10:15:57,907 [ERROR] DatabaseManager - DEBUG: Potential mismatch at record 372, column 'company_id' - found int value: 99
2025-06-08 10:15:57,907 [ERROR] DatabaseManager - DEBUG: Potential mismatch at record 373, column 'company_id' - found int value: 117409
2025-06-08 10:15:57,907 [ERROR] DatabaseManager - DEBUG: Potential mismatch at record 374, column 'company_id' - found int value: 18773
2025-06-08 10:15:57,907 [ERROR] DatabaseManager - DEBUG: Potential mismatch at record 375, column 'company_id' - found int value: 18773
2025-06-08 10:15:57,907 [ERROR] DatabaseManager - DEBUG: Potential mismatch at record 376, column 'company_id' - found int value: 18773
2025-06-08 10:15:57,907 [ERROR] DatabaseManager - DEBUG: Potential mismatch at record 377, column 'company_id' - found int value: 18773
2025-06-08 10:15:57,907 [ERROR] DatabaseManager - DEBUG: Potential mismatch at record 378, column 'company_id' - found int value: 18773
2025-06-08 10:15:57,907 [ERROR] DatabaseManager - DEBUG: Potential mismatch at record 379, column 'company_id' - found int value: 14717
2025-06-08 10:15:57,907 [ERROR] DatabaseManager - DEBUG: Potential mismatch at record 380, column 'company_id' - found int value: 81510
2025-06-08 10:15:57,907 [ERROR] DatabaseManager - DEBUG: Potential mismatch at record 381, column 'company_id' - found int value: 18773
2025-06-08 10:15:57,907 [ERROR] DatabaseManager - DEBUG: Potential mismatch at record 387, column 'company_id' - found int value: 25338
2025-06-08 10:15:57,907 [ERROR] DatabaseManager - DEBUG: Potential mismatch at record 388, column 'company_id' - found int value: 39438
2025-06-08 10:15:57,907 [ERROR] DatabaseManager - DEBUG: Potential mismatch at record 389, column 'company_id' - found int value: 96674
2025-06-08 10:15:57,907 [ERROR] DatabaseManager - DEBUG: Potential mismatch at record 390, column 'company_id' - found int value: 116880
2025-06-08 10:15:57,907 [ERROR] DatabaseManager - DEBUG: Potential mismatch at record 391, column 'company_id' - found int value: 21972
2025-06-08 10:15:57,907 [ERROR] DatabaseManager - DEBUG: Potential mismatch at record 392, column 'company_id' - found int value: 17224
2025-06-08 10:15:57,907 [ERROR] DatabaseManager - DEBUG: Potential mismatch at record 393, column 'company_id' - found int value: 116880
2025-06-08 10:15:57,908 [ERROR] DatabaseManager - DEBUG: Potential mismatch at record 401, column 'company_id' - found int value: 16054
2025-06-08 10:15:57,908 [ERROR] DatabaseManager - DEBUG: Potential mismatch at record 402, column 'company_id' - found int value: 16054
2025-06-08 10:15:57,908 [ERROR] DatabaseManager - DEBUG: Potential mismatch at record 404, column 'company_id' - found int value: 15761
2025-06-08 10:15:57,908 [ERROR] DatabaseManager - DEBUG: Potential mismatch at record 406, column 'company_id' - found int value: 43552
2025-06-08 10:15:57,908 [ERROR] DatabaseManager - DEBUG: Potential mismatch at record 407, column 'company_id' - found int value: 30391
2025-06-08 10:15:57,908 [ERROR] DatabaseManager - DEBUG: Potential mismatch at record 408, column 'company_id' - found int value: 80332
2025-06-08 10:15:57,908 [ERROR] DatabaseManager - DEBUG: Potential mismatch at record 422, column 'company_id' - found int value: 114031
2025-06-08 10:15:57,908 [ERROR] DatabaseManager - DEBUG: Potential mismatch at record 423, column 'company_id' - found int value: 116572
2025-06-08 10:15:57,908 [ERROR] DatabaseManager - DEBUG: Potential mismatch at record 424, column 'company_id' - found int value: 28130
2025-06-08 10:15:57,908 [ERROR] DatabaseManager - DEBUG: Potential mismatch at record 425, column 'company_id' - found int value: 18037
2025-06-08 10:15:57,908 [ERROR] DatabaseManager - DEBUG: Potential mismatch at record 426, column 'company_id' - found int value: 61466
2025-06-08 10:15:57,908 [ERROR] DatabaseManager - DEBUG: Potential mismatch at record 427, column 'company_id' - found int value: 16054
2025-06-08 10:15:57,908 [ERROR] DatabaseManager - DEBUG: Potential mismatch at record 431, column 'company_id' - found int value: 11371
2025-06-08 10:15:57,908 [ERROR] DatabaseManager - DEBUG: Potential mismatch at record 433, column 'company_id' - found int value: 107785
2025-06-08 10:15:57,908 [ERROR] DatabaseManager - DEBUG: Potential mismatch at record 440, column 'company_id' - found int value: 16871
2025-06-08 10:15:57,908 [ERROR] DatabaseManager - DEBUG: Potential mismatch at record 441, column 'company_id' - found int value: 24209
2025-06-08 10:15:57,908 [ERROR] DatabaseManager - DEBUG: Potential mismatch at record 446, column 'company_id' - found int value: 59936
2025-06-08 10:15:57,908 [ERROR] DatabaseManager - DEBUG: Potential mismatch at record 447, column 'company_id' - found int value: 23542
2025-06-08 10:15:57,908 [ERROR] DatabaseManager - DEBUG: Potential mismatch at record 448, column 'company_id' - found int value: 15262
2025-06-08 10:15:57,908 [ERROR] DatabaseManager - DEBUG: Potential mismatch at record 467, column 'company_id' - found int value: 16871
2025-06-08 10:15:57,909 [ERROR] DatabaseManager - DEBUG: Potential mismatch at record 468, column 'company_id' - found int value: 16871
2025-06-08 10:15:57,909 [ERROR] DatabaseManager - DEBUG: Potential mismatch at record 469, column 'company_id' - found int value: 97872
2025-06-08 10:15:57,909 [ERROR] DatabaseManager - DEBUG: Potential mismatch at record 472, column 'company_id' - found int value: 19399
2025-06-08 10:15:57,909 [ERROR] DatabaseManager - DEBUG: Potential mismatch at record 483, column 'company_id' - found int value: 5
2025-06-08 10:15:57,909 [ERROR] DatabaseManager - DEBUG: Potential mismatch at record 487, column 'company_id' - found int value: 805
2025-06-08 10:15:57,909 [ERROR] DatabaseManager - DEBUG: Potential mismatch at record 488, column 'company_id' - found int value: 26306
2025-06-08 10:15:57,909 [ERROR] DatabaseManager - DEBUG: Potential mismatch at record 489, column 'company_id' - found int value: 29398
2025-06-08 10:15:57,909 [ERROR] DatabaseManager - DEBUG: Potential mismatch at record 491, column 'company_id' - found int value: 16871
2025-06-08 10:15:57,909 [ERROR] DatabaseManager - DEBUG: Potential mismatch at record 492, column 'company_id' - found int value: 105526
2025-06-08 10:15:57,909 [ERROR] DatabaseManager - DEBUG: Potential mismatch at record 502, column 'company_id' - found int value: 80643
2025-06-08 10:15:57,909 [ERROR] DatabaseManager - DEBUG: Potential mismatch at record 503, column 'company_id' - found int value: 19
2025-06-08 10:15:57,909 [ERROR] DatabaseManager - DEBUG: Potential mismatch at record 504, column 'company_id' - found int value: 97281
2025-06-08 10:15:57,909 [ERROR] DatabaseManager - DEBUG: Potential mismatch at record 508, column 'company_id' - found int value: 53491
2025-06-08 10:15:57,909 [ERROR] DatabaseManager - DEBUG: Potential mismatch at record 509, column 'company_id' - found int value: 57636
2025-06-08 10:15:57,909 [ERROR] DatabaseManager - DEBUG: Potential mismatch at record 510, column 'company_id' - found int value: 19656
2025-06-08 10:15:57,909 [ERROR] DatabaseManager - DEBUG: Potential mismatch at record 511, column 'company_id' - found int value: 37646
2025-06-08 10:15:57,909 [ERROR] DatabaseManager - DEBUG: Potential mismatch at record 512, column 'company_id' - found int value: 18445
2025-06-08 10:15:57,909 [ERROR] DatabaseManager - DEBUG: Potential mismatch at record 519, column 'company_id' - found int value: 28658
2025-06-08 10:15:57,909 [ERROR] DatabaseManager - DEBUG: Potential mismatch at record 520, column 'company_id' - found int value: 19046
2025-06-08 10:15:57,909 [ERROR] DatabaseManager - DEBUG: Potential mismatch at record 521, column 'company_id' - found int value: 16871
2025-06-08 10:15:57,909 [ERROR] DatabaseManager - DEBUG: Potential mismatch at record 526, column 'company_id' - found int value: 117409
2025-06-08 10:15:57,909 [ERROR] DatabaseManager - DEBUG: Potential mismatch at record 528, column 'company_id' - found int value: 120133
2025-06-08 10:15:57,909 [ERROR] DatabaseManager - DEBUG: Potential mismatch at record 529, column 'company_id' - found int value: 70520
2025-06-08 10:15:57,909 [ERROR] DatabaseManager - DEBUG: Potential mismatch at record 530, column 'company_id' - found int value: 132506
2025-06-08 10:15:57,910 [ERROR] DatabaseManager - DEBUG: Potential mismatch at record 532, column 'company_id' - found int value: 4269
2025-06-08 10:15:57,910 [ERROR] DatabaseManager - DEBUG: Potential mismatch at record 533, column 'company_id' - found int value: 18445
2025-06-08 10:15:57,910 [ERROR] DatabaseManager - DEBUG: Potential mismatch at record 537, column 'company_id' - found int value: 9957
2025-06-08 10:15:57,910 [ERROR] DatabaseManager - DEBUG: Potential mismatch at record 538, column 'company_id' - found int value: 36154
2025-06-08 10:15:57,910 [ERROR] DatabaseManager - DEBUG: Potential mismatch at record 539, column 'company_id' - found int value: 106156
2025-06-08 10:15:57,910 [ERROR] DatabaseManager - DEBUG: Potential mismatch at record 561, column 'company_id' - found int value: 15985
2025-06-08 10:15:57,910 [ERROR] DatabaseManager - DEBUG: Potential mismatch at record 562, column 'company_id' - found int value: 20591
2025-06-08 10:15:57,910 [ERROR] DatabaseManager - DEBUG: Potential mismatch at record 571, column 'company_id' - found int value: 20591
2025-06-08 10:15:57,910 [ERROR] DatabaseManager - DEBUG: Potential mismatch at record 572, column 'company_id' - found int value: 98618
2025-06-08 10:15:57,910 [ERROR] DatabaseManager - DEBUG: Potential mismatch at record 574, column 'company_id' - found int value: 15851
2025-06-08 10:15:57,910 [ERROR] DatabaseManager - DEBUG: Potential mismatch at record 575, column 'company_id' - found int value: 190
2025-06-08 10:15:57,910 [ERROR] DatabaseManager - DEBUG: Potential mismatch at record 578, column 'company_id' - found int value: 77119
2025-06-08 10:15:57,910 [ERROR] DatabaseManager - DEBUG: Potential mismatch at record 579, column 'company_id' - found int value: 7153
2025-06-08 10:15:57,910 [ERROR] DatabaseManager - DEBUG: Potential mismatch at record 580, column 'company_id' - found int value: 99412
2025-06-08 10:15:57,910 [ERROR] DatabaseManager - DEBUG: Potential mismatch at record 615, column 'company_id' - found int value: 15377
2025-06-08 10:15:57,910 [ERROR] DatabaseManager - DEBUG: Potential mismatch at record 616, column 'company_id' - found int value: 26402
2025-06-08 10:15:57,910 [ERROR] DatabaseManager - DEBUG: Potential mismatch at record 617, column 'company_id' - found int value: 48385
2025-06-08 10:15:57,910 [ERROR] DatabaseManager - DEBUG: Potential mismatch at record 620, column 'company_id' - found int value: 2553
2025-06-08 10:15:57,910 [ERROR] DatabaseManager - DEBUG: Potential mismatch at record 621, column 'company_id' - found int value: 15403
2025-06-08 10:15:57,910 [ERROR] DatabaseManager - DEBUG: Potential mismatch at record 622, column 'company_id' - found int value: 20361
2025-06-08 10:15:57,911 [ERROR] DatabaseManager - DEBUG: Potential mismatch at record 629, column 'company_id' - found int value: 15985
2025-06-08 10:15:57,911 [ERROR] DatabaseManager - DEBUG: Potential mismatch at record 630, column 'company_id' - found int value: 135397
2025-06-08 10:15:57,911 [ERROR] DatabaseManager - DEBUG: Potential mismatch at record 633, column 'company_id' - found int value: 57279
2025-06-08 10:15:57,911 [ERROR] DatabaseManager - DEBUG: Potential mismatch at record 634, column 'company_id' - found int value: 15985
2025-06-08 10:15:57,911 [ERROR] DatabaseManager - DEBUG: Potential mismatch at record 635, column 'company_id' - found int value: 16109
2025-06-08 10:15:57,911 [ERROR] DatabaseManager - DEBUG: Potential mismatch at record 644, column 'company_id' - found int value: 133947
2025-06-08 10:15:57,911 [ERROR] DatabaseManager - DEBUG: Potential mismatch at record 646, column 'company_id' - found int value: 707
2025-06-08 10:15:57,911 [ERROR] DatabaseManager - DEBUG: Potential mismatch at record 647, column 'company_id' - found int value: 135411
2025-06-08 10:15:57,911 [ERROR] DatabaseManager - DEBUG: Potential mismatch at record 674, column 'company_id' - found int value: 40158
2025-06-08 10:15:57,911 [ERROR] DatabaseManager - DEBUG: Potential mismatch at record 685, column 'company_id' - found int value: 17067
2025-06-08 10:15:57,911 [ERROR] DatabaseManager - DEBUG: Potential mismatch at record 701, column 'company_id' - found int value: 61877
2025-06-08 10:15:57,911 [ERROR] DatabaseManager - DEBUG: Potential mismatch at record 702, column 'company_id' - found int value: 9161
2025-06-08 10:15:57,911 [ERROR] DatabaseManager - DEBUG: Potential mismatch at record 718, column 'company_id' - found int value: 37168
2025-06-08 10:15:57,911 [ERROR] DatabaseManager - DEBUG: Potential mismatch at record 719, column 'company_id' - found int value: 121284
2025-06-08 10:15:57,911 [ERROR] DatabaseManager - DEBUG: Potential mismatch at record 720, column 'company_id' - found int value: 91764
2025-06-08 10:15:57,911 [ERROR] DatabaseManager - DEBUG: Potential mismatch at record 734, column 'company_id' - found int value: 15429
2025-06-08 10:15:57,911 [ERROR] DatabaseManager - DEBUG: Potential mismatch at record 735, column 'company_id' - found int value: 82778
2025-06-08 10:15:57,911 [ERROR] DatabaseManager - DEBUG: Potential mismatch at record 736, column 'company_id' - found int value: 2169
2025-06-08 10:15:57,912 [ERROR] DatabaseManager - DEBUG: Potential mismatch at record 753, column 'company_id' - found int value: 74381
2025-06-08 10:15:57,912 [ERROR] DatabaseManager - DEBUG: Potential mismatch at record 754, column 'company_id' - found int value: 207
2025-06-08 10:15:57,912 [ERROR] DatabaseManager - DEBUG: Potential mismatch at record 755, column 'company_id' - found int value: 89393
2025-06-08 10:15:57,912 [ERROR] DatabaseManager - DEBUG: Potential mismatch at record 771, column 'company_id' - found int value: 15120
2025-06-08 10:15:57,912 [ERROR] DatabaseManager - DEBUG: Potential mismatch at record 773, column 'company_id' - found int value: 15930
2025-06-08 10:15:57,912 [ERROR] DatabaseManager - DEBUG: Potential mismatch at record 781, column 'company_id' - found int value: 1245
2025-06-08 10:15:57,912 [ERROR] DatabaseManager - DEBUG: Potential mismatch at record 782, column 'company_id' - found int value: 15120
2025-06-08 10:15:57,912 [ERROR] DatabaseManager - DEBUG: Potential mismatch at record 806, column 'company_id' - found int value: 2169
2025-06-08 10:15:57,912 [ERROR] DatabaseManager - DEBUG: Potential mismatch at record 807, column 'company_id' - found int value: 93789
2025-06-08 10:15:57,912 [ERROR] DatabaseManager - DEBUG: Potential mismatch at record 813, column 'company_id' - found int value: 135376
2025-06-08 10:15:57,912 [ERROR] DatabaseManager - DEBUG: Potential mismatch at record 814, column 'company_id' - found int value: 65828
2025-06-08 10:15:57,912 [ERROR] DatabaseManager - DEBUG: Potential mismatch at record 815, column 'company_id' - found int value: 11684
2025-06-08 10:15:57,912 [ERROR] DatabaseManager - DEBUG: Potential mismatch at record 816, column 'company_id' - found int value: 179
2025-06-08 10:15:57,912 [ERROR] DatabaseManager - DEBUG: Potential mismatch at record 817, column 'company_id' - found int value: 236
2025-06-08 10:15:57,913 [ERROR] DatabaseManager - DEBUG: Potential mismatch at record 818, column 'company_id' - found int value: 464
2025-06-08 10:15:57,913 [ERROR] DatabaseManager - DEBUG: Potential mismatch at record 827, column 'company_id' - found int value: 24649
2025-06-08 10:15:57,913 [ERROR] DatabaseManager - DEBUG: Potential mismatch at record 829, column 'company_id' - found int value: 19
2025-06-08 10:15:57,913 [ERROR] DatabaseManager - DEBUG: Potential mismatch at record 830, column 'company_id' - found int value: 274
2025-06-08 10:15:57,913 [ERROR] DatabaseManager - DEBUG: Potential mismatch at record 831, column 'company_id' - found int value: 115348
2025-06-08 10:15:57,913 [ERROR] DatabaseManager - DEBUG: Potential mismatch at record 832, column 'company_id' - found int value: 70457
2025-06-08 10:15:57,913 [ERROR] DatabaseManager - DEBUG: Potential mismatch at record 837, column 'company_id' - found int value: 348
2025-06-08 10:15:57,913 [ERROR] DatabaseManager - DEBUG: Potential mismatch at record 838, column 'company_id' - found int value: 58237
2025-06-08 10:15:57,913 [ERROR] DatabaseManager - DEBUG: Potential mismatch at record 839, column 'company_id' - found int value: 61466
2025-06-08 10:15:57,913 [ERROR] DatabaseManager - DEBUG: Potential mismatch at record 845, column 'company_id' - found int value: 21515
2025-06-08 10:15:57,913 [ERROR] DatabaseManager - DEBUG: Potential mismatch at record 846, column 'company_id' - found int value: 69256
2025-06-08 10:15:57,913 [ERROR] DatabaseManager - DEBUG: Potential mismatch at record 850, column 'company_id' - found int value: 15930
2025-06-08 10:15:57,913 [ERROR] DatabaseManager - DEBUG: Potential mismatch at record 853, column 'company_id' - found int value: 21515
2025-06-08 10:15:57,913 [ERROR] DatabaseManager - DEBUG: Potential mismatch at record 863, column 'company_id' - found int value: 17002
2025-06-08 10:15:57,913 [ERROR] DatabaseManager - DEBUG: Potential mismatch at record 864, column 'company_id' - found int value: 37433
2025-06-08 10:15:57,913 [ERROR] DatabaseManager - DEBUG: Potential mismatch at record 865, column 'company_id' - found int value: 17002
2025-06-08 10:15:57,913 [ERROR] DatabaseManager - DEBUG: Potential mismatch at record 866, column 'company_id' - found int value: 102345
2025-06-08 10:15:57,913 [ERROR] DatabaseManager - DEBUG: Potential mismatch at record 869, column 'company_id' - found int value: 15403
2025-06-08 10:15:57,913 [ERROR] DatabaseManager - DEBUG: Potential mismatch at record 870, column 'company_id' - found int value: 19797
2025-06-08 10:15:57,913 [ERROR] DatabaseManager - DEBUG: Potential mismatch at record 871, column 'company_id' - found int value: 27531
2025-06-08 10:15:57,913 [ERROR] DatabaseManager - DEBUG: Potential mismatch at record 872, column 'company_id' - found int value: 135374
2025-06-08 10:15:57,913 [ERROR] DatabaseManager - DEBUG: Potential mismatch at record 873, column 'company_id' - found int value: 18445
2025-06-08 10:15:57,913 [ERROR] DatabaseManager - DEBUG: Potential mismatch at record 874, column 'company_id' - found int value: 110712
2025-06-08 10:15:57,914 [ERROR] DatabaseManager - DEBUG: Potential mismatch at record 876, column 'company_id' - found int value: 65828
2025-06-08 10:15:57,914 [ERROR] DatabaseManager - DEBUG: Potential mismatch at record 877, column 'company_id' - found int value: 132049
2025-06-08 10:15:57,914 [ERROR] DatabaseManager - DEBUG: Potential mismatch at record 879, column 'company_id' - found int value: 37433
2025-06-08 10:15:57,914 [ERROR] DatabaseManager - DEBUG: Potential mismatch at record 904, column 'company_id' - found int value: 22675
2025-06-08 10:15:57,914 [ERROR] DatabaseManager - DEBUG: Potential mismatch at record 909, column 'company_id' - found int value: 3251
2025-06-08 10:15:57,914 [ERROR] DatabaseManager - DEBUG: Potential mismatch at record 911, column 'company_id' - found int value: 18402
2025-06-08 10:15:57,914 [ERROR] DatabaseManager - DEBUG: Potential mismatch at record 918, column 'company_id' - found int value: 16054
2025-06-08 10:15:57,914 [ERROR] DatabaseManager - DEBUG: Potential mismatch at record 919, column 'company_id' - found int value: 23464
2025-06-08 10:15:57,914 [ERROR] DatabaseManager - DEBUG: Potential mismatch at record 923, column 'company_id' - found int value: 15427
2025-06-08 10:15:57,914 [ERROR] DatabaseManager - DEBUG: Potential mismatch at record 949, column 'company_id' - found int value: 518
2025-06-08 10:15:57,914 [ERROR] DatabaseManager - DEBUG: Potential mismatch at record 950, column 'company_id' - found int value: 80239
2025-06-08 10:15:57,914 [ERROR] DatabaseManager - DEBUG: Potential mismatch at record 951, column 'company_id' - found int value: 17765
2025-06-08 10:15:57,914 [ERROR] DatabaseManager - DEBUG: Potential mismatch at record 952, column 'company_id' - found int value: 56882
2025-06-08 10:15:57,914 [ERROR] DatabaseManager - DEBUG: Potential mismatch at record 953, column 'company_id' - found int value: 27504
2025-06-08 10:15:57,914 [ERROR] DatabaseManager - DEBUG: Potential mismatch at record 956, column 'company_id' - found int value: 15555
2025-06-08 10:15:57,914 [ERROR] DatabaseManager - DEBUG: Potential mismatch at record 958, column 'company_id' - found int value: 18402
2025-06-08 10:15:57,914 [ERROR] DatabaseManager - DEBUG: Potential mismatch at record 959, column 'company_id' - found int value: 25338
2025-06-08 10:15:57,914 [ERROR] DatabaseManager - DEBUG: Potential mismatch at record 960, column 'company_id' - found int value: 112655
2025-06-08 10:15:57,914 [ERROR] DatabaseManager - DEBUG: Potential mismatch at record 961, column 'company_id' - found int value: 10522
2025-06-08 10:15:57,914 [ERROR] DatabaseManager - DEBUG: Potential mismatch at record 962, column 'company_id' - found int value: 113870
2025-06-08 10:15:57,914 [ERROR] DatabaseManager - DEBUG: Potential mismatch at record 963, column 'company_id' - found int value: 18402
2025-06-08 10:15:57,914 [ERROR] DatabaseManager - DEBUG: Potential mismatch at record 964, column 'company_id' - found int value: 50314
2025-06-08 10:15:57,914 [ERROR] DatabaseManager - DEBUG: Potential mismatch at record 965, column 'company_id' - found int value: 50314
2025-06-08 10:15:57,915 [ERROR] DatabaseManager - DEBUG: Potential mismatch at record 970, column 'company_id' - found int value: 117409
2025-06-08 10:15:57,915 [ERROR] DatabaseManager - DEBUG: Potential mismatch at record 977, column 'company_id' - found int value: 17765
2025-06-08 10:15:57,915 [ERROR] DatabaseManager - DEBUG: Potential mismatch at record 978, column 'company_id' - found int value: 24836
2025-06-08 10:15:57,915 [ERROR] DatabaseManager - DEBUG: Potential mismatch at record 979, column 'company_id' - found int value: 45302
2025-06-08 10:15:57,915 [ERROR] DatabaseManager - DEBUG: Potential mismatch at record 985, column 'company_id' - found int value: 41418
2025-06-08 10:15:57,915 [ERROR] DatabaseManager - DEBUG: Potential mismatch at record 991, column 'company_id' - found int value: 1389
2025-06-08 10:15:57,915 [ERROR] DatabaseManager - DEBUG: Potential mismatch at record 998, column 'company_id' - found int value: 52690
2025-06-08 10:15:58,099 [ERROR] DatabaseManager - Error inserting jobs into database: insert or update on table "jobs" violates foreign key constraint "jobs_company_id_fkey"
DETAIL:  Key (company_id)=(22691) is not present in table "companies".
2025-06-08 10:15:58,103 [ERROR] DatabaseManager - Traceback (most recent call last):
  File "/app/src/db_manager.py", line 364, in insert_jobs
    result = await conn.execute(upsert_query)
             ^^^^^^^^^^^^^^^^^^^^^^^^^^^^^^^^
  File "/usr/local/lib/python3.11/site-packages/asyncpg/connection.py", line 350, in execute
    result = await self._protocol.query(query, timeout)
             ^^^^^^^^^^^^^^^^^^^^^^^^^^^^^^^^^^^^^^^^^^
  File "asyncpg/protocol/protocol.pyx", line 374, in query
asyncpg.exceptions.ForeignKeyViolationError: insert or update on table "jobs" violates foreign key constraint "jobs_company_id_fkey"
DETAIL:  Key (company_id)=(22691) is not present in table "companies".

2025-06-08 10:16:22,675 [ERROR] DatabaseManager - DEBUG: Potential mismatch at record 17, column 'company_id' - found int value: 135257
2025-06-08 10:16:22,675 [ERROR] DatabaseManager - DEBUG: Potential mismatch at record 18, column 'company_id' - found int value: 65828
2025-06-08 10:16:22,675 [ERROR] DatabaseManager - DEBUG: Potential mismatch at record 19, column 'company_id' - found int value: 26335
2025-06-08 10:16:22,675 [ERROR] DatabaseManager - DEBUG: Potential mismatch at record 33, column 'company_id' - found int value: 28423
2025-06-08 10:16:22,675 [ERROR] DatabaseManager - DEBUG: Potential mismatch at record 39, column 'company_id' - found int value: 64094
2025-06-08 10:16:22,675 [ERROR] DatabaseManager - DEBUG: Potential mismatch at record 40, column 'company_id' - found int value: 130020
2025-06-08 10:16:22,675 [ERROR] DatabaseManager - DEBUG: Potential mismatch at record 41, column 'company_id' - found int value: 21097
2025-06-08 10:16:22,675 [ERROR] DatabaseManager - DEBUG: Potential mismatch at record 42, column 'company_id' - found int value: 108320
2025-06-08 10:16:22,675 [ERROR] DatabaseManager - DEBUG: Potential mismatch at record 43, column 'company_id' - found int value: 64094
2025-06-08 10:16:22,675 [ERROR] DatabaseManager - DEBUG: Potential mismatch at record 44, column 'company_id' - found int value: 37581
2025-06-08 10:16:22,675 [ERROR] DatabaseManager - DEBUG: Potential mismatch at record 45, column 'company_id' - found int value: 135358
2025-06-08 10:16:22,675 [ERROR] DatabaseManager - DEBUG: Potential mismatch at record 46, column 'company_id' - found int value: 88480
2025-06-08 10:16:22,675 [ERROR] DatabaseManager - DEBUG: Potential mismatch at record 48, column 'company_id' - found int value: 91199
2025-06-08 10:16:22,675 [ERROR] DatabaseManager - DEBUG: Potential mismatch at record 49, column 'company_id' - found int value: 115039
2025-06-08 10:16:22,675 [ERROR] DatabaseManager - DEBUG: Potential mismatch at record 55, column 'company_id' - found int value: 100649
2025-06-08 10:16:22,675 [ERROR] DatabaseManager - DEBUG: Potential mismatch at record 60, column 'company_id' - found int value: 1914
2025-06-08 10:16:22,675 [ERROR] DatabaseManager - DEBUG: Potential mismatch at record 61, column 'company_id' - found int value: 3855
2025-06-08 10:16:22,675 [ERROR] DatabaseManager - DEBUG: Potential mismatch at record 62, column 'company_id' - found int value: 17765
2025-06-08 10:16:22,676 [ERROR] DatabaseManager - DEBUG: Potential mismatch at record 65, column 'company_id' - found int value: 111933
2025-06-08 10:16:22,676 [ERROR] DatabaseManager - DEBUG: Potential mismatch at record 68, column 'company_id' - found int value: 1546
2025-06-08 10:16:22,676 [ERROR] DatabaseManager - DEBUG: Potential mismatch at record 84, column 'company_id' - found int value: 73484
2025-06-08 10:16:22,676 [ERROR] DatabaseManager - DEBUG: Potential mismatch at record 86, column 'company_id' - found int value: 12826
2025-06-08 10:16:22,676 [ERROR] DatabaseManager - DEBUG: Potential mismatch at record 102, column 'company_id' - found int value: 86764
2025-06-08 10:16:22,676 [ERROR] DatabaseManager - DEBUG: Potential mismatch at record 103, column 'company_id' - found int value: 17519
2025-06-08 10:16:22,676 [ERROR] DatabaseManager - DEBUG: Potential mismatch at record 106, column 'company_id' - found int value: 17519
2025-06-08 10:16:22,676 [ERROR] DatabaseManager - DEBUG: Potential mismatch at record 112, column 'company_id' - found int value: 26971
2025-06-08 10:16:22,676 [ERROR] DatabaseManager - DEBUG: Potential mismatch at record 127, column 'company_id' - found int value: 45
2025-06-08 10:16:22,676 [ERROR] DatabaseManager - DEBUG: Potential mismatch at record 128, column 'company_id' - found int value: 18445
2025-06-08 10:16:22,676 [ERROR] DatabaseManager - DEBUG: Potential mismatch at record 129, column 'company_id' - found int value: 182
2025-06-08 10:16:22,676 [ERROR] DatabaseManager - DEBUG: Potential mismatch at record 130, column 'company_id' - found int value: 29423
2025-06-08 10:16:22,676 [ERROR] DatabaseManager - DEBUG: Potential mismatch at record 137, column 'company_id' - found int value: 107785
2025-06-08 10:16:22,676 [ERROR] DatabaseManager - DEBUG: Potential mismatch at record 143, column 'company_id' - found int value: 135402
2025-06-08 10:16:22,676 [ERROR] DatabaseManager - DEBUG: Potential mismatch at record 144, column 'company_id' - found int value: 133852
2025-06-08 10:16:22,676 [ERROR] DatabaseManager - DEBUG: Potential mismatch at record 173, column 'company_id' - found int value: 114566
2025-06-08 10:16:22,676 [ERROR] DatabaseManager - DEBUG: Potential mismatch at record 174, column 'company_id' - found int value: 49696
2025-06-08 10:16:22,676 [ERROR] DatabaseManager - DEBUG: Potential mismatch at record 175, column 'company_id' - found int value: 65828
2025-06-08 10:16:22,676 [ERROR] DatabaseManager - DEBUG: Potential mismatch at record 176, column 'company_id' - found int value: 135400
2025-06-08 10:16:22,676 [ERROR] DatabaseManager - DEBUG: Potential mismatch at record 178, column 'company_id' - found int value: 58679
2025-06-08 10:16:22,676 [ERROR] DatabaseManager - DEBUG: Potential mismatch at record 179, column 'company_id' - found int value: 130000
2025-06-08 10:16:22,677 [ERROR] DatabaseManager - DEBUG: Potential mismatch at record 180, column 'company_id' - found int value: 84584
2025-06-08 10:16:22,677 [ERROR] DatabaseManager - DEBUG: Potential mismatch at record 182, column 'company_id' - found int value: 134275
2025-06-08 10:16:22,677 [ERROR] DatabaseManager - DEBUG: Potential mismatch at record 186, column 'company_id' - found int value: 113539
2025-06-08 10:16:22,677 [ERROR] DatabaseManager - DEBUG: Potential mismatch at record 187, column 'company_id' - found int value: 117066
2025-06-08 10:16:22,677 [ERROR] DatabaseManager - DEBUG: Potential mismatch at record 193, column 'company_id' - found int value: 135399
2025-06-08 10:16:22,677 [ERROR] DatabaseManager - DEBUG: Potential mismatch at record 198, column 'company_id' - found int value: 135357
2025-06-08 10:16:22,677 [ERROR] DatabaseManager - DEBUG: Potential mismatch at record 200, column 'company_id' - found int value: 135398
2025-06-08 10:16:22,677 [ERROR] DatabaseManager - DEBUG: Potential mismatch at record 223, column 'company_id' - found int value: 18677
2025-06-08 10:16:22,677 [ERROR] DatabaseManager - DEBUG: Potential mismatch at record 224, column 'company_id' - found int value: 123430
2025-06-08 10:16:22,677 [ERROR] DatabaseManager - DEBUG: Potential mismatch at record 227, column 'company_id' - found int value: 4505
2025-06-08 10:16:22,677 [ERROR] DatabaseManager - DEBUG: Potential mismatch at record 231, column 'company_id' - found int value: 426
2025-06-08 10:16:22,677 [ERROR] DatabaseManager - DEBUG: Potential mismatch at record 234, column 'company_id' - found int value: 135372
2025-06-08 10:16:22,677 [ERROR] DatabaseManager - DEBUG: Potential mismatch at record 235, column 'company_id' - found int value: 56389
2025-06-08 10:16:22,677 [ERROR] DatabaseManager - DEBUG: Potential mismatch at record 237, column 'company_id' - found int value: 39810
2025-06-08 10:16:22,677 [ERROR] DatabaseManager - DEBUG: Potential mismatch at record 239, column 'company_id' - found int value: 18445
2025-06-08 10:16:22,677 [ERROR] DatabaseManager - DEBUG: Potential mismatch at record 256, column 'company_id' - found int value: 15080
2025-06-08 10:16:22,677 [ERROR] DatabaseManager - DEBUG: Potential mismatch at record 259, column 'company_id' - found int value: 28552
2025-06-08 10:16:22,677 [ERROR] DatabaseManager - DEBUG: Potential mismatch at record 261, column 'company_id' - found int value: 122165
2025-06-08 10:16:22,677 [ERROR] DatabaseManager - DEBUG: Potential mismatch at record 262, column 'company_id' - found int value: 7757
2025-06-08 10:16:22,677 [ERROR] DatabaseManager - DEBUG: Potential mismatch at record 263, column 'company_id' - found int value: 1662
2025-06-08 10:16:22,677 [ERROR] DatabaseManager - DEBUG: Potential mismatch at record 265, column 'company_id' - found int value: 50979
2025-06-08 10:16:22,677 [ERROR] DatabaseManager - DEBUG: Potential mismatch at record 268, column 'company_id' - found int value: 135395
2025-06-08 10:16:22,677 [ERROR] DatabaseManager - DEBUG: Potential mismatch at record 269, column 'company_id' - found int value: 38105
2025-06-08 10:16:22,677 [ERROR] DatabaseManager - DEBUG: Potential mismatch at record 270, column 'company_id' - found int value: 50226
2025-06-08 10:16:22,677 [ERROR] DatabaseManager - DEBUG: Potential mismatch at record 272, column 'company_id' - found int value: 15112
2025-06-08 10:16:22,677 [ERROR] DatabaseManager - DEBUG: Potential mismatch at record 274, column 'company_id' - found int value: 1089
2025-06-08 10:16:22,677 [ERROR] DatabaseManager - DEBUG: Potential mismatch at record 275, column 'company_id' - found int value: 15494
2025-06-08 10:16:22,677 [ERROR] DatabaseManager - DEBUG: Potential mismatch at record 276, column 'company_id' - found int value: 118028
2025-06-08 10:16:22,678 [ERROR] DatabaseManager - DEBUG: Potential mismatch at record 277, column 'company_id' - found int value: 50979
2025-06-08 10:16:22,678 [ERROR] DatabaseManager - DEBUG: Potential mismatch at record 278, column 'company_id' - found int value: 93789
2025-06-08 10:16:22,678 [ERROR] DatabaseManager - DEBUG: Potential mismatch at record 293, column 'company_id' - found int value: 15616
2025-06-08 10:16:22,678 [ERROR] DatabaseManager - DEBUG: Potential mismatch at record 294, column 'company_id' - found int value: 2228
2025-06-08 10:16:22,678 [ERROR] DatabaseManager - DEBUG: Potential mismatch at record 296, column 'company_id' - found int value: 1588
2025-06-08 10:16:22,678 [ERROR] DatabaseManager - DEBUG: Potential mismatch at record 297, column 'company_id' - found int value: 4377
2025-06-08 10:16:22,678 [ERROR] DatabaseManager - DEBUG: Potential mismatch at record 298, column 'company_id' - found int value: 2228
2025-06-08 10:16:22,678 [ERROR] DatabaseManager - DEBUG: Potential mismatch at record 299, column 'company_id' - found int value: 54682
2025-06-08 10:16:22,678 [ERROR] DatabaseManager - DEBUG: Potential mismatch at record 304, column 'company_id' - found int value: 2480
2025-06-08 10:16:22,678 [ERROR] DatabaseManager - DEBUG: Potential mismatch at record 305, column 'company_id' - found int value: 21469
2025-06-08 10:16:22,678 [ERROR] DatabaseManager - DEBUG: Potential mismatch at record 306, column 'company_id' - found int value: 135412
2025-06-08 10:16:22,678 [ERROR] DatabaseManager - DEBUG: Potential mismatch at record 307, column 'company_id' - found int value: 74200
2025-06-08 10:16:22,678 [ERROR] DatabaseManager - DEBUG: Potential mismatch at record 308, column 'company_id' - found int value: 54682
2025-06-08 10:16:22,678 [ERROR] DatabaseManager - DEBUG: Potential mismatch at record 309, column 'company_id' - found int value: 135372
2025-06-08 10:16:22,678 [ERROR] DatabaseManager - DEBUG: Potential mismatch at record 310, column 'company_id' - found int value: 303
2025-06-08 10:16:22,678 [ERROR] DatabaseManager - DEBUG: Potential mismatch at record 311, column 'company_id' - found int value: 133840
2025-06-08 10:16:22,678 [ERROR] DatabaseManager - DEBUG: Potential mismatch at record 313, column 'company_id' - found int value: 78587
2025-06-08 10:16:22,678 [ERROR] DatabaseManager - DEBUG: Potential mismatch at record 314, column 'company_id' - found int value: 124334
2025-06-08 10:16:22,678 [ERROR] DatabaseManager - DEBUG: Potential mismatch at record 315, column 'company_id' - found int value: 17002
2025-06-08 10:16:22,678 [ERROR] DatabaseManager - DEBUG: Potential mismatch at record 316, column 'company_id' - found int value: 15550
2025-06-08 10:16:22,678 [ERROR] DatabaseManager - DEBUG: Potential mismatch at record 317, column 'company_id' - found int value: 17002
2025-06-08 10:16:22,678 [ERROR] DatabaseManager - DEBUG: Potential mismatch at record 318, column 'company_id' - found int value: 135356
2025-06-08 10:16:22,678 [ERROR] DatabaseManager - DEBUG: Potential mismatch at record 319, column 'company_id' - found int value: 17002
2025-06-08 10:16:22,678 [ERROR] DatabaseManager - DEBUG: Potential mismatch at record 320, column 'company_id' - found int value: 129413
2025-06-08 10:16:22,678 [ERROR] DatabaseManager - DEBUG: Potential mismatch at record 321, column 'company_id' - found int value: 17002
2025-06-08 10:16:22,678 [ERROR] DatabaseManager - DEBUG: Potential mismatch at record 327, column 'company_id' - found int value: 28423
2025-06-08 10:16:22,678 [ERROR] DatabaseManager - DEBUG: Potential mismatch at record 330, column 'company_id' - found int value: 44239
2025-06-08 10:16:22,678 [ERROR] DatabaseManager - DEBUG: Potential mismatch at record 331, column 'company_id' - found int value: 37646
2025-06-08 10:16:22,678 [ERROR] DatabaseManager - DEBUG: Potential mismatch at record 332, column 'company_id' - found int value: 441
2025-06-08 10:16:22,678 [ERROR] DatabaseManager - DEBUG: Potential mismatch at record 334, column 'company_id' - found int value: 65828
2025-06-08 10:16:22,678 [ERROR] DatabaseManager - DEBUG: Potential mismatch at record 335, column 'company_id' - found int value: 134282
2025-06-08 10:16:22,678 [ERROR] DatabaseManager - DEBUG: Potential mismatch at record 336, column 'company_id' - found int value: 134282
2025-06-08 10:16:22,678 [ERROR] DatabaseManager - DEBUG: Potential mismatch at record 337, column 'company_id' - found int value: 134282
2025-06-08 10:16:22,678 [ERROR] DatabaseManager - DEBUG: Potential mismatch at record 338, column 'company_id' - found int value: 92340
2025-06-08 10:16:22,678 [ERROR] DatabaseManager - DEBUG: Potential mismatch at record 339, column 'company_id' - found int value: 21305
2025-06-08 10:16:22,678 [ERROR] DatabaseManager - DEBUG: Potential mismatch at record 346, column 'company_id' - found int value: 135408
2025-06-08 10:16:22,678 [ERROR] DatabaseManager - DEBUG: Potential mismatch at record 347, column 'company_id' - found int value: 5430
2025-06-08 10:16:22,679 [ERROR] DatabaseManager - DEBUG: Potential mismatch at record 348, column 'company_id' - found int value: 67771
2025-06-08 10:16:22,679 [ERROR] DatabaseManager - DEBUG: Potential mismatch at record 351, column 'company_id' - found int value: 115348
2025-06-08 10:16:22,679 [ERROR] DatabaseManager - DEBUG: Potential mismatch at record 352, column 'company_id' - found int value: 78443
2025-06-08 10:16:22,679 [ERROR] DatabaseManager - DEBUG: Potential mismatch at record 353, column 'company_id' - found int value: 135392
2025-06-08 10:16:22,679 [ERROR] DatabaseManager - DEBUG: Potential mismatch at record 354, column 'company_id' - found int value: 251
2025-06-08 10:16:22,679 [ERROR] DatabaseManager - DEBUG: Potential mismatch at record 355, column 'company_id' - found int value: 80786
2025-06-08 10:16:22,679 [ERROR] DatabaseManager - DEBUG: Potential mismatch at record 356, column 'company_id' - found int value: 133663
2025-06-08 10:16:22,679 [ERROR] DatabaseManager - DEBUG: Potential mismatch at record 358, column 'company_id' - found int value: 105079
2025-06-08 10:16:22,679 [ERROR] DatabaseManager - DEBUG: Potential mismatch at record 359, column 'company_id' - found int value: 22842
2025-06-08 10:16:22,679 [ERROR] DatabaseManager - DEBUG: Potential mismatch at record 360, column 'company_id' - found int value: 15054
2025-06-08 10:16:22,679 [ERROR] DatabaseManager - DEBUG: Potential mismatch at record 361, column 'company_id' - found int value: 21351
2025-06-08 10:16:22,679 [ERROR] DatabaseManager - DEBUG: Potential mismatch at record 362, column 'company_id' - found int value: 9709
2025-06-08 10:16:22,679 [ERROR] DatabaseManager - DEBUG: Potential mismatch at record 363, column 'company_id' - found int value: 135403
2025-06-08 10:16:22,679 [ERROR] DatabaseManager - DEBUG: Potential mismatch at record 372, column 'company_id' - found int value: 48
2025-06-08 10:16:22,679 [ERROR] DatabaseManager - DEBUG: Potential mismatch at record 389, column 'company_id' - found int value: 135405
2025-06-08 10:16:22,679 [ERROR] DatabaseManager - DEBUG: Potential mismatch at record 390, column 'company_id' - found int value: 2194
2025-06-08 10:16:22,679 [ERROR] DatabaseManager - DEBUG: Potential mismatch at record 393, column 'company_id' - found int value: 128880
2025-06-08 10:16:22,679 [ERROR] DatabaseManager - DEBUG: Potential mismatch at record 394, column 'company_id' - found int value: 135404
2025-06-08 10:16:22,679 [ERROR] DatabaseManager - DEBUG: Potential mismatch at record 395, column 'company_id' - found int value: 135410
2025-06-08 10:16:22,679 [ERROR] DatabaseManager - DEBUG: Potential mismatch at record 396, column 'company_id' - found int value: 297
2025-06-08 10:16:22,679 [ERROR] DatabaseManager - DEBUG: Potential mismatch at record 397, column 'company_id' - found int value: 93334
2025-06-08 10:16:22,679 [ERROR] DatabaseManager - DEBUG: Potential mismatch at record 398, column 'company_id' - found int value: 113060
2025-06-08 10:16:22,679 [ERROR] DatabaseManager - DEBUG: Potential mismatch at record 399, column 'company_id' - found int value: 109212
2025-06-08 10:16:22,679 [ERROR] DatabaseManager - DEBUG: Potential mismatch at record 401, column 'company_id' - found int value: 17097
2025-06-08 10:16:22,679 [ERROR] DatabaseManager - DEBUG: Potential mismatch at record 402, column 'company_id' - found int value: 109272
2025-06-08 10:16:22,679 [ERROR] DatabaseManager - DEBUG: Potential mismatch at record 404, column 'company_id' - found int value: 135340
2025-06-08 10:16:22,679 [ERROR] DatabaseManager - DEBUG: Potential mismatch at record 405, column 'company_id' - found int value: 224
2025-06-08 10:16:22,680 [ERROR] DatabaseManager - DEBUG: Potential mismatch at record 411, column 'company_id' - found int value: 132063
2025-06-08 10:16:22,680 [ERROR] DatabaseManager - DEBUG: Potential mismatch at record 414, column 'company_id' - found int value: 15494
2025-06-08 10:16:22,680 [ERROR] DatabaseManager - DEBUG: Potential mismatch at record 437, column 'company_id' - found int value: 135409
2025-06-08 10:16:22,680 [ERROR] DatabaseManager - DEBUG: Potential mismatch at record 444, column 'company_id' - found int value: 68532
2025-06-08 10:16:22,680 [ERROR] DatabaseManager - DEBUG: Potential mismatch at record 451, column 'company_id' - found int value: 130763
2025-06-08 10:16:22,680 [ERROR] DatabaseManager - DEBUG: Potential mismatch at record 452, column 'company_id' - found int value: 135345
2025-06-08 10:16:22,680 [ERROR] DatabaseManager - DEBUG: Potential mismatch at record 470, column 'company_id' - found int value: 50288
2025-06-08 10:16:22,680 [ERROR] DatabaseManager - DEBUG: Potential mismatch at record 471, column 'company_id' - found int value: 17097
2025-06-08 10:16:22,680 [ERROR] DatabaseManager - DEBUG: Potential mismatch at record 482, column 'company_id' - found int value: 133839
2025-06-08 10:16:22,680 [ERROR] DatabaseManager - DEBUG: Potential mismatch at record 484, column 'company_id' - found int value: 115531
2025-06-08 10:16:22,680 [ERROR] DatabaseManager - DEBUG: Potential mismatch at record 495, column 'company_id' - found int value: 72710
2025-06-08 10:16:22,680 [ERROR] DatabaseManager - DEBUG: Potential mismatch at record 505, column 'company_id' - found int value: 134399
2025-06-08 10:16:22,680 [ERROR] DatabaseManager - DEBUG: Potential mismatch at record 506, column 'company_id' - found int value: 135093
2025-06-08 10:16:22,680 [ERROR] DatabaseManager - DEBUG: Potential mismatch at record 512, column 'company_id' - found int value: 134888
2025-06-08 10:16:22,680 [ERROR] DatabaseManager - DEBUG: Potential mismatch at record 513, column 'company_id' - found int value: 4333
2025-06-08 10:16:22,680 [ERROR] DatabaseManager - DEBUG: Potential mismatch at record 514, column 'company_id' - found int value: 70780
2025-06-08 10:16:22,680 [ERROR] DatabaseManager - DEBUG: Potential mismatch at record 516, column 'company_id' - found int value: 1374
2025-06-08 10:16:22,680 [ERROR] DatabaseManager - DEBUG: Potential mismatch at record 518, column 'company_id' - found int value: 24855
2025-06-08 10:16:22,680 [ERROR] DatabaseManager - DEBUG: Potential mismatch at record 519, column 'company_id' - found int value: 107502
2025-06-08 10:16:22,680 [ERROR] DatabaseManager - DEBUG: Potential mismatch at record 520, column 'company_id' - found int value: 1611
2025-06-08 10:16:22,680 [ERROR] DatabaseManager - DEBUG: Potential mismatch at record 521, column 'company_id' - found int value: 22264
2025-06-08 10:16:22,681 [ERROR] DatabaseManager - DEBUG: Potential mismatch at record 546, column 'company_id' - found int value: 127797
2025-06-08 10:16:22,681 [ERROR] DatabaseManager - DEBUG: Potential mismatch at record 603, column 'company_id' - found int value: 2481
2025-06-08 10:16:22,681 [ERROR] DatabaseManager - DEBUG: Potential mismatch at record 608, column 'company_id' - found int value: 79778
2025-06-08 10:16:22,681 [ERROR] DatabaseManager - DEBUG: Potential mismatch at record 612, column 'company_id' - found int value: 369
2025-06-08 10:16:22,681 [ERROR] DatabaseManager - DEBUG: Potential mismatch at record 644, column 'company_id' - found int value: 19294
2025-06-08 10:16:22,681 [ERROR] DatabaseManager - DEBUG: Potential mismatch at record 648, column 'company_id' - found int value: 2786
2025-06-08 10:16:22,681 [ERROR] DatabaseManager - DEBUG: Potential mismatch at record 672, column 'company_id' - found int value: 22780
2025-06-08 10:16:22,681 [ERROR] DatabaseManager - DEBUG: Potential mismatch at record 674, column 'company_id' - found int value: 2786
2025-06-08 10:16:22,681 [ERROR] DatabaseManager - DEBUG: Potential mismatch at record 675, column 'company_id' - found int value: 22780
2025-06-08 10:16:22,681 [ERROR] DatabaseManager - DEBUG: Potential mismatch at record 676, column 'company_id' - found int value: 20832
2025-06-08 10:16:22,681 [ERROR] DatabaseManager - DEBUG: Potential mismatch at record 680, column 'company_id' - found int value: 87974
2025-06-08 10:16:22,681 [ERROR] DatabaseManager - DEBUG: Potential mismatch at record 683, column 'company_id' - found int value: 22780
2025-06-08 10:16:22,681 [ERROR] DatabaseManager - DEBUG: Potential mismatch at record 687, column 'company_id' - found int value: 22780
2025-06-08 10:16:22,681 [ERROR] DatabaseManager - DEBUG: Potential mismatch at record 688, column 'company_id' - found int value: 20832
2025-06-08 10:16:22,681 [ERROR] DatabaseManager - DEBUG: Potential mismatch at record 694, column 'company_id' - found int value: 22780
2025-06-08 10:16:22,681 [ERROR] DatabaseManager - DEBUG: Potential mismatch at record 697, column 'company_id' - found int value: 22780
2025-06-08 10:16:22,682 [ERROR] DatabaseManager - DEBUG: Potential mismatch at record 705, column 'company_id' - found int value: 22780
2025-06-08 10:16:22,682 [ERROR] DatabaseManager - DEBUG: Potential mismatch at record 720, column 'company_id' - found int value: 22780
2025-06-08 10:16:22,682 [ERROR] DatabaseManager - DEBUG: Potential mismatch at record 737, column 'company_id' - found int value: 70450
2025-06-08 10:16:22,682 [ERROR] DatabaseManager - DEBUG: Potential mismatch at record 738, column 'company_id' - found int value: 297
2025-06-08 10:16:22,682 [ERROR] DatabaseManager - DEBUG: Potential mismatch at record 745, column 'company_id' - found int value: 22915
2025-06-08 10:16:22,682 [ERROR] DatabaseManager - DEBUG: Potential mismatch at record 753, column 'company_id' - found int value: 182
2025-06-08 10:16:22,682 [ERROR] DatabaseManager - DEBUG: Potential mismatch at record 754, column 'company_id' - found int value: 37073
2025-06-08 10:16:22,682 [ERROR] DatabaseManager - DEBUG: Potential mismatch at record 755, column 'company_id' - found int value: 182
2025-06-08 10:16:22,682 [ERROR] DatabaseManager - DEBUG: Potential mismatch at record 763, column 'company_id' - found int value: 182
2025-06-08 10:16:22,682 [ERROR] DatabaseManager - DEBUG: Potential mismatch at record 776, column 'company_id' - found int value: 182
2025-06-08 10:16:22,682 [ERROR] DatabaseManager - DEBUG: Potential mismatch at record 777, column 'company_id' - found int value: 182
2025-06-08 10:16:22,682 [ERROR] DatabaseManager - DEBUG: Potential mismatch at record 781, column 'company_id' - found int value: 2481
2025-06-08 10:16:22,682 [ERROR] DatabaseManager - DEBUG: Potential mismatch at record 804, column 'company_id' - found int value: 37073
2025-06-08 10:16:22,682 [ERROR] DatabaseManager - DEBUG: Potential mismatch at record 831, column 'company_id' - found int value: 904
2025-06-08 10:16:22,683 [ERROR] DatabaseManager - DEBUG: Potential mismatch at record 900, column 'company_id' - found int value: 28417
2025-06-08 10:16:22,683 [ERROR] DatabaseManager - DEBUG: Potential mismatch at record 952, column 'company_id' - found int value: 28417
2025-06-08 10:16:22,683 [ERROR] DatabaseManager - DEBUG: Potential mismatch at record 953, column 'company_id' - found int value: 74782
2025-06-08 10:16:22,683 [ERROR] DatabaseManager - DEBUG: Potential mismatch at record 991, column 'company_id' - found int value: 452
2025-06-08 10:16:22,807 [ERROR] DatabaseManager - Error inserting jobs into database: insert or update on table "jobs" violates foreign key constraint "jobs_job_board_id_fkey"
DETAIL:  Key (job_board_id)=(1) is not present in table "job_boards".
2025-06-08 10:16:22,807 [ERROR] DatabaseManager - Traceback (most recent call last):
  File "/app/src/db_manager.py", line 364, in insert_jobs
    result = await conn.execute(upsert_query)
             ^^^^^^^^^^^^^^^^^^^^^^^^^^^^^^^^
  File "/usr/local/lib/python3.11/site-packages/asyncpg/connection.py", line 350, in execute
    result = await self._protocol.query(query, timeout)
             ^^^^^^^^^^^^^^^^^^^^^^^^^^^^^^^^^^^^^^^^^^
  File "asyncpg/protocol/protocol.pyx", line 374, in query
asyncpg.exceptions.ForeignKeyViolationError: insert or update on table "jobs" violates foreign key constraint "jobs_job_board_id_fkey"
DETAIL:  Key (job_board_id)=(1) is not present in table "job_boards".

2025-06-08 10:16:46,847 [ERROR] DatabaseManager - DEBUG: Potential mismatch at record 42, column 'company_id' - found int value: 907
2025-06-08 10:16:46,847 [ERROR] DatabaseManager - DEBUG: Potential mismatch at record 45, column 'company_id' - found int value: 17858
2025-06-08 10:16:46,848 [ERROR] DatabaseManager - DEBUG: Potential mismatch at record 76, column 'company_id' - found int value: 224
2025-06-08 10:16:46,848 [ERROR] DatabaseManager - DEBUG: Potential mismatch at record 77, column 'company_id' - found int value: 224
2025-06-08 10:16:46,848 [ERROR] DatabaseManager - DEBUG: Potential mismatch at record 78, column 'company_id' - found int value: 224
2025-06-08 10:16:46,848 [ERROR] DatabaseManager - DEBUG: Potential mismatch at record 80, column 'company_id' - found int value: 108136
2025-06-08 10:16:46,848 [ERROR] DatabaseManager - DEBUG: Potential mismatch at record 82, column 'company_id' - found int value: 73304
2025-06-08 10:16:46,849 [ERROR] DatabaseManager - DEBUG: Potential mismatch at record 84, column 'company_id' - found int value: 73304
2025-06-08 10:16:46,849 [ERROR] DatabaseManager - DEBUG: Potential mismatch at record 87, column 'company_id' - found int value: 19046
2025-06-08 10:16:46,849 [ERROR] DatabaseManager - DEBUG: Potential mismatch at record 88, column 'company_id' - found int value: 2492
2025-06-08 10:16:46,849 [ERROR] DatabaseManager - DEBUG: Potential mismatch at record 89, column 'company_id' - found int value: 2492
2025-06-08 10:16:46,849 [ERROR] DatabaseManager - DEBUG: Potential mismatch at record 91, column 'company_id' - found int value: 2492
2025-06-08 10:16:46,849 [ERROR] DatabaseManager - DEBUG: Potential mismatch at record 109, column 'company_id' - found int value: 73304
2025-06-08 10:16:46,849 [ERROR] DatabaseManager - DEBUG: Potential mismatch at record 117, column 'company_id' - found int value: 3426
2025-06-08 10:16:46,850 [ERROR] DatabaseManager - DEBUG: Potential mismatch at record 118, column 'company_id' - found int value: 22055
2025-06-08 10:16:46,850 [ERROR] DatabaseManager - DEBUG: Potential mismatch at record 128, column 'company_id' - found int value: 22055
2025-06-08 10:16:46,850 [ERROR] DatabaseManager - DEBUG: Potential mismatch at record 145, column 'company_id' - found int value: 102770
2025-06-08 10:16:46,850 [ERROR] DatabaseManager - DEBUG: Potential mismatch at record 149, column 'company_id' - found int value: 72871
2025-06-08 10:16:46,850 [ERROR] DatabaseManager - DEBUG: Potential mismatch at record 151, column 'company_id' - found int value: 20874
2025-06-08 10:16:46,850 [ERROR] DatabaseManager - DEBUG: Potential mismatch at record 170, column 'company_id' - found int value: 14931
2025-06-08 10:16:46,851 [ERROR] DatabaseManager - DEBUG: Potential mismatch at record 179, column 'company_id' - found int value: 14931
2025-06-08 10:16:46,851 [ERROR] DatabaseManager - DEBUG: Potential mismatch at record 182, column 'company_id' - found int value: 133511
2025-06-08 10:16:46,851 [ERROR] DatabaseManager - DEBUG: Potential mismatch at record 186, column 'company_id' - found int value: 348
2025-06-08 10:16:46,851 [ERROR] DatabaseManager - DEBUG: Potential mismatch at record 192, column 'company_id' - found int value: 58027
2025-06-08 10:16:46,852 [ERROR] DatabaseManager - DEBUG: Potential mismatch at record 336, column 'company_id' - found int value: 32587
2025-06-08 10:16:46,852 [ERROR] DatabaseManager - DEBUG: Potential mismatch at record 339, column 'company_id' - found int value: 2381
2025-06-08 10:16:46,853 [ERROR] DatabaseManager - DEBUG: Potential mismatch at record 542, column 'company_id' - found int value: 26043
2025-06-08 10:16:46,853 [ERROR] DatabaseManager - DEBUG: Potential mismatch at record 632, column 'company_id' - found int value: 100603
2025-06-08 10:16:46,853 [ERROR] DatabaseManager - DEBUG: Potential mismatch at record 638, column 'company_id' - found int value: 11177
2025-06-08 10:16:46,853 [ERROR] DatabaseManager - DEBUG: Potential mismatch at record 688, column 'company_id' - found int value: 127611
2025-06-08 10:16:46,961 [ERROR] DatabaseManager - Error inserting jobs into database: insert or update on table "jobs" violates foreign key constraint "jobs_job_board_id_fkey"
DETAIL:  Key (job_board_id)=(3) is not present in table "job_boards".
2025-06-08 10:16:46,961 [ERROR] DatabaseManager - Traceback (most recent call last):
  File "/app/src/db_manager.py", line 364, in insert_jobs
    result = await conn.execute(upsert_query)
             ^^^^^^^^^^^^^^^^^^^^^^^^^^^^^^^^
  File "/usr/local/lib/python3.11/site-packages/asyncpg/connection.py", line 350, in execute
    result = await self._protocol.query(query, timeout)
             ^^^^^^^^^^^^^^^^^^^^^^^^^^^^^^^^^^^^^^^^^^
  File "asyncpg/protocol/protocol.pyx", line 374, in query
asyncpg.exceptions.ForeignKeyViolationError: insert or update on table "jobs" violates foreign key constraint "jobs_job_board_id_fkey"
DETAIL:  Key (job_board_id)=(3) is not present in table "job_boards".

2025-06-08 10:17:11,496 [ERROR] DatabaseManager - DEBUG: Potential mismatch at record 277, column 'company_id' - found int value: 117348
2025-06-08 10:17:11,497 [ERROR] DatabaseManager - DEBUG: Potential mismatch at record 318, column 'company_id' - found int value: 18382
2025-06-08 10:17:11,497 [ERROR] DatabaseManager - DEBUG: Potential mismatch at record 323, column 'company_id' - found int value: 122856
2025-06-08 10:17:11,497 [ERROR] DatabaseManager - DEBUG: Potential mismatch at record 349, column 'company_id' - found int value: 82619
2025-06-08 10:17:11,497 [ERROR] DatabaseManager - DEBUG: Potential mismatch at record 417, column 'company_id' - found int value: 1346
2025-06-08 10:17:11,497 [ERROR] DatabaseManager - DEBUG: Potential mismatch at record 493, column 'company_id' - found int value: 111477
2025-06-08 10:17:11,497 [ERROR] DatabaseManager - DEBUG: Potential mismatch at record 588, column 'company_id' - found int value: 80564
2025-06-08 10:17:11,498 [ERROR] DatabaseManager - DEBUG: Potential mismatch at record 649, column 'company_id' - found int value: 80564
2025-06-08 10:17:11,498 [ERROR] DatabaseManager - DEBUG: Potential mismatch at record 670, column 'company_id' - found int value: 80564
2025-06-08 10:17:11,498 [ERROR] DatabaseManager - DEBUG: Potential mismatch at record 791, column 'company_id' - found int value: 9521
2025-06-08 10:17:11,498 [ERROR] DatabaseManager - DEBUG: Potential mismatch at record 929, column 'company_id' - found int value: 125019
2025-06-08 10:17:11,498 [ERROR] DatabaseManager - DEBUG: Potential mismatch at record 945, column 'company_id' - found int value: 125019
2025-06-08 10:17:11,601 [ERROR] DatabaseManager - Error inserting jobs into database: insert or update on table "jobs" violates foreign key constraint "jobs_job_board_id_fkey"
DETAIL:  Key (job_board_id)=(1) is not present in table "job_boards".
2025-06-08 10:17:11,602 [ERROR] DatabaseManager - Traceback (most recent call last):
  File "/app/src/db_manager.py", line 364, in insert_jobs
    result = await conn.execute(upsert_query)
             ^^^^^^^^^^^^^^^^^^^^^^^^^^^^^^^^
  File "/usr/local/lib/python3.11/site-packages/asyncpg/connection.py", line 350, in execute
    result = await self._protocol.query(query, timeout)
             ^^^^^^^^^^^^^^^^^^^^^^^^^^^^^^^^^^^^^^^^^^
  File "asyncpg/protocol/protocol.pyx", line 374, in query
asyncpg.exceptions.ForeignKeyViolationError: insert or update on table "jobs" violates foreign key constraint "jobs_job_board_id_fkey"
DETAIL:  Key (job_board_id)=(1) is not present in table "job_boards".

2025-06-08 10:17:36,907 [ERROR] DatabaseManager - DEBUG: Potential mismatch at record 42, column 'company_id' - found int value: 130726
2025-06-08 10:17:36,908 [ERROR] DatabaseManager - DEBUG: Potential mismatch at record 218, column 'company_id' - found int value: 64094
2025-06-08 10:17:36,909 [ERROR] DatabaseManager - DEBUG: Potential mismatch at record 275, column 'company_id' - found int value: 64094
2025-06-08 10:17:36,909 [ERROR] DatabaseManager - DEBUG: Potential mismatch at record 304, column 'company_id' - found int value: 132007
2025-06-08 10:17:36,909 [ERROR] DatabaseManager - DEBUG: Potential mismatch at record 305, column 'company_id' - found int value: 132007
2025-06-08 10:17:36,909 [ERROR] DatabaseManager - DEBUG: Potential mismatch at record 359, column 'company_id' - found int value: 96481
2025-06-08 10:17:36,909 [ERROR] DatabaseManager - DEBUG: Potential mismatch at record 392, column 'company_id' - found int value: 12219
2025-06-08 10:17:36,909 [ERROR] DatabaseManager - DEBUG: Potential mismatch at record 396, column 'company_id' - found int value: 64094
2025-06-08 10:17:36,910 [ERROR] DatabaseManager - DEBUG: Potential mismatch at record 546, column 'company_id' - found int value: 65746
2025-06-08 10:17:36,910 [ERROR] DatabaseManager - DEBUG: Potential mismatch at record 601, column 'company_id' - found int value: 129399
2025-06-08 10:17:36,910 [ERROR] DatabaseManager - DEBUG: Potential mismatch at record 628, column 'company_id' - found int value: 104289
2025-06-08 10:17:36,910 [ERROR] DatabaseManager - DEBUG: Potential mismatch at record 663, column 'company_id' - found int value: 106928
2025-06-08 10:17:36,911 [ERROR] DatabaseManager - DEBUG: Potential mismatch at record 774, column 'company_id' - found int value: 113604
2025-06-08 10:17:36,911 [ERROR] DatabaseManager - DEBUG: Potential mismatch at record 808, column 'company_id' - found int value: 113604
2025-06-08 10:17:36,911 [ERROR] DatabaseManager - DEBUG: Potential mismatch at record 809, column 'company_id' - found int value: 119498
2025-06-08 10:17:36,911 [ERROR] DatabaseManager - DEBUG: Potential mismatch at record 810, column 'company_id' - found int value: 15488
2025-06-08 10:17:36,911 [ERROR] DatabaseManager - DEBUG: Potential mismatch at record 866, column 'company_id' - found int value: 72209
2025-06-08 10:17:36,912 [ERROR] DatabaseManager - DEBUG: Potential mismatch at record 917, column 'company_id' - found int value: 93019
2025-06-08 10:17:37,022 [ERROR] DatabaseManager - Error inserting jobs into database: insert or update on table "jobs" violates foreign key constraint "jobs_job_board_id_fkey"
DETAIL:  Key (job_board_id)=(5) is not present in table "job_boards".
2025-06-08 10:17:37,023 [ERROR] DatabaseManager - Traceback (most recent call last):
  File "/app/src/db_manager.py", line 364, in insert_jobs
    result = await conn.execute(upsert_query)
             ^^^^^^^^^^^^^^^^^^^^^^^^^^^^^^^^
  File "/usr/local/lib/python3.11/site-packages/asyncpg/connection.py", line 350, in execute
    result = await self._protocol.query(query, timeout)
             ^^^^^^^^^^^^^^^^^^^^^^^^^^^^^^^^^^^^^^^^^^
  File "asyncpg/protocol/protocol.pyx", line 374, in query
asyncpg.exceptions.ForeignKeyViolationError: insert or update on table "jobs" violates foreign key constraint "jobs_job_board_id_fkey"
DETAIL:  Key (job_board_id)=(5) is not present in table "job_boards".

2025-06-08 10:18:02,549 [ERROR] DatabaseManager - DEBUG: Potential mismatch at record 14, column 'company_id' - found int value: 92707
2025-06-08 10:18:02,549 [ERROR] DatabaseManager - DEBUG: Potential mismatch at record 16, column 'company_id' - found int value: 1573
2025-06-08 10:18:02,549 [ERROR] DatabaseManager - DEBUG: Potential mismatch at record 86, column 'company_id' - found int value: 134877
2025-06-08 10:18:02,549 [ERROR] DatabaseManager - DEBUG: Potential mismatch at record 87, column 'company_id' - found int value: 72209
2025-06-08 10:18:02,550 [ERROR] DatabaseManager - DEBUG: Potential mismatch at record 134, column 'company_id' - found int value: 116694
2025-06-08 10:18:02,550 [ERROR] DatabaseManager - DEBUG: Potential mismatch at record 221, column 'company_id' - found int value: 129172
2025-06-08 10:18:02,551 [ERROR] DatabaseManager - DEBUG: Potential mismatch at record 352, column 'company_id' - found int value: 15619
2025-06-08 10:18:02,551 [ERROR] DatabaseManager - DEBUG: Potential mismatch at record 425, column 'company_id' - found int value: 52049
2025-06-08 10:18:02,551 [ERROR] DatabaseManager - DEBUG: Potential mismatch at record 432, column 'company_id' - found int value: 21469
2025-06-08 10:18:02,551 [ERROR] DatabaseManager - DEBUG: Potential mismatch at record 507, column 'company_id' - found int value: 113013
2025-06-08 10:18:02,552 [ERROR] DatabaseManager - DEBUG: Potential mismatch at record 629, column 'company_id' - found int value: 2463
2025-06-08 10:18:02,552 [ERROR] DatabaseManager - DEBUG: Potential mismatch at record 631, column 'company_id' - found int value: 87398
2025-06-08 10:18:02,552 [ERROR] DatabaseManager - DEBUG: Potential mismatch at record 632, column 'company_id' - found int value: 88649
2025-06-08 10:18:02,552 [ERROR] DatabaseManager - DEBUG: Potential mismatch at record 653, column 'company_id' - found int value: 3855
2025-06-08 10:18:02,552 [ERROR] DatabaseManager - DEBUG: Potential mismatch at record 660, column 'company_id' - found int value: 4108
2025-06-08 10:18:02,552 [ERROR] DatabaseManager - DEBUG: Potential mismatch at record 661, column 'company_id' - found int value: 3855
2025-06-08 10:18:02,552 [ERROR] DatabaseManager - DEBUG: Potential mismatch at record 722, column 'company_id' - found int value: 83191
2025-06-08 10:18:02,553 [ERROR] DatabaseManager - DEBUG: Potential mismatch at record 729, column 'company_id' - found int value: 1210
2025-06-08 10:18:02,553 [ERROR] DatabaseManager - DEBUG: Potential mismatch at record 765, column 'company_id' - found int value: 18445
2025-06-08 10:18:02,553 [ERROR] DatabaseManager - DEBUG: Potential mismatch at record 771, column 'company_id' - found int value: 18445
2025-06-08 10:18:02,553 [ERROR] DatabaseManager - DEBUG: Potential mismatch at record 777, column 'company_id' - found int value: 129178
2025-06-08 10:18:02,553 [ERROR] DatabaseManager - DEBUG: Potential mismatch at record 811, column 'company_id' - found int value: 18445
2025-06-08 10:18:02,553 [ERROR] DatabaseManager - DEBUG: Potential mismatch at record 842, column 'company_id' - found int value: 2082
2025-06-08 10:18:02,554 [ERROR] DatabaseManager - DEBUG: Potential mismatch at record 889, column 'company_id' - found int value: 2529
2025-06-08 10:18:02,554 [ERROR] DatabaseManager - DEBUG: Potential mismatch at record 923, column 'company_id' - found int value: 52049
2025-06-08 10:18:02,554 [ERROR] DatabaseManager - DEBUG: Potential mismatch at record 954, column 'company_id' - found int value: 9709
2025-06-08 10:18:02,554 [ERROR] DatabaseManager - DEBUG: Potential mismatch at record 969, column 'company_id' - found int value: 49364
2025-06-08 10:18:02,554 [ERROR] DatabaseManager - DEBUG: Potential mismatch at record 998, column 'company_id' - found int value: 109538
2025-06-08 10:18:02,554 [ERROR] DatabaseManager - DEBUG: Potential mismatch at record 999, column 'company_id' - found int value: 109538
2025-06-08 10:18:02,688 [ERROR] DatabaseManager - Error inserting jobs into database: insert or update on table "jobs" violates foreign key constraint "jobs_job_board_id_fkey"
DETAIL:  Key (job_board_id)=(1) is not present in table "job_boards".
2025-06-08 10:18:02,690 [ERROR] DatabaseManager - Traceback (most recent call last):
  File "/app/src/db_manager.py", line 364, in insert_jobs
    result = await conn.execute(upsert_query)
             ^^^^^^^^^^^^^^^^^^^^^^^^^^^^^^^^
  File "/usr/local/lib/python3.11/site-packages/asyncpg/connection.py", line 350, in execute
    result = await self._protocol.query(query, timeout)
             ^^^^^^^^^^^^^^^^^^^^^^^^^^^^^^^^^^^^^^^^^^
  File "asyncpg/protocol/protocol.pyx", line 374, in query
asyncpg.exceptions.ForeignKeyViolationError: insert or update on table "jobs" violates foreign key constraint "jobs_job_board_id_fkey"
DETAIL:  Key (job_board_id)=(1) is not present in table "job_boards".

