2025-06-08 10:15:32,853 [INFO] JobScraper - Logger JobScraper initialized at level INFO. Log file: job_data/logs/JobScraper_20250608_101532.log
2025-06-08 10:15:32,887 [INFO] JobScraper - JobScraper initialized successfully. Database Enabled? True
2025-06-08 10:15:32,887 [INFO] JobScraper - Initializing database connection (JobScraper)...
2025-06-08 10:15:33,466 [INFO] JobScraper - Starting job scraper run().
2025-06-08 10:15:33,466 [INFO] JobScraper - Initializing database connection (JobScraper)...
2025-06-08 10:15:35,004 [INFO] JobScraper - Successfully fetched page 1 on attempt 1 in 1.04 s
2025-06-08 10:15:35,009 [INFO] JobScraper - Retrieved 50 jobs from page 1
2025-06-08 10:15:36,262 [INFO] JobScraper - Successfully fetched page 2 on attempt 1 in 0.75 s
2025-06-08 10:15:36,263 [INFO] JobScraper - Retrieved 50 jobs from page 2
2025-06-08 10:15:37,432 [INFO] JobScraper - Successfully fetched page 3 on attempt 1 in 0.67 s
2025-06-08 10:15:37,432 [INFO] JobScraper - Retrieved 50 jobs from page 3
2025-06-08 10:15:38,637 [INFO] JobScraper - Successfully fetched page 4 on attempt 1 in 0.70 s
2025-06-08 10:15:38,638 [INFO] JobScraper - Retrieved 50 jobs from page 4
2025-06-08 10:15:39,801 [INFO] JobScraper - Successfully fetched page 5 on attempt 1 in 0.66 s
2025-06-08 10:15:39,802 [INFO] JobScraper - Retrieved 50 jobs from page 5
2025-06-08 10:15:40,983 [INFO] JobScraper - Successfully fetched page 6 on attempt 1 in 0.68 s
2025-06-08 10:15:40,984 [INFO] JobScraper - Retrieved 50 jobs from page 6
2025-06-08 10:15:42,156 [INFO] JobScraper - Successfully fetched page 7 on attempt 1 in 0.67 s
2025-06-08 10:15:42,157 [INFO] JobScraper - Retrieved 50 jobs from page 7
2025-06-08 10:15:43,399 [INFO] JobScraper - Successfully fetched page 8 on attempt 1 in 0.74 s
2025-06-08 10:15:43,400 [INFO] JobScraper - Retrieved 50 jobs from page 8
2025-06-08 10:15:44,540 [INFO] JobScraper - Successfully fetched page 9 on attempt 1 in 0.64 s
2025-06-08 10:15:44,541 [INFO] JobScraper - Retrieved 50 jobs from page 9
2025-06-08 10:15:45,714 [INFO] JobScraper - Successfully fetched page 10 on attempt 1 in 0.67 s
2025-06-08 10:15:45,715 [INFO] JobScraper - Retrieved 50 jobs from page 10
2025-06-08 10:15:46,894 [INFO] JobScraper - Successfully fetched page 11 on attempt 1 in 0.68 s
2025-06-08 10:15:46,895 [INFO] JobScraper - Retrieved 50 jobs from page 11
2025-06-08 10:15:48,077 [INFO] JobScraper - Successfully fetched page 12 on attempt 1 in 0.68 s
2025-06-08 10:15:48,078 [INFO] JobScraper - Retrieved 50 jobs from page 12
2025-06-08 10:15:49,217 [INFO] JobScraper - Successfully fetched page 13 on attempt 1 in 0.64 s
2025-06-08 10:15:49,218 [INFO] JobScraper - Retrieved 50 jobs from page 13
2025-06-08 10:15:50,354 [INFO] JobScraper - Successfully fetched page 14 on attempt 1 in 0.63 s
2025-06-08 10:15:50,354 [INFO] JobScraper - Retrieved 50 jobs from page 14
2025-06-08 10:15:51,638 [INFO] JobScraper - Successfully fetched page 15 on attempt 1 in 0.78 s
2025-06-08 10:15:51,639 [INFO] JobScraper - Retrieved 50 jobs from page 15
2025-06-08 10:15:52,831 [INFO] JobScraper - Successfully fetched page 16 on attempt 1 in 0.69 s
2025-06-08 10:15:52,832 [INFO] JobScraper - Retrieved 50 jobs from page 16
2025-06-08 10:15:54,052 [INFO] JobScraper - Successfully fetched page 17 on attempt 1 in 0.72 s
2025-06-08 10:15:54,053 [INFO] JobScraper - Retrieved 50 jobs from page 17
2025-06-08 10:15:55,190 [INFO] JobScraper - Successfully fetched page 18 on attempt 1 in 0.64 s
2025-06-08 10:15:55,193 [INFO] JobScraper - Retrieved 50 jobs from page 18
2025-06-08 10:15:56,411 [INFO] JobScraper - Successfully fetched page 19 on attempt 1 in 0.72 s
2025-06-08 10:15:56,411 [INFO] JobScraper - Retrieved 50 jobs from page 19
2025-06-08 10:15:57,853 [INFO] JobScraper - Successfully fetched page 20 on attempt 1 in 0.94 s
2025-06-08 10:15:57,853 [INFO] JobScraper - Retrieved 50 jobs from page 20
2025-06-08 10:15:57,854 [INFO] JobScraper - Saving 1000 jobs to DB in batch_id=d0a159a7-9731-4960-a2b2-18be1b6adbdd
2025-06-08 10:15:58,134 [INFO] JobScraper - DB upsert complete: 0 jobs inserted/updated for batch d0a159a7-9731-4960-a2b2-18be1b6adbdd
2025-06-08 10:15:58,517 [INFO] JobScraper - Saved batch 0 with 1000 jobs locally. Total jobs scraped so far: 0
2025-06-08 10:15:59,681 [INFO] JobScraper - Successfully fetched page 21 on attempt 1 in 0.66 s
2025-06-08 10:15:59,682 [INFO] JobScraper - Retrieved 50 jobs from page 21
2025-06-08 10:16:00,927 [INFO] JobScraper - Successfully fetched page 22 on attempt 1 in 0.74 s
2025-06-08 10:16:00,927 [INFO] JobScraper - Retrieved 50 jobs from page 22
2025-06-08 10:16:02,157 [INFO] JobScraper - Successfully fetched page 23 on attempt 1 in 0.73 s
2025-06-08 10:16:02,158 [INFO] JobScraper - Retrieved 50 jobs from page 23
2025-06-08 10:16:03,298 [INFO] JobScraper - Successfully fetched page 24 on attempt 1 in 0.64 s
2025-06-08 10:16:03,299 [INFO] JobScraper - Retrieved 50 jobs from page 24
2025-06-08 10:16:04,502 [INFO] JobScraper - Successfully fetched page 25 on attempt 1 in 0.70 s
2025-06-08 10:16:04,502 [INFO] JobScraper - Retrieved 50 jobs from page 25
2025-06-08 10:16:05,816 [INFO] JobScraper - Successfully fetched page 26 on attempt 1 in 0.81 s
2025-06-08 10:16:05,816 [INFO] JobScraper - Retrieved 50 jobs from page 26
2025-06-08 10:16:07,046 [INFO] JobScraper - Successfully fetched page 27 on attempt 1 in 0.73 s
2025-06-08 10:16:07,046 [INFO] JobScraper - Retrieved 50 jobs from page 27
2025-06-08 10:16:08,176 [INFO] JobScraper - Successfully fetched page 28 on attempt 1 in 0.63 s
2025-06-08 10:16:08,176 [INFO] JobScraper - Retrieved 50 jobs from page 28
2025-06-08 10:16:09,363 [INFO] JobScraper - Successfully fetched page 29 on attempt 1 in 0.69 s
2025-06-08 10:16:09,363 [INFO] JobScraper - Retrieved 50 jobs from page 29
2025-06-08 10:16:10,590 [INFO] JobScraper - Successfully fetched page 30 on attempt 1 in 0.73 s
2025-06-08 10:16:10,590 [INFO] JobScraper - Retrieved 50 jobs from page 30
2025-06-08 10:16:11,829 [INFO] JobScraper - Successfully fetched page 31 on attempt 1 in 0.74 s
2025-06-08 10:16:11,830 [INFO] JobScraper - Retrieved 50 jobs from page 31
2025-06-08 10:16:12,975 [INFO] JobScraper - Successfully fetched page 32 on attempt 1 in 0.64 s
2025-06-08 10:16:12,975 [INFO] JobScraper - Retrieved 50 jobs from page 32
2025-06-08 10:16:14,142 [INFO] JobScraper - Successfully fetched page 33 on attempt 1 in 0.67 s
2025-06-08 10:16:14,142 [INFO] JobScraper - Retrieved 50 jobs from page 33
2025-06-08 10:16:15,297 [INFO] JobScraper - Successfully fetched page 34 on attempt 1 in 0.65 s
2025-06-08 10:16:15,297 [INFO] JobScraper - Retrieved 50 jobs from page 34
2025-06-08 10:16:16,491 [INFO] JobScraper - Successfully fetched page 35 on attempt 1 in 0.69 s
2025-06-08 10:16:16,491 [INFO] JobScraper - Retrieved 50 jobs from page 35
2025-06-08 10:16:17,656 [INFO] JobScraper - Successfully fetched page 36 on attempt 1 in 0.66 s
2025-06-08 10:16:17,656 [INFO] JobScraper - Retrieved 50 jobs from page 36
2025-06-08 10:16:18,994 [INFO] JobScraper - Successfully fetched page 37 on attempt 1 in 0.84 s
2025-06-08 10:16:18,994 [INFO] JobScraper - Retrieved 50 jobs from page 37
2025-06-08 10:16:20,159 [INFO] JobScraper - Successfully fetched page 38 on attempt 1 in 0.66 s
2025-06-08 10:16:20,160 [INFO] JobScraper - Retrieved 50 jobs from page 38
2025-06-08 10:16:21,414 [INFO] JobScraper - Successfully fetched page 39 on attempt 1 in 0.75 s
2025-06-08 10:16:21,414 [INFO] JobScraper - Retrieved 50 jobs from page 39
2025-06-08 10:16:22,632 [INFO] JobScraper - Successfully fetched page 40 on attempt 1 in 0.72 s
2025-06-08 10:16:22,632 [INFO] JobScraper - Retrieved 50 jobs from page 40
2025-06-08 10:16:22,632 [INFO] JobScraper - Saving 1000 jobs to DB in batch_id=d7f2225a-1c63-41b9-b779-d287d7893947
2025-06-08 10:16:22,812 [INFO] JobScraper - DB upsert complete: 0 jobs inserted/updated for batch d7f2225a-1c63-41b9-b779-d287d7893947
2025-06-08 10:16:23,047 [INFO] JobScraper - Saved batch 1 with 1000 jobs locally. Total jobs scraped so far: 1000
2025-06-08 10:16:24,233 [INFO] JobScraper - Successfully fetched page 41 on attempt 1 in 0.68 s
2025-06-08 10:16:24,234 [INFO] JobScraper - Retrieved 50 jobs from page 41
2025-06-08 10:16:25,493 [INFO] JobScraper - Successfully fetched page 42 on attempt 1 in 0.76 s
2025-06-08 10:16:25,493 [INFO] JobScraper - Retrieved 50 jobs from page 42
2025-06-08 10:16:26,655 [INFO] JobScraper - Successfully fetched page 43 on attempt 1 in 0.66 s
2025-06-08 10:16:26,656 [INFO] JobScraper - Retrieved 50 jobs from page 43
2025-06-08 10:16:27,847 [INFO] JobScraper - Successfully fetched page 44 on attempt 1 in 0.69 s
2025-06-08 10:16:27,847 [INFO] JobScraper - Retrieved 50 jobs from page 44
2025-06-08 10:16:29,022 [INFO] JobScraper - Successfully fetched page 45 on attempt 1 in 0.67 s
2025-06-08 10:16:29,022 [INFO] JobScraper - Retrieved 50 jobs from page 45
2025-06-08 10:16:30,215 [INFO] JobScraper - Successfully fetched page 46 on attempt 1 in 0.69 s
2025-06-08 10:16:30,215 [INFO] JobScraper - Retrieved 50 jobs from page 46
2025-06-08 10:16:31,409 [INFO] JobScraper - Successfully fetched page 47 on attempt 1 in 0.69 s
2025-06-08 10:16:31,409 [INFO] JobScraper - Retrieved 50 jobs from page 47
2025-06-08 10:16:32,563 [INFO] JobScraper - Successfully fetched page 48 on attempt 1 in 0.65 s
2025-06-08 10:16:32,563 [INFO] JobScraper - Retrieved 50 jobs from page 48
2025-06-08 10:16:33,775 [INFO] JobScraper - Successfully fetched page 49 on attempt 1 in 0.71 s
2025-06-08 10:16:33,776 [INFO] JobScraper - Retrieved 50 jobs from page 49
2025-06-08 10:16:34,987 [INFO] JobScraper - Successfully fetched page 50 on attempt 1 in 0.71 s
2025-06-08 10:16:34,987 [INFO] JobScraper - Retrieved 50 jobs from page 50
2025-06-08 10:16:36,201 [INFO] JobScraper - Successfully fetched page 51 on attempt 1 in 0.71 s
2025-06-08 10:16:36,202 [INFO] JobScraper - Retrieved 50 jobs from page 51
2025-06-08 10:16:37,430 [INFO] JobScraper - Successfully fetched page 52 on attempt 1 in 0.73 s
2025-06-08 10:16:37,430 [INFO] JobScraper - Retrieved 50 jobs from page 52
2025-06-08 10:16:38,641 [INFO] JobScraper - Successfully fetched page 53 on attempt 1 in 0.71 s
2025-06-08 10:16:38,641 [INFO] JobScraper - Retrieved 50 jobs from page 53
2025-06-08 10:16:39,821 [INFO] JobScraper - Successfully fetched page 54 on attempt 1 in 0.68 s
2025-06-08 10:16:39,822 [INFO] JobScraper - Retrieved 50 jobs from page 54
2025-06-08 10:16:40,984 [INFO] JobScraper - Successfully fetched page 55 on attempt 1 in 0.66 s
2025-06-08 10:16:40,985 [INFO] JobScraper - Retrieved 50 jobs from page 55
2025-06-08 10:16:42,150 [INFO] JobScraper - Successfully fetched page 56 on attempt 1 in 0.66 s
2025-06-08 10:16:42,151 [INFO] JobScraper - Retrieved 50 jobs from page 56
2025-06-08 10:16:43,317 [INFO] JobScraper - Successfully fetched page 57 on attempt 1 in 0.66 s
2025-06-08 10:16:43,317 [INFO] JobScraper - Retrieved 50 jobs from page 57
2025-06-08 10:16:44,477 [INFO] JobScraper - Successfully fetched page 58 on attempt 1 in 0.66 s
2025-06-08 10:16:44,477 [INFO] JobScraper - Retrieved 50 jobs from page 58
2025-06-08 10:16:45,642 [INFO] JobScraper - Successfully fetched page 59 on attempt 1 in 0.66 s
2025-06-08 10:16:45,643 [INFO] JobScraper - Retrieved 50 jobs from page 59
2025-06-08 10:16:46,801 [INFO] JobScraper - Successfully fetched page 60 on attempt 1 in 0.66 s
2025-06-08 10:16:46,801 [INFO] JobScraper - Retrieved 50 jobs from page 60
2025-06-08 10:16:46,801 [INFO] JobScraper - Saving 1000 jobs to DB in batch_id=0c8b0433-9384-47a8-a5e7-f066215508a4
2025-06-08 10:16:46,964 [INFO] JobScraper - DB upsert complete: 0 jobs inserted/updated for batch 0c8b0433-9384-47a8-a5e7-f066215508a4
2025-06-08 10:16:47,183 [INFO] JobScraper - Saved batch 2 with 1000 jobs locally. Total jobs scraped so far: 2000
2025-06-08 10:16:48,359 [INFO] JobScraper - Successfully fetched page 61 on attempt 1 in 0.67 s
2025-06-08 10:16:48,360 [INFO] JobScraper - Retrieved 50 jobs from page 61
2025-06-08 10:16:49,529 [INFO] JobScraper - Successfully fetched page 62 on attempt 1 in 0.67 s
2025-06-08 10:16:49,530 [INFO] JobScraper - Retrieved 50 jobs from page 62
2025-06-08 10:16:50,725 [INFO] JobScraper - Successfully fetched page 63 on attempt 1 in 0.69 s
2025-06-08 10:16:50,725 [INFO] JobScraper - Retrieved 50 jobs from page 63
2025-06-08 10:16:51,985 [INFO] JobScraper - Successfully fetched page 64 on attempt 1 in 0.76 s
2025-06-08 10:16:51,986 [INFO] JobScraper - Retrieved 50 jobs from page 64
2025-06-08 10:16:53,198 [INFO] JobScraper - Successfully fetched page 65 on attempt 1 in 0.71 s
2025-06-08 10:16:53,198 [INFO] JobScraper - Retrieved 50 jobs from page 65
2025-06-08 10:16:54,347 [INFO] JobScraper - Successfully fetched page 66 on attempt 1 in 0.65 s
2025-06-08 10:16:54,347 [INFO] JobScraper - Retrieved 50 jobs from page 66
2025-06-08 10:16:55,551 [INFO] JobScraper - Successfully fetched page 67 on attempt 1 in 0.70 s
2025-06-08 10:16:55,551 [INFO] JobScraper - Retrieved 50 jobs from page 67
2025-06-08 10:16:56,711 [INFO] JobScraper - Successfully fetched page 68 on attempt 1 in 0.66 s
2025-06-08 10:16:56,712 [INFO] JobScraper - Retrieved 50 jobs from page 68
2025-06-08 10:16:57,901 [INFO] JobScraper - Successfully fetched page 69 on attempt 1 in 0.69 s
2025-06-08 10:16:57,902 [INFO] JobScraper - Retrieved 50 jobs from page 69
2025-06-08 10:16:59,142 [INFO] JobScraper - Successfully fetched page 70 on attempt 1 in 0.74 s
2025-06-08 10:16:59,142 [INFO] JobScraper - Retrieved 50 jobs from page 70
2025-06-08 10:17:00,296 [INFO] JobScraper - Successfully fetched page 71 on attempt 1 in 0.65 s
2025-06-08 10:17:00,297 [INFO] JobScraper - Retrieved 50 jobs from page 71
2025-06-08 10:17:01,557 [INFO] JobScraper - Successfully fetched page 72 on attempt 1 in 0.76 s
2025-06-08 10:17:01,557 [INFO] JobScraper - Retrieved 50 jobs from page 72
2025-06-08 10:17:02,765 [INFO] JobScraper - Successfully fetched page 73 on attempt 1 in 0.71 s
2025-06-08 10:17:02,765 [INFO] JobScraper - Retrieved 50 jobs from page 73
2025-06-08 10:17:04,011 [INFO] JobScraper - Successfully fetched page 74 on attempt 1 in 0.74 s
2025-06-08 10:17:04,011 [INFO] JobScraper - Retrieved 50 jobs from page 74
2025-06-08 10:17:05,241 [INFO] JobScraper - Successfully fetched page 75 on attempt 1 in 0.73 s
2025-06-08 10:17:05,241 [INFO] JobScraper - Retrieved 50 jobs from page 75
2025-06-08 10:17:06,494 [INFO] JobScraper - Successfully fetched page 76 on attempt 1 in 0.75 s
2025-06-08 10:17:06,494 [INFO] JobScraper - Retrieved 50 jobs from page 76
2025-06-08 10:17:07,691 [INFO] JobScraper - Successfully fetched page 77 on attempt 1 in 0.70 s
2025-06-08 10:17:07,691 [INFO] JobScraper - Retrieved 50 jobs from page 77
2025-06-08 10:17:08,896 [INFO] JobScraper - Successfully fetched page 78 on attempt 1 in 0.70 s
2025-06-08 10:17:08,896 [INFO] JobScraper - Retrieved 50 jobs from page 78
2025-06-08 10:17:10,246 [INFO] JobScraper - Successfully fetched page 79 on attempt 1 in 0.85 s
2025-06-08 10:17:10,247 [INFO] JobScraper - Retrieved 50 jobs from page 79
2025-06-08 10:17:11,457 [INFO] JobScraper - Successfully fetched page 80 on attempt 1 in 0.71 s
2025-06-08 10:17:11,457 [INFO] JobScraper - Retrieved 50 jobs from page 80
2025-06-08 10:17:11,457 [INFO] JobScraper - Saving 1000 jobs to DB in batch_id=16fe4ccd-ba1a-4b8b-9bbf-a1452db59465
2025-06-08 10:17:11,606 [INFO] JobScraper - DB upsert complete: 0 jobs inserted/updated for batch 16fe4ccd-ba1a-4b8b-9bbf-a1452db59465
2025-06-08 10:17:11,817 [INFO] JobScraper - Saved batch 3 with 1000 jobs locally. Total jobs scraped so far: 3000
2025-06-08 10:17:13,119 [INFO] JobScraper - Successfully fetched page 81 on attempt 1 in 0.80 s
2025-06-08 10:17:13,120 [INFO] JobScraper - Retrieved 50 jobs from page 81
2025-06-08 10:17:14,323 [INFO] JobScraper - Successfully fetched page 82 on attempt 1 in 0.70 s
2025-06-08 10:17:14,323 [INFO] JobScraper - Retrieved 50 jobs from page 82
2025-06-08 10:17:15,541 [INFO] JobScraper - Successfully fetched page 83 on attempt 1 in 0.72 s
2025-06-08 10:17:15,541 [INFO] JobScraper - Retrieved 50 jobs from page 83
2025-06-08 10:17:16,729 [INFO] JobScraper - Successfully fetched page 84 on attempt 1 in 0.69 s
2025-06-08 10:17:16,730 [INFO] JobScraper - Retrieved 50 jobs from page 84
2025-06-08 10:17:17,989 [INFO] JobScraper - Successfully fetched page 85 on attempt 1 in 0.76 s
2025-06-08 10:17:17,989 [INFO] JobScraper - Retrieved 50 jobs from page 85
2025-06-08 10:17:19,279 [INFO] JobScraper - Successfully fetched page 86 on attempt 1 in 0.79 s
2025-06-08 10:17:19,279 [INFO] JobScraper - Retrieved 50 jobs from page 86
2025-06-08 10:17:20,490 [INFO] JobScraper - Successfully fetched page 87 on attempt 1 in 0.71 s
2025-06-08 10:17:20,490 [INFO] JobScraper - Retrieved 50 jobs from page 87
2025-06-08 10:17:21,698 [INFO] JobScraper - Successfully fetched page 88 on attempt 1 in 0.71 s
2025-06-08 10:17:21,699 [INFO] JobScraper - Retrieved 50 jobs from page 88
2025-06-08 10:17:22,880 [INFO] JobScraper - Successfully fetched page 89 on attempt 1 in 0.68 s
2025-06-08 10:17:22,880 [INFO] JobScraper - Retrieved 50 jobs from page 89
2025-06-08 10:17:24,328 [INFO] JobScraper - Successfully fetched page 90 on attempt 1 in 0.95 s
2025-06-08 10:17:24,328 [INFO] JobScraper - Retrieved 50 jobs from page 90
2025-06-08 10:17:25,738 [INFO] JobScraper - Successfully fetched page 91 on attempt 1 in 0.91 s
2025-06-08 10:17:25,738 [INFO] JobScraper - Retrieved 50 jobs from page 91
2025-06-08 10:17:26,903 [INFO] JobScraper - Successfully fetched page 92 on attempt 1 in 0.66 s
2025-06-08 10:17:26,903 [INFO] JobScraper - Retrieved 50 jobs from page 92
2025-06-08 10:17:28,095 [INFO] JobScraper - Successfully fetched page 93 on attempt 1 in 0.69 s
2025-06-08 10:17:28,095 [INFO] JobScraper - Retrieved 50 jobs from page 93
2025-06-08 10:17:29,335 [INFO] JobScraper - Successfully fetched page 94 on attempt 1 in 0.74 s
2025-06-08 10:17:29,336 [INFO] JobScraper - Retrieved 50 jobs from page 94
2025-06-08 10:17:30,585 [INFO] JobScraper - Successfully fetched page 95 on attempt 1 in 0.75 s
2025-06-08 10:17:30,585 [INFO] JobScraper - Retrieved 50 jobs from page 95
2025-06-08 10:17:31,834 [INFO] JobScraper - Successfully fetched page 96 on attempt 1 in 0.75 s
2025-06-08 10:17:31,834 [INFO] JobScraper - Retrieved 50 jobs from page 96
2025-06-08 10:17:33,098 [INFO] JobScraper - Successfully fetched page 97 on attempt 1 in 0.76 s
2025-06-08 10:17:33,098 [INFO] JobScraper - Retrieved 50 jobs from page 97
2025-06-08 10:17:34,402 [INFO] JobScraper - Successfully fetched page 98 on attempt 1 in 0.80 s
2025-06-08 10:17:34,402 [INFO] JobScraper - Retrieved 50 jobs from page 98
2025-06-08 10:17:35,675 [INFO] JobScraper - Successfully fetched page 99 on attempt 1 in 0.77 s
2025-06-08 10:17:35,675 [INFO] JobScraper - Retrieved 50 jobs from page 99
2025-06-08 10:17:36,861 [INFO] JobScraper - Successfully fetched page 100 on attempt 1 in 0.69 s
2025-06-08 10:17:36,862 [INFO] JobScraper - Retrieved 50 jobs from page 100
2025-06-08 10:17:36,862 [INFO] JobScraper - Saving 1000 jobs to DB in batch_id=d5e94fe1-85b1-4fe0-af0a-c329198b9104
2025-06-08 10:17:37,028 [INFO] JobScraper - DB upsert complete: 0 jobs inserted/updated for batch d5e94fe1-85b1-4fe0-af0a-c329198b9104
2025-06-08 10:17:37,276 [INFO] JobScraper - Saved batch 4 with 1000 jobs locally. Total jobs scraped so far: 4000
2025-06-08 10:17:38,463 [INFO] JobScraper - Successfully fetched page 101 on attempt 1 in 0.68 s
2025-06-08 10:17:38,463 [INFO] JobScraper - Retrieved 50 jobs from page 101
2025-06-08 10:17:39,878 [INFO] JobScraper - Successfully fetched page 102 on attempt 1 in 0.91 s
2025-06-08 10:17:39,878 [INFO] JobScraper - Retrieved 50 jobs from page 102
2025-06-08 10:17:41,128 [INFO] JobScraper - Successfully fetched page 103 on attempt 1 in 0.75 s
2025-06-08 10:17:41,128 [INFO] JobScraper - Retrieved 50 jobs from page 103
2025-06-08 10:17:42,442 [INFO] JobScraper - Successfully fetched page 104 on attempt 1 in 0.81 s
2025-06-08 10:17:42,442 [INFO] JobScraper - Retrieved 50 jobs from page 104
2025-06-08 10:17:43,738 [INFO] JobScraper - Successfully fetched page 105 on attempt 1 in 0.79 s
2025-06-08 10:17:43,738 [INFO] JobScraper - Retrieved 50 jobs from page 105
2025-06-08 10:17:44,958 [INFO] JobScraper - Successfully fetched page 106 on attempt 1 in 0.72 s
2025-06-08 10:17:44,959 [INFO] JobScraper - Retrieved 50 jobs from page 106
2025-06-08 10:17:46,212 [INFO] JobScraper - Successfully fetched page 107 on attempt 1 in 0.75 s
2025-06-08 10:17:46,212 [INFO] JobScraper - Retrieved 50 jobs from page 107
2025-06-08 10:17:47,463 [INFO] JobScraper - Successfully fetched page 108 on attempt 1 in 0.75 s
2025-06-08 10:17:47,463 [INFO] JobScraper - Retrieved 50 jobs from page 108
2025-06-08 10:17:48,771 [INFO] JobScraper - Successfully fetched page 109 on attempt 1 in 0.81 s
2025-06-08 10:17:48,772 [INFO] JobScraper - Retrieved 50 jobs from page 109
2025-06-08 10:17:49,947 [INFO] JobScraper - Successfully fetched page 110 on attempt 1 in 0.68 s
2025-06-08 10:17:49,948 [INFO] JobScraper - Retrieved 50 jobs from page 110
2025-06-08 10:17:51,255 [INFO] JobScraper - Successfully fetched page 111 on attempt 1 in 0.81 s
2025-06-08 10:17:51,256 [INFO] JobScraper - Retrieved 50 jobs from page 111
2025-06-08 10:17:52,455 [INFO] JobScraper - Successfully fetched page 112 on attempt 1 in 0.70 s
2025-06-08 10:17:52,455 [INFO] JobScraper - Retrieved 50 jobs from page 112
2025-06-08 10:17:53,760 [INFO] JobScraper - Successfully fetched page 113 on attempt 1 in 0.80 s
2025-06-08 10:17:53,760 [INFO] JobScraper - Retrieved 50 jobs from page 113
2025-06-08 10:17:55,007 [INFO] JobScraper - Successfully fetched page 114 on attempt 1 in 0.75 s
2025-06-08 10:17:55,008 [INFO] JobScraper - Retrieved 50 jobs from page 114
2025-06-08 10:17:56,293 [INFO] JobScraper - Successfully fetched page 115 on attempt 1 in 0.78 s
2025-06-08 10:17:56,293 [INFO] JobScraper - Retrieved 50 jobs from page 115
2025-06-08 10:17:57,560 [INFO] JobScraper - Successfully fetched page 116 on attempt 1 in 0.77 s
2025-06-08 10:17:57,560 [INFO] JobScraper - Retrieved 50 jobs from page 116
2025-06-08 10:17:58,804 [INFO] JobScraper - Successfully fetched page 117 on attempt 1 in 0.74 s
2025-06-08 10:17:58,804 [INFO] JobScraper - Retrieved 50 jobs from page 117
2025-06-08 10:17:59,992 [INFO] JobScraper - Successfully fetched page 118 on attempt 1 in 0.69 s
2025-06-08 10:17:59,993 [INFO] JobScraper - Retrieved 50 jobs from page 118
2025-06-08 10:18:01,283 [INFO] JobScraper - Successfully fetched page 119 on attempt 1 in 0.79 s
2025-06-08 10:18:01,283 [INFO] JobScraper - Retrieved 50 jobs from page 119
2025-06-08 10:18:02,499 [INFO] JobScraper - Successfully fetched page 120 on attempt 1 in 0.72 s
2025-06-08 10:18:02,500 [INFO] JobScraper - Retrieved 50 jobs from page 120
2025-06-08 10:18:02,500 [INFO] JobScraper - Saving 1000 jobs to DB in batch_id=3ba43ec2-5cf5-4758-82a2-c4133b027e3d
2025-06-08 10:18:02,714 [INFO] JobScraper - DB upsert complete: 0 jobs inserted/updated for batch 3ba43ec2-5cf5-4758-82a2-c4133b027e3d
2025-06-08 10:18:02,945 [INFO] JobScraper - Saved batch 5 with 1000 jobs locally. Total jobs scraped so far: 5000
2025-06-08 10:18:04,225 [INFO] JobScraper - Successfully fetched page 121 on attempt 1 in 0.77 s
2025-06-08 10:18:04,226 [INFO] JobScraper - Retrieved 50 jobs from page 121
2025-06-08 10:18:05,634 [INFO] JobScraper - Successfully fetched page 122 on attempt 1 in 0.91 s
2025-06-08 10:18:05,634 [INFO] JobScraper - Retrieved 50 jobs from page 122
2025-06-08 10:18:07,001 [INFO] JobScraper - Successfully fetched page 123 on attempt 1 in 0.87 s
2025-06-08 10:18:07,001 [INFO] JobScraper - Retrieved 50 jobs from page 123
2025-06-08 10:18:08,300 [INFO] JobScraper - Successfully fetched page 124 on attempt 1 in 0.80 s
2025-06-08 10:18:08,300 [INFO] JobScraper - Retrieved 50 jobs from page 124
2025-06-08 10:18:09,737 [INFO] JobScraper - Successfully fetched page 125 on attempt 1 in 0.94 s
2025-06-08 10:18:09,737 [INFO] JobScraper - Retrieved 50 jobs from page 125
2025-06-08 10:18:10,991 [INFO] JobScraper - Successfully fetched page 126 on attempt 1 in 0.75 s
2025-06-08 10:18:10,992 [INFO] JobScraper - Retrieved 50 jobs from page 126
2025-06-08 10:18:12,369 [INFO] JobScraper - Successfully fetched page 127 on attempt 1 in 0.88 s
2025-06-08 10:18:12,369 [INFO] JobScraper - Retrieved 50 jobs from page 127
