/usr/local/lib/python3.11/site-packages/pydantic/_internal/_fields.py:186: UserWarning: Field name "schema" shadows an attribute in parent "ConfigBase"; 
  warnings.warn(
2025-06-08 10:15:23,408 [INFO] ConfigManager - Logger ConfigManager initialized at level INFO. Log file: job_data/logs/ConfigManager_20250608_101523.log
2025-06-08 10:15:24,160 [INFO] DatabaseManager - Logger DatabaseManager initialized at level INFO. Log file: job_data/logs/DatabaseManager_20250608_101524.log
2025-06-08 10:15:24,442 [INFO] health_check - Logger health_check initialized at level INFO. Log file: job_data/logs/health_check_20250608_101524.log
2025-06-08 10:15:24,443 [INFO] main - Logger main initialized at level INFO. Log file: job_data/logs/main_20250608_101524.log
2025-06-08 10:15:25,628 [INFO] DatabaseManager - Connected to database: PostgreSQL 15.13 on x86_64-pc-linux-musl, compiled by gcc (Alpine 14.2.0) 14.2.0, 64-bit
2025-06-08 10:15:25,801 [ERROR] DatabaseManager - Failed to initialize database: duplicate key value violates unique constraint "pg_type_typname_nsp_index"
DETAIL:  Key (typname, typnamespace)=(jobs_temp, 2200) already exists.
2025-06-08 10:15:25,803 [ERROR] DatabaseManager - Traceback (most recent call last):
  File "/app/src/db_manager.py", line 91, in initialize
    await self._create_tables()
  File "/app/src/db_manager.py", line 194, in _create_tables
    await conn.execute(
  File "/usr/local/lib/python3.11/site-packages/asyncpg/connection.py", line 350, in execute
    result = await self._protocol.query(query, timeout)
             ^^^^^^^^^^^^^^^^^^^^^^^^^^^^^^^^^^^^^^^^^^
  File "asyncpg/protocol/protocol.pyx", line 374, in query
asyncpg.exceptions.UniqueViolationError: duplicate key value violates unique constraint "pg_type_typname_nsp_index"
DETAIL:  Key (typname, typnamespace)=(jobs_temp, 2200) already exists.

2025-06-08 10:15:25,803 [ERROR] main - Failed to initialize database connection
2025-06-08 10:15:25,803 [ERROR] main - Error during startup: Database initialization failed
2025-06-08 10:15:25,833 [INFO] DatabaseManager - Database connections closed
Fatal error in main(): Database initialization failed
